[  0%] Built target std_msgs_generate_messages_cpp
[  0%] Built target nav_msgs_generate_messages_cpp
[  0%] Built target _imc_ros_bridge_generate_messages_check_deps_EstimatedState
[  0%] Built target _imc_ros_bridge_generate_messages_check_deps_PlanDB
[  0%] Built target _imc_ros_bridge_generate_messages_check_deps_PlanControlState
[  0%] Built target _imc_ros_bridge_generate_messages_check_deps_DesiredZ
[  0%] Built target _imc_ros_bridge_generate_messages_check_deps_DesiredPitch
[  0%] Built target _imc_ros_bridge_generate_messages_check_deps_DesiredRoll
[  0%] Built target _imc_ros_bridge_generate_messages_check_deps_PlanDBInformation
[  0%] Built target _imc_ros_bridge_generate_messages_check_deps_DesiredSpeed
[  0%] Built target _imc_ros_bridge_generate_messages_check_deps_PlanSpecification
[  0%] Built target _imc_ros_bridge_generate_messages_check_deps_DesiredHeading
[  0%] Built target sensor_msgs_generate_messages_cpp
[  0%] Built target _imc_ros_bridge_generate_messages_check_deps_VehicleState
[  0%] Built target geometry_msgs_generate_messages_cpp
[  0%] Built target _imc_ros_bridge_generate_messages_check_deps_Maneuver
[  0%] Built target _imc_ros_bridge_generate_messages_check_deps_PlanManeuver
[  1%] Built target ros_to_imc_gpsnavdata
[  2%] Built target ros_to_imc_goto
[  2%] Built target _imc_ros_bridge_generate_messages_check_deps_PlanControl
[  3%] Built target imc_to_ros_abort
[  4%] Built target imc_factory
[  4%] Built target _imc_ros_bridge_generate_messages_check_deps_PolygonVertex
[  4%] Built target _imc_ros_bridge_generate_messages_check_deps_RemoteState
[  4%] Built target _imc_ros_bridge_generate_messages_check_deps_SonarData
[  6%] Built target ros_to_imc_gpsfix
[  7%] Built target imc_to_ros_goto
[  7%] Built target _imc_ros_bridge_generate_messages_check_deps_PlanDBState
[  7%] Built target sensor_msgs_generate_messages_py
[  7%] Built target _imc_ros_bridge_generate_messages_check_deps_DesiredHeadingRate
[  8%] Built target md5
[  8%] Built target geometry_msgs_generate_messages_py
[  9%] Built target ros_to_imc_heartbeat
[  9%] Built target std_msgs_generate_messages_py
[ 10%] Built target geometry_msgs_generate_messages_eus
[ 11%] Built target imc_to_ros_heartbeat
[ 11%] Built target nav_msgs_generate_messages_eus
[ 11%] Built target nav_msgs_generate_messages_py
[ 11%] Built target sensor_msgs_generate_messages_eus
[ 11%] Built target std_msgs_generate_messages_eus
[ 11%] Built target geometry_msgs_generate_messages_lisp
[ 11%] Built target sensor_msgs_generate_messages_lisp
[ 11%] Built target nav_msgs_generate_messages_lisp
[ 11%] Built target nav_msgs_generate_messages_nodejs
[ 11%] Built target std_msgs_generate_messages_lisp
[ 11%] Built target geometry_msgs_generate_messages_nodejs
[ 24%] Built target imc_ros_bridge_generate_messages_cpp
[ 24%] Built target sensor_msgs_generate_messages_nodejs
[ 24%] Built target std_msgs_generate_messages_nodejs
[ 26%] Built target udp_link
[ 40%] Built target imc_ros_bridge_generate_messages_py
[ 54%] Built target imc_ros_bridge_generate_messages_eus
[ 66%] Built target imc_ros_bridge_generate_messages_lisp
[ 68%] Built target ros_to_imc_DesiredSpeed
[ 69%] Built target ros_to_imc_DesiredRoll
[ 72%] Built target ros_to_imc_DesiredPitch
[ 72%] Built target imc_to_ros_plancontrol
[ 73%] Built target ros_to_imc_DesiredHeadingRate
[ 74%] Built target ros_to_imc_remotestate
[ 75%] Built target imc_to_ros_plandb
[ 76%] Built target ros_to_imc_estimatedstate
[ 77%] Built target ros_to_imc_DesiredZ
[ 78%] Built target ros_to_imc_plancontrolstate
[ 79%] Built target imc_handle
[ 80%] Built target ros_to_imc_sonardata
[ 82%] Built target ros_to_imc_DesiredHeading
[ 95%] Built target imc_ros_bridge_generate_messages_nodejs
[ 97%] Built target ros_to_imc_plandb
[ 98%] Built target ros_to_imc_vehiclestate
[ 98%] Built target imc_ros_bridge_generate_messages
[100%] Built target bridge_node
