[  0%] Built target nav_msgs_generate_messages_cpp
[  0%] Built target _imc_ros_bridge_generate_messages_check_deps_DesiredZ
[  0%] Built target _imc_ros_bridge_generate_messages_check_deps_DesiredPitch
[  0%] Built target _imc_ros_bridge_generate_messages_check_deps_PlanDBInformation
[  0%] Built target _imc_ros_bridge_generate_messages_check_deps_PlanDB
[  0%] Built target _imc_ros_bridge_generate_messages_check_deps_DesiredSpeed
[  0%] Built target _imc_ros_bridge_generate_messages_check_deps_VehicleState
[  0%] Built target _imc_ros_bridge_generate_messages_check_deps_DesiredRoll
[  0%] Built target _imc_ros_bridge_generate_messages_check_deps_EstimatedState
[  0%] Built target _imc_ros_bridge_generate_messages_check_deps_PlanSpecification
[  0%] Built target _imc_ros_bridge_generate_messages_check_deps_PlanControlState
[  0%] Built target std_msgs_generate_messages_cpp
[  0%] Built target _imc_ros_bridge_generate_messages_check_deps_DesiredHeading
[  0%] Built target sensor_msgs_generate_messages_cpp
[  0%] Built target geometry_msgs_generate_messages_cpp
[  1%] Built target ros_to_imc_goto
[  2%] Built target ros_to_imc_gpsnavdata
[  2%] Built target _imc_ros_bridge_generate_messages_check_deps_Maneuver
[  2%] Built target _imc_ros_bridge_generate_messages_check_deps_PolygonVertex
[  3%] Built target _imc_ros_bridge_generate_messages_check_deps_PlanManeuver
[  3%] Built target imc_to_ros_abort
[  3%] Built target _imc_ros_bridge_generate_messages_check_deps_RemoteState
[  3%] Built target _imc_ros_bridge_generate_messages_check_deps_PlanControl
[  4%] Built target imc_factory
[  4%] Built target _imc_ros_bridge_generate_messages_check_deps_PlanDBState
[  4%] Built target _imc_ros_bridge_generate_messages_check_deps_SonarData
[  5%] Built target imc_to_ros_goto
[  5%] Built target _imc_ros_bridge_generate_messages_check_deps_DesiredHeadingRate
[  7%] Built target ros_to_imc_gpsfix
[  8%] Built target ros_to_imc_heartbeat
[  8%] Built target geometry_msgs_generate_messages_py
[  8%] Built target sensor_msgs_generate_messages_py
[  8%] Built target std_msgs_generate_messages_py
[  9%] Built target md5
[  9%] Built target nav_msgs_generate_messages_py
[ 11%] Built target imc_to_ros_heartbeat
[ 11%] Built target geometry_msgs_generate_messages_eus
[ 11%] Built target std_msgs_generate_messages_eus
[ 11%] Built target nav_msgs_generate_messages_lisp
[ 11%] Built target sensor_msgs_generate_messages_eus
[ 11%] Built target geometry_msgs_generate_messages_lisp
[ 11%] Built target nav_msgs_generate_messages_eus
[ 11%] Built target sensor_msgs_generate_messages_lisp
[ 11%] Built target sensor_msgs_generate_messages_nodejs
[ 11%] Built target nav_msgs_generate_messages_nodejs
[ 24%] Built target imc_ros_bridge_generate_messages_cpp
[ 24%] Built target std_msgs_generate_messages_lisp
[ 24%] Built target geometry_msgs_generate_messages_nodejs
[ 24%] Built target std_msgs_generate_messages_nodejs
[ 26%] Built target udp_link
[ 40%] Built target imc_ros_bridge_generate_messages_py
[ 54%] Built target imc_ros_bridge_generate_messages_eus
[ 55%] Built target imc_to_ros_plancontrol
[ 58%] Built target ros_to_imc_DesiredSpeed
[ 60%] Built target ros_to_imc_DesiredHeading
[ 61%] Built target ros_to_imc_DesiredRoll
[ 63%] Built target ros_to_imc_plandb
[ 64%] Built target ros_to_imc_estimatedstate
[ 66%] Built target imc_to_ros_plandb
[ 66%] Built target ros_to_imc_DesiredPitch
[ 67%] Built target ros_to_imc_DesiredHeadingRate
[ 68%] Built target ros_to_imc_remotestate
[ 69%] Built target ros_to_imc_DesiredZ
[ 70%] Built target ros_to_imc_vehiclestate
[ 72%] Built target ros_to_imc_plancontrolstate
[ 75%] Built target ros_to_imc_sonardata
[ 86%] Built target imc_ros_bridge_generate_messages_nodejs
[ 87%] Built target imc_handle
[ 98%] Built target imc_ros_bridge_generate_messages_lisp
[ 98%] Built target imc_ros_bridge_generate_messages
[100%] Built target bridge_node
