[  0%] Built target std_msgs_generate_messages_cpp
[  0%] Built target nav_msgs_generate_messages_cpp
[  0%] Built target _imc_ros_bridge_generate_messages_check_deps_EstimatedState
[  0%] Built target _imc_ros_bridge_generate_messages_check_deps_DesiredPitch
[  0%] Built target sensor_msgs_generate_messages_cpp
[  0%] Built target _imc_ros_bridge_generate_messages_check_deps_DesiredSpeed
[  0%] Built target _imc_ros_bridge_generate_messages_check_deps_DesiredHeading
[  0%] Built target _imc_ros_bridge_generate_messages_check_deps_VehicleState
[  0%] Built target _imc_ros_bridge_generate_messages_check_deps_PlanDBInformation
[  0%] Built target _imc_ros_bridge_generate_messages_check_deps_DesiredRoll
[  0%] Built target _imc_ros_bridge_generate_messages_check_deps_PlanDB
[  0%] Built target _imc_ros_bridge_generate_messages_check_deps_PlanControlState
[  0%] Built target _imc_ros_bridge_generate_messages_check_deps_PlanSpecification
[  0%] Built target _imc_ros_bridge_generate_messages_check_deps_DesiredZ
[  0%] Built target _imc_ros_bridge_generate_messages_check_deps_Maneuver
[  0%] Built target geometry_msgs_generate_messages_cpp
[  0%] Built target _imc_ros_bridge_generate_messages_check_deps_PlanManeuver
[  1%] Built target imc_factory
[  2%] Built target ros_to_imc_goto
[  4%] Built target ros_to_imc_gpsfix
[  5%] Built target ros_to_imc_gpsnavdata
[  6%] Built target imc_to_ros_abort
[  7%] Built target ros_to_imc_heartbeat
[  8%] Built target imc_to_ros_goto
[  9%] Built target md5
[  9%] Built target _imc_ros_bridge_generate_messages_check_deps_PolygonVertex
[  9%] Built target _imc_ros_bridge_generate_messages_check_deps_RemoteState
[  9%] Built target _imc_ros_bridge_generate_messages_check_deps_PlanDBState
[  9%] Built target _imc_ros_bridge_generate_messages_check_deps_PlanControl
[  9%] Built target std_msgs_generate_messages_py
[ 10%] Built target _imc_ros_bridge_generate_messages_check_deps_SonarData
[ 11%] Built target imc_to_ros_heartbeat
[ 11%] Built target _imc_ros_bridge_generate_messages_check_deps_DesiredHeadingRate
[ 11%] Built target nav_msgs_generate_messages_py
[ 11%] Built target sensor_msgs_generate_messages_py
[ 11%] Built target geometry_msgs_generate_messages_py
[ 11%] Built target nav_msgs_generate_messages_lisp
[ 11%] Built target sensor_msgs_generate_messages_eus
[ 11%] Built target geometry_msgs_generate_messages_eus
[ 11%] Built target std_msgs_generate_messages_eus
[ 11%] Built target nav_msgs_generate_messages_eus
[ 11%] Built target geometry_msgs_generate_messages_lisp
[ 11%] Built target std_msgs_generate_messages_lisp
[ 11%] Built target sensor_msgs_generate_messages_lisp
[ 11%] Built target sensor_msgs_generate_messages_nodejs
[ 11%] Built target nav_msgs_generate_messages_nodejs
[ 11%] Built target std_msgs_generate_messages_nodejs
[ 11%] Built target geometry_msgs_generate_messages_nodejs
[ 24%] Built target imc_ros_bridge_generate_messages_cpp
[ 38%] Built target imc_ros_bridge_generate_messages_py
[ 40%] Built target udp_link
[ 54%] Built target imc_ros_bridge_generate_messages_eus
[ 66%] Built target imc_ros_bridge_generate_messages_lisp
[ 79%] Built target imc_ros_bridge_generate_messages_nodejs
[ 80%] Built target ros_to_imc_DesiredPitch
[ 82%] Built target ros_to_imc_DesiredHeading
[ 83%] Built target imc_to_ros_plandb
[ 84%] Built target ros_to_imc_DesiredRoll
[ 86%] Built target ros_to_imc_remotestate
[ 87%] Built target imc_to_ros_plancontrol
[ 89%] Built target ros_to_imc_DesiredSpeed
[ 90%] Built target ros_to_imc_DesiredHeadingRate
[ 92%] Built target ros_to_imc_DesiredZ
[ 92%] Built target ros_to_imc_plancontrolstate
[ 94%] Built target ros_to_imc_plandb
[ 95%] Built target ros_to_imc_estimatedstate
[ 96%] Built target ros_to_imc_sonardata
[ 97%] Built target ros_to_imc_vehiclestate
[ 98%] Built target imc_handle
[ 98%] Built target imc_ros_bridge_generate_messages
[100%] Built target bridge_node
