[  0%] Built target _imc_ros_bridge_generate_messages_check_deps_DesiredPitch
[  0%] Built target _imc_ros_bridge_generate_messages_check_deps_PlanDB
[  0%] Built target std_msgs_generate_messages_cpp
[  0%] Built target _imc_ros_bridge_generate_messages_check_deps_EstimatedState
[  0%] Built target _imc_ros_bridge_generate_messages_check_deps_DesiredZ
[  0%] Built target nav_msgs_generate_messages_cpp
[  0%] Built target _imc_ros_bridge_generate_messages_check_deps_DesiredSpeed
[  0%] Built target _imc_ros_bridge_generate_messages_check_deps_PlanControlState
[  0%] Built target _imc_ros_bridge_generate_messages_check_deps_DesiredRoll
[  0%] Built target _imc_ros_bridge_generate_messages_check_deps_PlanDBInformation
[  0%] Built target sensor_msgs_generate_messages_cpp
[  0%] Built target _imc_ros_bridge_generate_messages_check_deps_DesiredHeading
[  0%] Built target _imc_ros_bridge_generate_messages_check_deps_VehicleState
[  0%] Built target _imc_ros_bridge_generate_messages_check_deps_PlanSpecification
[  0%] Built target geometry_msgs_generate_messages_cpp
[  1%] Built target ros_to_imc_goto
[  2%] Built target ros_to_imc_gpsnavdata
[  2%] Built target _imc_ros_bridge_generate_messages_check_deps_PolygonVertex
[  2%] Built target _imc_ros_bridge_generate_messages_check_deps_PlanManeuver
[  2%] Built target _imc_ros_bridge_generate_messages_check_deps_Maneuver
[  3%] Built target imc_to_ros_abort
[  4%] Built target imc_factory
[  4%] Built target _imc_ros_bridge_generate_messages_check_deps_PlanControl
[  4%] Built target _imc_ros_bridge_generate_messages_check_deps_RemoteState
[  4%] Built target _imc_ros_bridge_generate_messages_check_deps_PlanDBState
[  4%] Built target _imc_ros_bridge_generate_messages_check_deps_DesiredHeadingRate
[  4%] Built target _imc_ros_bridge_generate_messages_check_deps_SonarData
[  5%] Built target imc_to_ros_goto
[  6%] Built target ros_to_imc_heartbeat
[  6%] Built target sensor_msgs_generate_messages_py
[  8%] Built target ros_to_imc_gpsfix
[  8%] Built target geometry_msgs_generate_messages_py
[  8%] Built target nav_msgs_generate_messages_py
[ 10%] Built target imc_to_ros_heartbeat
[ 10%] Built target std_msgs_generate_messages_py
[ 11%] Built target md5
[ 11%] Built target geometry_msgs_generate_messages_eus
[ 11%] Built target sensor_msgs_generate_messages_eus
[ 11%] Built target std_msgs_generate_messages_eus
[ 11%] Built target nav_msgs_generate_messages_eus
[ 11%] Built target nav_msgs_generate_messages_nodejs
[ 11%] Built target sensor_msgs_generate_messages_nodejs
[ 11%] Built target geometry_msgs_generate_messages_lisp
[ 11%] Built target std_msgs_generate_messages_lisp
[ 11%] Built target sensor_msgs_generate_messages_lisp
[ 11%] Built target nav_msgs_generate_messages_lisp
[ 11%] Built target geometry_msgs_generate_messages_nodejs
[ 11%] Built target std_msgs_generate_messages_nodejs
[ 24%] Built target imc_ros_bridge_generate_messages_cpp
[ 38%] Built target imc_ros_bridge_generate_messages_py
[ 40%] Built target udp_link
[ 54%] Built target imc_ros_bridge_generate_messages_eus
[ 66%] Built target imc_ros_bridge_generate_messages_lisp
[ 79%] Built target imc_ros_bridge_generate_messages_nodejs
[ 80%] Built target ros_to_imc_DesiredRoll
[ 82%] Built target ros_to_imc_DesiredSpeed
[ 83%] Built target imc_to_ros_plancontrol
[ 84%] Built target ros_to_imc_DesiredPitch
[ 86%] Built target ros_to_imc_DesiredHeadingRate
[ 87%] Built target imc_to_ros_plandb
[ 88%] Built target ros_to_imc_remotestate
[ 90%] Built target ros_to_imc_DesiredHeading
[ 92%] Built target ros_to_imc_plandb
[ 93%] Built target ros_to_imc_estimatedstate
[ 94%] Built target ros_to_imc_DesiredZ
[ 95%] Built target imc_handle
[ 96%] Built target ros_to_imc_vehiclestate
[ 96%] Built target imc_ros_bridge_generate_messages
[ 97%] Built target ros_to_imc_plancontrolstate
[ 98%] Built target ros_to_imc_sonardata
[100%] Built target bridge_node
