Linked: (/home/nyuad/NYUAD-ROV-Capstone-Repo/devel/.private/imc_ros_bridge/share/roseus/ros/imc_ros_bridge/manifest.l, /home/nyuad/NYUAD-ROV-Capstone-Repo/devel/share/roseus/ros/imc_ros_bridge/manifest.l)
Linked: (/home/nyuad/NYUAD-ROV-Capstone-Repo/devel/.private/imc_ros_bridge/share/roseus/ros/imc_ros_bridge/msg/DesiredPitch.l, /home/nyuad/NYUAD-ROV-Capstone-Repo/devel/share/roseus/ros/imc_ros_bridge/msg/DesiredPitch.l)
Linked: (/home/nyuad/NYUAD-ROV-Capstone-Repo/devel/.private/imc_ros_bridge/share/roseus/ros/imc_ros_bridge/msg/PolygonVertex.l, /home/nyuad/NYUAD-ROV-Capstone-Repo/devel/share/roseus/ros/imc_ros_bridge/msg/PolygonVertex.l)
Linked: (/home/nyuad/NYUAD-ROV-Capstone-Repo/devel/.private/imc_ros_bridge/share/roseus/ros/imc_ros_bridge/msg/PlanManeuver.l, /home/nyuad/NYUAD-ROV-Capstone-Repo/devel/share/roseus/ros/imc_ros_bridge/msg/PlanManeuver.l)
Linked: (/home/nyuad/NYUAD-ROV-Capstone-Repo/devel/.private/imc_ros_bridge/share/roseus/ros/imc_ros_bridge/msg/DesiredSpeed.l, /home/nyuad/NYUAD-ROV-Capstone-Repo/devel/share/roseus/ros/imc_ros_bridge/msg/DesiredSpeed.l)
Linked: (/home/nyuad/NYUAD-ROV-Capstone-Repo/devel/.private/imc_ros_bridge/share/roseus/ros/imc_ros_bridge/msg/SonarData.l, /home/nyuad/NYUAD-ROV-Capstone-Repo/devel/share/roseus/ros/imc_ros_bridge/msg/SonarData.l)
Linked: (/home/nyuad/NYUAD-ROV-Capstone-Repo/devel/.private/imc_ros_bridge/share/roseus/ros/imc_ros_bridge/msg/PlanDBState.l, /home/nyuad/NYUAD-ROV-Capstone-Repo/devel/share/roseus/ros/imc_ros_bridge/msg/PlanDBState.l)
Linked: (/home/nyuad/NYUAD-ROV-Capstone-Repo/devel/.private/imc_ros_bridge/share/roseus/ros/imc_ros_bridge/msg/DesiredHeadingRate.l, /home/nyuad/NYUAD-ROV-Capstone-Repo/devel/share/roseus/ros/imc_ros_bridge/msg/DesiredHeadingRate.l)
Linked: (/home/nyuad/NYUAD-ROV-Capstone-Repo/devel/.private/imc_ros_bridge/share/roseus/ros/imc_ros_bridge/msg/PlanControl.l, /home/nyuad/NYUAD-ROV-Capstone-Repo/devel/share/roseus/ros/imc_ros_bridge/msg/PlanControl.l)
Linked: (/home/nyuad/NYUAD-ROV-Capstone-Repo/devel/.private/imc_ros_bridge/share/roseus/ros/imc_ros_bridge/msg/Maneuver.l, /home/nyuad/NYUAD-ROV-Capstone-Repo/devel/share/roseus/ros/imc_ros_bridge/msg/Maneuver.l)
Linked: (/home/nyuad/NYUAD-ROV-Capstone-Repo/devel/.private/imc_ros_bridge/share/roseus/ros/imc_ros_bridge/msg/VehicleState.l, /home/nyuad/NYUAD-ROV-Capstone-Repo/devel/share/roseus/ros/imc_ros_bridge/msg/VehicleState.l)
Linked: (/home/nyuad/NYUAD-ROV-Capstone-Repo/devel/.private/imc_ros_bridge/share/roseus/ros/imc_ros_bridge/msg/PlanControlState.l, /home/nyuad/NYUAD-ROV-Capstone-Repo/devel/share/roseus/ros/imc_ros_bridge/msg/PlanControlState.l)
Linked: (/home/nyuad/NYUAD-ROV-Capstone-Repo/devel/.private/imc_ros_bridge/share/roseus/ros/imc_ros_bridge/msg/RemoteState.l, /home/nyuad/NYUAD-ROV-Capstone-Repo/devel/share/roseus/ros/imc_ros_bridge/msg/RemoteState.l)
Linked: (/home/nyuad/NYUAD-ROV-Capstone-Repo/devel/.private/imc_ros_bridge/share/roseus/ros/imc_ros_bridge/msg/EstimatedState.l, /home/nyuad/NYUAD-ROV-Capstone-Repo/devel/share/roseus/ros/imc_ros_bridge/msg/EstimatedState.l)
Linked: (/home/nyuad/NYUAD-ROV-Capstone-Repo/devel/.private/imc_ros_bridge/share/roseus/ros/imc_ros_bridge/msg/DesiredRoll.l, /home/nyuad/NYUAD-ROV-Capstone-Repo/devel/share/roseus/ros/imc_ros_bridge/msg/DesiredRoll.l)
Linked: (/home/nyuad/NYUAD-ROV-Capstone-Repo/devel/.private/imc_ros_bridge/share/roseus/ros/imc_ros_bridge/msg/PlanDB.l, /home/nyuad/NYUAD-ROV-Capstone-Repo/devel/share/roseus/ros/imc_ros_bridge/msg/PlanDB.l)
Linked: (/home/nyuad/NYUAD-ROV-Capstone-Repo/devel/.private/imc_ros_bridge/share/roseus/ros/imc_ros_bridge/msg/DesiredHeading.l, /home/nyuad/NYUAD-ROV-Capstone-Repo/devel/share/roseus/ros/imc_ros_bridge/msg/DesiredHeading.l)
Linked: (/home/nyuad/NYUAD-ROV-Capstone-Repo/devel/.private/imc_ros_bridge/share/roseus/ros/imc_ros_bridge/msg/DesiredZ.l, /home/nyuad/NYUAD-ROV-Capstone-Repo/devel/share/roseus/ros/imc_ros_bridge/msg/DesiredZ.l)
Linked: (/home/nyuad/NYUAD-ROV-Capstone-Repo/devel/.private/imc_ros_bridge/share/roseus/ros/imc_ros_bridge/msg/PlanDBInformation.l, /home/nyuad/NYUAD-ROV-Capstone-Repo/devel/share/roseus/ros/imc_ros_bridge/msg/PlanDBInformation.l)
Linked: (/home/nyuad/NYUAD-ROV-Capstone-Repo/devel/.private/imc_ros_bridge/share/roseus/ros/imc_ros_bridge/msg/PlanSpecification.l, /home/nyuad/NYUAD-ROV-Capstone-Repo/devel/share/roseus/ros/imc_ros_bridge/msg/PlanSpecification.l)
Linked: (/home/nyuad/NYUAD-ROV-Capstone-Repo/devel/.private/imc_ros_bridge/share/common-lisp/ros/imc_ros_bridge/msg/PlanDBInformation.lisp, /home/nyuad/NYUAD-ROV-Capstone-Repo/devel/share/common-lisp/ros/imc_ros_bridge/msg/PlanDBInformation.lisp)
Linked: (/home/nyuad/NYUAD-ROV-Capstone-Repo/devel/.private/imc_ros_bridge/share/common-lisp/ros/imc_ros_bridge/msg/_package_Maneuver.lisp, /home/nyuad/NYUAD-ROV-Capstone-Repo/devel/share/common-lisp/ros/imc_ros_bridge/msg/_package_Maneuver.lisp)
Linked: (/home/nyuad/NYUAD-ROV-Capstone-Repo/devel/.private/imc_ros_bridge/share/common-lisp/ros/imc_ros_bridge/msg/VehicleState.lisp, /home/nyuad/NYUAD-ROV-Capstone-Repo/devel/share/common-lisp/ros/imc_ros_bridge/msg/VehicleState.lisp)
Linked: (/home/nyuad/NYUAD-ROV-Capstone-Repo/devel/.private/imc_ros_bridge/share/common-lisp/ros/imc_ros_bridge/msg/_package_DesiredHeading.lisp, /home/nyuad/NYUAD-ROV-Capstone-Repo/devel/share/common-lisp/ros/imc_ros_bridge/msg/_package_DesiredHeading.lisp)
Linked: (/home/nyuad/NYUAD-ROV-Capstone-Repo/devel/.private/imc_ros_bridge/share/common-lisp/ros/imc_ros_bridge/msg/_package_SonarData.lisp, /home/nyuad/NYUAD-ROV-Capstone-Repo/devel/share/common-lisp/ros/imc_ros_bridge/msg/_package_SonarData.lisp)
Linked: (/home/nyuad/NYUAD-ROV-Capstone-Repo/devel/.private/imc_ros_bridge/share/common-lisp/ros/imc_ros_bridge/msg/_package_PlanDBState.lisp, /home/nyuad/NYUAD-ROV-Capstone-Repo/devel/share/common-lisp/ros/imc_ros_bridge/msg/_package_PlanDBState.lisp)
Linked: (/home/nyuad/NYUAD-ROV-Capstone-Repo/devel/.private/imc_ros_bridge/share/common-lisp/ros/imc_ros_bridge/msg/DesiredZ.lisp, /home/nyuad/NYUAD-ROV-Capstone-Repo/devel/share/common-lisp/ros/imc_ros_bridge/msg/DesiredZ.lisp)
Linked: (/home/nyuad/NYUAD-ROV-Capstone-Repo/devel/.private/imc_ros_bridge/share/common-lisp/ros/imc_ros_bridge/msg/PlanSpecification.lisp, /home/nyuad/NYUAD-ROV-Capstone-Repo/devel/share/common-lisp/ros/imc_ros_bridge/msg/PlanSpecification.lisp)
Linked: (/home/nyuad/NYUAD-ROV-Capstone-Repo/devel/.private/imc_ros_bridge/share/common-lisp/ros/imc_ros_bridge/msg/_package_RemoteState.lisp, /home/nyuad/NYUAD-ROV-Capstone-Repo/devel/share/common-lisp/ros/imc_ros_bridge/msg/_package_RemoteState.lisp)
Linked: (/home/nyuad/NYUAD-ROV-Capstone-Repo/devel/.private/imc_ros_bridge/share/common-lisp/ros/imc_ros_bridge/msg/SonarData.lisp, /home/nyuad/NYUAD-ROV-Capstone-Repo/devel/share/common-lisp/ros/imc_ros_bridge/msg/SonarData.lisp)
Linked: (/home/nyuad/NYUAD-ROV-Capstone-Repo/devel/.private/imc_ros_bridge/share/common-lisp/ros/imc_ros_bridge/msg/_package_PlanControl.lisp, /home/nyuad/NYUAD-ROV-Capstone-Repo/devel/share/common-lisp/ros/imc_ros_bridge/msg/_package_PlanControl.lisp)
Linked: (/home/nyuad/NYUAD-ROV-Capstone-Repo/devel/.private/imc_ros_bridge/share/common-lisp/ros/imc_ros_bridge/msg/_package_VehicleState.lisp, /home/nyuad/NYUAD-ROV-Capstone-Repo/devel/share/common-lisp/ros/imc_ros_bridge/msg/_package_VehicleState.lisp)
Linked: (/home/nyuad/NYUAD-ROV-Capstone-Repo/devel/.private/imc_ros_bridge/share/common-lisp/ros/imc_ros_bridge/msg/DesiredRoll.lisp, /home/nyuad/NYUAD-ROV-Capstone-Repo/devel/share/common-lisp/ros/imc_ros_bridge/msg/DesiredRoll.lisp)
Linked: (/home/nyuad/NYUAD-ROV-Capstone-Repo/devel/.private/imc_ros_bridge/share/common-lisp/ros/imc_ros_bridge/msg/DesiredSpeed.lisp, /home/nyuad/NYUAD-ROV-Capstone-Repo/devel/share/common-lisp/ros/imc_ros_bridge/msg/DesiredSpeed.lisp)
Linked: (/home/nyuad/NYUAD-ROV-Capstone-Repo/devel/.private/imc_ros_bridge/share/common-lisp/ros/imc_ros_bridge/msg/_package_DesiredRoll.lisp, /home/nyuad/NYUAD-ROV-Capstone-Repo/devel/share/common-lisp/ros/imc_ros_bridge/msg/_package_DesiredRoll.lisp)
Linked: (/home/nyuad/NYUAD-ROV-Capstone-Repo/devel/.private/imc_ros_bridge/share/common-lisp/ros/imc_ros_bridge/msg/_package_DesiredZ.lisp, /home/nyuad/NYUAD-ROV-Capstone-Repo/devel/share/common-lisp/ros/imc_ros_bridge/msg/_package_DesiredZ.lisp)
Linked: (/home/nyuad/NYUAD-ROV-Capstone-Repo/devel/.private/imc_ros_bridge/share/common-lisp/ros/imc_ros_bridge/msg/_package_PlanDB.lisp, /home/nyuad/NYUAD-ROV-Capstone-Repo/devel/share/common-lisp/ros/imc_ros_bridge/msg/_package_PlanDB.lisp)
Linked: (/home/nyuad/NYUAD-ROV-Capstone-Repo/devel/.private/imc_ros_bridge/share/common-lisp/ros/imc_ros_bridge/msg/_package_PolygonVertex.lisp, /home/nyuad/NYUAD-ROV-Capstone-Repo/devel/share/common-lisp/ros/imc_ros_bridge/msg/_package_PolygonVertex.lisp)
Linked: (/home/nyuad/NYUAD-ROV-Capstone-Repo/devel/.private/imc_ros_bridge/share/common-lisp/ros/imc_ros_bridge/msg/_package_PlanDBInformation.lisp, /home/nyuad/NYUAD-ROV-Capstone-Repo/devel/share/common-lisp/ros/imc_ros_bridge/msg/_package_PlanDBInformation.lisp)
Linked: (/home/nyuad/NYUAD-ROV-Capstone-Repo/devel/.private/imc_ros_bridge/share/common-lisp/ros/imc_ros_bridge/msg/_package_EstimatedState.lisp, /home/nyuad/NYUAD-ROV-Capstone-Repo/devel/share/common-lisp/ros/imc_ros_bridge/msg/_package_EstimatedState.lisp)
Linked: (/home/nyuad/NYUAD-ROV-Capstone-Repo/devel/.private/imc_ros_bridge/share/common-lisp/ros/imc_ros_bridge/msg/DesiredHeading.lisp, /home/nyuad/NYUAD-ROV-Capstone-Repo/devel/share/common-lisp/ros/imc_ros_bridge/msg/DesiredHeading.lisp)
Linked: (/home/nyuad/NYUAD-ROV-Capstone-Repo/devel/.private/imc_ros_bridge/share/common-lisp/ros/imc_ros_bridge/msg/_package_DesiredHeadingRate.lisp, /home/nyuad/NYUAD-ROV-Capstone-Repo/devel/share/common-lisp/ros/imc_ros_bridge/msg/_package_DesiredHeadingRate.lisp)
Linked: (/home/nyuad/NYUAD-ROV-Capstone-Repo/devel/.private/imc_ros_bridge/share/common-lisp/ros/imc_ros_bridge/msg/DesiredHeadingRate.lisp, /home/nyuad/NYUAD-ROV-Capstone-Repo/devel/share/common-lisp/ros/imc_ros_bridge/msg/DesiredHeadingRate.lisp)
Linked: (/home/nyuad/NYUAD-ROV-Capstone-Repo/devel/.private/imc_ros_bridge/share/common-lisp/ros/imc_ros_bridge/msg/PlanDB.lisp, /home/nyuad/NYUAD-ROV-Capstone-Repo/devel/share/common-lisp/ros/imc_ros_bridge/msg/PlanDB.lisp)
Linked: (/home/nyuad/NYUAD-ROV-Capstone-Repo/devel/.private/imc_ros_bridge/share/common-lisp/ros/imc_ros_bridge/msg/_package_DesiredPitch.lisp, /home/nyuad/NYUAD-ROV-Capstone-Repo/devel/share/common-lisp/ros/imc_ros_bridge/msg/_package_DesiredPitch.lisp)
Linked: (/home/nyuad/NYUAD-ROV-Capstone-Repo/devel/.private/imc_ros_bridge/share/common-lisp/ros/imc_ros_bridge/msg/PlanControl.lisp, /home/nyuad/NYUAD-ROV-Capstone-Repo/devel/share/common-lisp/ros/imc_ros_bridge/msg/PlanControl.lisp)
Linked: (/home/nyuad/NYUAD-ROV-Capstone-Repo/devel/.private/imc_ros_bridge/share/common-lisp/ros/imc_ros_bridge/msg/_package_DesiredSpeed.lisp, /home/nyuad/NYUAD-ROV-Capstone-Repo/devel/share/common-lisp/ros/imc_ros_bridge/msg/_package_DesiredSpeed.lisp)
Linked: (/home/nyuad/NYUAD-ROV-Capstone-Repo/devel/.private/imc_ros_bridge/share/common-lisp/ros/imc_ros_bridge/msg/PlanManeuver.lisp, /home/nyuad/NYUAD-ROV-Capstone-Repo/devel/share/common-lisp/ros/imc_ros_bridge/msg/PlanManeuver.lisp)
Linked: (/home/nyuad/NYUAD-ROV-Capstone-Repo/devel/.private/imc_ros_bridge/share/common-lisp/ros/imc_ros_bridge/msg/EstimatedState.lisp, /home/nyuad/NYUAD-ROV-Capstone-Repo/devel/share/common-lisp/ros/imc_ros_bridge/msg/EstimatedState.lisp)
Linked: (/home/nyuad/NYUAD-ROV-Capstone-Repo/devel/.private/imc_ros_bridge/share/common-lisp/ros/imc_ros_bridge/msg/_package_PlanControlState.lisp, /home/nyuad/NYUAD-ROV-Capstone-Repo/devel/share/common-lisp/ros/imc_ros_bridge/msg/_package_PlanControlState.lisp)
Linked: (/home/nyuad/NYUAD-ROV-Capstone-Repo/devel/.private/imc_ros_bridge/share/common-lisp/ros/imc_ros_bridge/msg/DesiredPitch.lisp, /home/nyuad/NYUAD-ROV-Capstone-Repo/devel/share/common-lisp/ros/imc_ros_bridge/msg/DesiredPitch.lisp)
Linked: (/home/nyuad/NYUAD-ROV-Capstone-Repo/devel/.private/imc_ros_bridge/share/common-lisp/ros/imc_ros_bridge/msg/PlanDBState.lisp, /home/nyuad/NYUAD-ROV-Capstone-Repo/devel/share/common-lisp/ros/imc_ros_bridge/msg/PlanDBState.lisp)
Linked: (/home/nyuad/NYUAD-ROV-Capstone-Repo/devel/.private/imc_ros_bridge/share/common-lisp/ros/imc_ros_bridge/msg/RemoteState.lisp, /home/nyuad/NYUAD-ROV-Capstone-Repo/devel/share/common-lisp/ros/imc_ros_bridge/msg/RemoteState.lisp)
Linked: (/home/nyuad/NYUAD-ROV-Capstone-Repo/devel/.private/imc_ros_bridge/share/common-lisp/ros/imc_ros_bridge/msg/Maneuver.lisp, /home/nyuad/NYUAD-ROV-Capstone-Repo/devel/share/common-lisp/ros/imc_ros_bridge/msg/Maneuver.lisp)
Linked: (/home/nyuad/NYUAD-ROV-Capstone-Repo/devel/.private/imc_ros_bridge/share/common-lisp/ros/imc_ros_bridge/msg/imc_ros_bridge-msg.asd, /home/nyuad/NYUAD-ROV-Capstone-Repo/devel/share/common-lisp/ros/imc_ros_bridge/msg/imc_ros_bridge-msg.asd)
Linked: (/home/nyuad/NYUAD-ROV-Capstone-Repo/devel/.private/imc_ros_bridge/share/common-lisp/ros/imc_ros_bridge/msg/_package_PlanManeuver.lisp, /home/nyuad/NYUAD-ROV-Capstone-Repo/devel/share/common-lisp/ros/imc_ros_bridge/msg/_package_PlanManeuver.lisp)
Linked: (/home/nyuad/NYUAD-ROV-Capstone-Repo/devel/.private/imc_ros_bridge/share/common-lisp/ros/imc_ros_bridge/msg/_package_PlanSpecification.lisp, /home/nyuad/NYUAD-ROV-Capstone-Repo/devel/share/common-lisp/ros/imc_ros_bridge/msg/_package_PlanSpecification.lisp)
Linked: (/home/nyuad/NYUAD-ROV-Capstone-Repo/devel/.private/imc_ros_bridge/share/common-lisp/ros/imc_ros_bridge/msg/_package.lisp, /home/nyuad/NYUAD-ROV-Capstone-Repo/devel/share/common-lisp/ros/imc_ros_bridge/msg/_package.lisp)
Linked: (/home/nyuad/NYUAD-ROV-Capstone-Repo/devel/.private/imc_ros_bridge/share/common-lisp/ros/imc_ros_bridge/msg/PlanControlState.lisp, /home/nyuad/NYUAD-ROV-Capstone-Repo/devel/share/common-lisp/ros/imc_ros_bridge/msg/PlanControlState.lisp)
Linked: (/home/nyuad/NYUAD-ROV-Capstone-Repo/devel/.private/imc_ros_bridge/share/common-lisp/ros/imc_ros_bridge/msg/PolygonVertex.lisp, /home/nyuad/NYUAD-ROV-Capstone-Repo/devel/share/common-lisp/ros/imc_ros_bridge/msg/PolygonVertex.lisp)
Linked: (/home/nyuad/NYUAD-ROV-Capstone-Repo/devel/.private/imc_ros_bridge/share/imc_ros_bridge/cmake/imc_ros_bridge-msg-extras.cmake, /home/nyuad/NYUAD-ROV-Capstone-Repo/devel/share/imc_ros_bridge/cmake/imc_ros_bridge-msg-extras.cmake)
Linked: (/home/nyuad/NYUAD-ROV-Capstone-Repo/devel/.private/imc_ros_bridge/share/imc_ros_bridge/cmake/imc_ros_bridge-msg-paths.cmake, /home/nyuad/NYUAD-ROV-Capstone-Repo/devel/share/imc_ros_bridge/cmake/imc_ros_bridge-msg-paths.cmake)
Linked: (/home/nyuad/NYUAD-ROV-Capstone-Repo/devel/.private/imc_ros_bridge/share/imc_ros_bridge/cmake/imc_ros_bridgeConfig-version.cmake, /home/nyuad/NYUAD-ROV-Capstone-Repo/devel/share/imc_ros_bridge/cmake/imc_ros_bridgeConfig-version.cmake)
Linked: (/home/nyuad/NYUAD-ROV-Capstone-Repo/devel/.private/imc_ros_bridge/share/imc_ros_bridge/cmake/imc_ros_bridgeConfig.cmake, /home/nyuad/NYUAD-ROV-Capstone-Repo/devel/share/imc_ros_bridge/cmake/imc_ros_bridgeConfig.cmake)
Linked: (/home/nyuad/NYUAD-ROV-Capstone-Repo/devel/.private/imc_ros_bridge/share/gennodejs/ros/imc_ros_bridge/_index.js, /home/nyuad/NYUAD-ROV-Capstone-Repo/devel/share/gennodejs/ros/imc_ros_bridge/_index.js)
Linked: (/home/nyuad/NYUAD-ROV-Capstone-Repo/devel/.private/imc_ros_bridge/share/gennodejs/ros/imc_ros_bridge/msg/DesiredSpeed.js, /home/nyuad/NYUAD-ROV-Capstone-Repo/devel/share/gennodejs/ros/imc_ros_bridge/msg/DesiredSpeed.js)
Linked: (/home/nyuad/NYUAD-ROV-Capstone-Repo/devel/.private/imc_ros_bridge/share/gennodejs/ros/imc_ros_bridge/msg/PlanControl.js, /home/nyuad/NYUAD-ROV-Capstone-Repo/devel/share/gennodejs/ros/imc_ros_bridge/msg/PlanControl.js)
Linked: (/home/nyuad/NYUAD-ROV-Capstone-Repo/devel/.private/imc_ros_bridge/share/gennodejs/ros/imc_ros_bridge/msg/_index.js, /home/nyuad/NYUAD-ROV-Capstone-Repo/devel/share/gennodejs/ros/imc_ros_bridge/msg/_index.js)
Linked: (/home/nyuad/NYUAD-ROV-Capstone-Repo/devel/.private/imc_ros_bridge/share/gennodejs/ros/imc_ros_bridge/msg/DesiredHeading.js, /home/nyuad/NYUAD-ROV-Capstone-Repo/devel/share/gennodejs/ros/imc_ros_bridge/msg/DesiredHeading.js)
Linked: (/home/nyuad/NYUAD-ROV-Capstone-Repo/devel/.private/imc_ros_bridge/share/gennodejs/ros/imc_ros_bridge/msg/RemoteState.js, /home/nyuad/NYUAD-ROV-Capstone-Repo/devel/share/gennodejs/ros/imc_ros_bridge/msg/RemoteState.js)
Linked: (/home/nyuad/NYUAD-ROV-Capstone-Repo/devel/.private/imc_ros_bridge/share/gennodejs/ros/imc_ros_bridge/msg/PlanDB.js, /home/nyuad/NYUAD-ROV-Capstone-Repo/devel/share/gennodejs/ros/imc_ros_bridge/msg/PlanDB.js)
Linked: (/home/nyuad/NYUAD-ROV-Capstone-Repo/devel/.private/imc_ros_bridge/share/gennodejs/ros/imc_ros_bridge/msg/PlanSpecification.js, /home/nyuad/NYUAD-ROV-Capstone-Repo/devel/share/gennodejs/ros/imc_ros_bridge/msg/PlanSpecification.js)
Linked: (/home/nyuad/NYUAD-ROV-Capstone-Repo/devel/.private/imc_ros_bridge/share/gennodejs/ros/imc_ros_bridge/msg/PlanDBState.js, /home/nyuad/NYUAD-ROV-Capstone-Repo/devel/share/gennodejs/ros/imc_ros_bridge/msg/PlanDBState.js)
Linked: (/home/nyuad/NYUAD-ROV-Capstone-Repo/devel/.private/imc_ros_bridge/share/gennodejs/ros/imc_ros_bridge/msg/DesiredZ.js, /home/nyuad/NYUAD-ROV-Capstone-Repo/devel/share/gennodejs/ros/imc_ros_bridge/msg/DesiredZ.js)
Linked: (/home/nyuad/NYUAD-ROV-Capstone-Repo/devel/.private/imc_ros_bridge/share/gennodejs/ros/imc_ros_bridge/msg/DesiredRoll.js, /home/nyuad/NYUAD-ROV-Capstone-Repo/devel/share/gennodejs/ros/imc_ros_bridge/msg/DesiredRoll.js)
Linked: (/home/nyuad/NYUAD-ROV-Capstone-Repo/devel/.private/imc_ros_bridge/share/gennodejs/ros/imc_ros_bridge/msg/Maneuver.js, /home/nyuad/NYUAD-ROV-Capstone-Repo/devel/share/gennodejs/ros/imc_ros_bridge/msg/Maneuver.js)
Linked: (/home/nyuad/NYUAD-ROV-Capstone-Repo/devel/.private/imc_ros_bridge/share/gennodejs/ros/imc_ros_bridge/msg/PlanDBInformation.js, /home/nyuad/NYUAD-ROV-Capstone-Repo/devel/share/gennodejs/ros/imc_ros_bridge/msg/PlanDBInformation.js)
Linked: (/home/nyuad/NYUAD-ROV-Capstone-Repo/devel/.private/imc_ros_bridge/share/gennodejs/ros/imc_ros_bridge/msg/DesiredPitch.js, /home/nyuad/NYUAD-ROV-Capstone-Repo/devel/share/gennodejs/ros/imc_ros_bridge/msg/DesiredPitch.js)
Linked: (/home/nyuad/NYUAD-ROV-Capstone-Repo/devel/.private/imc_ros_bridge/share/gennodejs/ros/imc_ros_bridge/msg/PlanManeuver.js, /home/nyuad/NYUAD-ROV-Capstone-Repo/devel/share/gennodejs/ros/imc_ros_bridge/msg/PlanManeuver.js)
Linked: (/home/nyuad/NYUAD-ROV-Capstone-Repo/devel/.private/imc_ros_bridge/share/gennodejs/ros/imc_ros_bridge/msg/PlanControlState.js, /home/nyuad/NYUAD-ROV-Capstone-Repo/devel/share/gennodejs/ros/imc_ros_bridge/msg/PlanControlState.js)
Linked: (/home/nyuad/NYUAD-ROV-Capstone-Repo/devel/.private/imc_ros_bridge/share/gennodejs/ros/imc_ros_bridge/msg/SonarData.js, /home/nyuad/NYUAD-ROV-Capstone-Repo/devel/share/gennodejs/ros/imc_ros_bridge/msg/SonarData.js)
Linked: (/home/nyuad/NYUAD-ROV-Capstone-Repo/devel/.private/imc_ros_bridge/share/gennodejs/ros/imc_ros_bridge/msg/EstimatedState.js, /home/nyuad/NYUAD-ROV-Capstone-Repo/devel/share/gennodejs/ros/imc_ros_bridge/msg/EstimatedState.js)
Linked: (/home/nyuad/NYUAD-ROV-Capstone-Repo/devel/.private/imc_ros_bridge/share/gennodejs/ros/imc_ros_bridge/msg/PolygonVertex.js, /home/nyuad/NYUAD-ROV-Capstone-Repo/devel/share/gennodejs/ros/imc_ros_bridge/msg/PolygonVertex.js)
Linked: (/home/nyuad/NYUAD-ROV-Capstone-Repo/devel/.private/imc_ros_bridge/share/gennodejs/ros/imc_ros_bridge/msg/DesiredHeadingRate.js, /home/nyuad/NYUAD-ROV-Capstone-Repo/devel/share/gennodejs/ros/imc_ros_bridge/msg/DesiredHeadingRate.js)
Linked: (/home/nyuad/NYUAD-ROV-Capstone-Repo/devel/.private/imc_ros_bridge/share/gennodejs/ros/imc_ros_bridge/msg/VehicleState.js, /home/nyuad/NYUAD-ROV-Capstone-Repo/devel/share/gennodejs/ros/imc_ros_bridge/msg/VehicleState.js)
Linked: (/home/nyuad/NYUAD-ROV-Capstone-Repo/devel/.private/imc_ros_bridge/include/imc_ros_bridge/DesiredHeadingRate.h, /home/nyuad/NYUAD-ROV-Capstone-Repo/devel/include/imc_ros_bridge/DesiredHeadingRate.h)
Linked: (/home/nyuad/NYUAD-ROV-Capstone-Repo/devel/.private/imc_ros_bridge/include/imc_ros_bridge/VehicleState.h, /home/nyuad/NYUAD-ROV-Capstone-Repo/devel/include/imc_ros_bridge/VehicleState.h)
Linked: (/home/nyuad/NYUAD-ROV-Capstone-Repo/devel/.private/imc_ros_bridge/include/imc_ros_bridge/PlanManeuver.h, /home/nyuad/NYUAD-ROV-Capstone-Repo/devel/include/imc_ros_bridge/PlanManeuver.h)
Linked: (/home/nyuad/NYUAD-ROV-Capstone-Repo/devel/.private/imc_ros_bridge/include/imc_ros_bridge/DesiredZ.h, /home/nyuad/NYUAD-ROV-Capstone-Repo/devel/include/imc_ros_bridge/DesiredZ.h)
Linked: (/home/nyuad/NYUAD-ROV-Capstone-Repo/devel/.private/imc_ros_bridge/include/imc_ros_bridge/RemoteState.h, /home/nyuad/NYUAD-ROV-Capstone-Repo/devel/include/imc_ros_bridge/RemoteState.h)
Linked: (/home/nyuad/NYUAD-ROV-Capstone-Repo/devel/.private/imc_ros_bridge/include/imc_ros_bridge/DesiredRoll.h, /home/nyuad/NYUAD-ROV-Capstone-Repo/devel/include/imc_ros_bridge/DesiredRoll.h)
Linked: (/home/nyuad/NYUAD-ROV-Capstone-Repo/devel/.private/imc_ros_bridge/include/imc_ros_bridge/PlanControl.h, /home/nyuad/NYUAD-ROV-Capstone-Repo/devel/include/imc_ros_bridge/PlanControl.h)
Linked: (/home/nyuad/NYUAD-ROV-Capstone-Repo/devel/.private/imc_ros_bridge/include/imc_ros_bridge/PlanDBInformation.h, /home/nyuad/NYUAD-ROV-Capstone-Repo/devel/include/imc_ros_bridge/PlanDBInformation.h)
Linked: (/home/nyuad/NYUAD-ROV-Capstone-Repo/devel/.private/imc_ros_bridge/include/imc_ros_bridge/EstimatedState.h, /home/nyuad/NYUAD-ROV-Capstone-Repo/devel/include/imc_ros_bridge/EstimatedState.h)
Linked: (/home/nyuad/NYUAD-ROV-Capstone-Repo/devel/.private/imc_ros_bridge/include/imc_ros_bridge/DesiredPitch.h, /home/nyuad/NYUAD-ROV-Capstone-Repo/devel/include/imc_ros_bridge/DesiredPitch.h)
Linked: (/home/nyuad/NYUAD-ROV-Capstone-Repo/devel/.private/imc_ros_bridge/include/imc_ros_bridge/PlanSpecification.h, /home/nyuad/NYUAD-ROV-Capstone-Repo/devel/include/imc_ros_bridge/PlanSpecification.h)
Linked: (/home/nyuad/NYUAD-ROV-Capstone-Repo/devel/.private/imc_ros_bridge/include/imc_ros_bridge/Maneuver.h, /home/nyuad/NYUAD-ROV-Capstone-Repo/devel/include/imc_ros_bridge/Maneuver.h)
Linked: (/home/nyuad/NYUAD-ROV-Capstone-Repo/devel/.private/imc_ros_bridge/include/imc_ros_bridge/PlanDB.h, /home/nyuad/NYUAD-ROV-Capstone-Repo/devel/include/imc_ros_bridge/PlanDB.h)
Linked: (/home/nyuad/NYUAD-ROV-Capstone-Repo/devel/.private/imc_ros_bridge/include/imc_ros_bridge/PlanControlState.h, /home/nyuad/NYUAD-ROV-Capstone-Repo/devel/include/imc_ros_bridge/PlanControlState.h)
Linked: (/home/nyuad/NYUAD-ROV-Capstone-Repo/devel/.private/imc_ros_bridge/include/imc_ros_bridge/PlanDBState.h, /home/nyuad/NYUAD-ROV-Capstone-Repo/devel/include/imc_ros_bridge/PlanDBState.h)
Linked: (/home/nyuad/NYUAD-ROV-Capstone-Repo/devel/.private/imc_ros_bridge/include/imc_ros_bridge/DesiredSpeed.h, /home/nyuad/NYUAD-ROV-Capstone-Repo/devel/include/imc_ros_bridge/DesiredSpeed.h)
Linked: (/home/nyuad/NYUAD-ROV-Capstone-Repo/devel/.private/imc_ros_bridge/include/imc_ros_bridge/PolygonVertex.h, /home/nyuad/NYUAD-ROV-Capstone-Repo/devel/include/imc_ros_bridge/PolygonVertex.h)
Linked: (/home/nyuad/NYUAD-ROV-Capstone-Repo/devel/.private/imc_ros_bridge/include/imc_ros_bridge/DesiredHeading.h, /home/nyuad/NYUAD-ROV-Capstone-Repo/devel/include/imc_ros_bridge/DesiredHeading.h)
Linked: (/home/nyuad/NYUAD-ROV-Capstone-Repo/devel/.private/imc_ros_bridge/include/imc_ros_bridge/SonarData.h, /home/nyuad/NYUAD-ROV-Capstone-Repo/devel/include/imc_ros_bridge/SonarData.h)
Linked: (/home/nyuad/NYUAD-ROV-Capstone-Repo/devel/.private/imc_ros_bridge/lib/libros_to_imc_gpsfix.so, /home/nyuad/NYUAD-ROV-Capstone-Repo/devel/lib/libros_to_imc_gpsfix.so)
Linked: (/home/nyuad/NYUAD-ROV-Capstone-Repo/devel/.private/imc_ros_bridge/lib/libimc_to_ros_heartbeat.so, /home/nyuad/NYUAD-ROV-Capstone-Repo/devel/lib/libimc_to_ros_heartbeat.so)
Linked: (/home/nyuad/NYUAD-ROV-Capstone-Repo/devel/.private/imc_ros_bridge/lib/libimc_factory.so, /home/nyuad/NYUAD-ROV-Capstone-Repo/devel/lib/libimc_factory.so)
Linked: (/home/nyuad/NYUAD-ROV-Capstone-Repo/devel/.private/imc_ros_bridge/lib/libros_to_imc_plandb.so, /home/nyuad/NYUAD-ROV-Capstone-Repo/devel/lib/libros_to_imc_plandb.so)
Linked: (/home/nyuad/NYUAD-ROV-Capstone-Repo/devel/.private/imc_ros_bridge/lib/libros_to_imc_DesiredPitch.so, /home/nyuad/NYUAD-ROV-Capstone-Repo/devel/lib/libros_to_imc_DesiredPitch.so)
Linked: (/home/nyuad/NYUAD-ROV-Capstone-Repo/devel/.private/imc_ros_bridge/lib/libros_to_imc_DesiredHeadingRate.so, /home/nyuad/NYUAD-ROV-Capstone-Repo/devel/lib/libros_to_imc_DesiredHeadingRate.so)
Linked: (/home/nyuad/NYUAD-ROV-Capstone-Repo/devel/.private/imc_ros_bridge/lib/libimc_to_ros_abort.so, /home/nyuad/NYUAD-ROV-Capstone-Repo/devel/lib/libimc_to_ros_abort.so)
Linked: (/home/nyuad/NYUAD-ROV-Capstone-Repo/devel/.private/imc_ros_bridge/lib/libros_to_imc_goto.so, /home/nyuad/NYUAD-ROV-Capstone-Repo/devel/lib/libros_to_imc_goto.so)
Linked: (/home/nyuad/NYUAD-ROV-Capstone-Repo/devel/.private/imc_ros_bridge/lib/libros_to_imc_heartbeat.so, /home/nyuad/NYUAD-ROV-Capstone-Repo/devel/lib/libros_to_imc_heartbeat.so)
Linked: (/home/nyuad/NYUAD-ROV-Capstone-Repo/devel/.private/imc_ros_bridge/lib/libimc_to_ros_plandb.so, /home/nyuad/NYUAD-ROV-Capstone-Repo/devel/lib/libimc_to_ros_plandb.so)
Linked: (/home/nyuad/NYUAD-ROV-Capstone-Repo/devel/.private/imc_ros_bridge/lib/libros_to_imc_DesiredZ.so, /home/nyuad/NYUAD-ROV-Capstone-Repo/devel/lib/libros_to_imc_DesiredZ.so)
Linked: (/home/nyuad/NYUAD-ROV-Capstone-Repo/devel/.private/imc_ros_bridge/lib/libros_to_imc_vehiclestate.so, /home/nyuad/NYUAD-ROV-Capstone-Repo/devel/lib/libros_to_imc_vehiclestate.so)
Linked: (/home/nyuad/NYUAD-ROV-Capstone-Repo/devel/.private/imc_ros_bridge/lib/libros_to_imc_estimatedstate.so, /home/nyuad/NYUAD-ROV-Capstone-Repo/devel/lib/libros_to_imc_estimatedstate.so)
Linked: (/home/nyuad/NYUAD-ROV-Capstone-Repo/devel/.private/imc_ros_bridge/lib/libros_to_imc_DesiredRoll.so, /home/nyuad/NYUAD-ROV-Capstone-Repo/devel/lib/libros_to_imc_DesiredRoll.so)
Linked: (/home/nyuad/NYUAD-ROV-Capstone-Repo/devel/.private/imc_ros_bridge/lib/libros_to_imc_sonardata.so, /home/nyuad/NYUAD-ROV-Capstone-Repo/devel/lib/libros_to_imc_sonardata.so)
Linked: (/home/nyuad/NYUAD-ROV-Capstone-Repo/devel/.private/imc_ros_bridge/lib/libros_to_imc_remotestate.so, /home/nyuad/NYUAD-ROV-Capstone-Repo/devel/lib/libros_to_imc_remotestate.so)
Linked: (/home/nyuad/NYUAD-ROV-Capstone-Repo/devel/.private/imc_ros_bridge/lib/libros_to_imc_DesiredSpeed.so, /home/nyuad/NYUAD-ROV-Capstone-Repo/devel/lib/libros_to_imc_DesiredSpeed.so)
Linked: (/home/nyuad/NYUAD-ROV-Capstone-Repo/devel/.private/imc_ros_bridge/lib/libmd5.so, /home/nyuad/NYUAD-ROV-Capstone-Repo/devel/lib/libmd5.so)
Linked: (/home/nyuad/NYUAD-ROV-Capstone-Repo/devel/.private/imc_ros_bridge/lib/libimc_to_ros_plancontrol.so, /home/nyuad/NYUAD-ROV-Capstone-Repo/devel/lib/libimc_to_ros_plancontrol.so)
Linked: (/home/nyuad/NYUAD-ROV-Capstone-Repo/devel/.private/imc_ros_bridge/lib/libros_to_imc_DesiredHeading.so, /home/nyuad/NYUAD-ROV-Capstone-Repo/devel/lib/libros_to_imc_DesiredHeading.so)
Linked: (/home/nyuad/NYUAD-ROV-Capstone-Repo/devel/.private/imc_ros_bridge/lib/libimc_handle.so, /home/nyuad/NYUAD-ROV-Capstone-Repo/devel/lib/libimc_handle.so)
Linked: (/home/nyuad/NYUAD-ROV-Capstone-Repo/devel/.private/imc_ros_bridge/lib/libros_to_imc_plancontrolstate.so, /home/nyuad/NYUAD-ROV-Capstone-Repo/devel/lib/libros_to_imc_plancontrolstate.so)
Linked: (/home/nyuad/NYUAD-ROV-Capstone-Repo/devel/.private/imc_ros_bridge/lib/libudp_link.so, /home/nyuad/NYUAD-ROV-Capstone-Repo/devel/lib/libudp_link.so)
Linked: (/home/nyuad/NYUAD-ROV-Capstone-Repo/devel/.private/imc_ros_bridge/lib/libros_to_imc_gpsnavdata.so, /home/nyuad/NYUAD-ROV-Capstone-Repo/devel/lib/libros_to_imc_gpsnavdata.so)
Linked: (/home/nyuad/NYUAD-ROV-Capstone-Repo/devel/.private/imc_ros_bridge/lib/libimc_to_ros_goto.so, /home/nyuad/NYUAD-ROV-Capstone-Repo/devel/lib/libimc_to_ros_goto.so)
Linked: (/home/nyuad/NYUAD-ROV-Capstone-Repo/devel/.private/imc_ros_bridge/lib/pkgconfig/imc_ros_bridge.pc, /home/nyuad/NYUAD-ROV-Capstone-Repo/devel/lib/pkgconfig/imc_ros_bridge.pc)
Linked: (/home/nyuad/NYUAD-ROV-Capstone-Repo/devel/.private/imc_ros_bridge/lib/python2.7/dist-packages/imc_ros_bridge/__init__.py, /home/nyuad/NYUAD-ROV-Capstone-Repo/devel/lib/python2.7/dist-packages/imc_ros_bridge/__init__.py)
Linked: (/home/nyuad/NYUAD-ROV-Capstone-Repo/devel/.private/imc_ros_bridge/lib/python2.7/dist-packages/imc_ros_bridge/msg/_PlanDBInformation.py, /home/nyuad/NYUAD-ROV-Capstone-Repo/devel/lib/python2.7/dist-packages/imc_ros_bridge/msg/_PlanDBInformation.py)
Linked: (/home/nyuad/NYUAD-ROV-Capstone-Repo/devel/.private/imc_ros_bridge/lib/python2.7/dist-packages/imc_ros_bridge/msg/_DesiredHeading.py, /home/nyuad/NYUAD-ROV-Capstone-Repo/devel/lib/python2.7/dist-packages/imc_ros_bridge/msg/_DesiredHeading.py)
Linked: (/home/nyuad/NYUAD-ROV-Capstone-Repo/devel/.private/imc_ros_bridge/lib/python2.7/dist-packages/imc_ros_bridge/msg/_DesiredZ.py, /home/nyuad/NYUAD-ROV-Capstone-Repo/devel/lib/python2.7/dist-packages/imc_ros_bridge/msg/_DesiredZ.py)
Linked: (/home/nyuad/NYUAD-ROV-Capstone-Repo/devel/.private/imc_ros_bridge/lib/python2.7/dist-packages/imc_ros_bridge/msg/__init__.py, /home/nyuad/NYUAD-ROV-Capstone-Repo/devel/lib/python2.7/dist-packages/imc_ros_bridge/msg/__init__.py)
Linked: (/home/nyuad/NYUAD-ROV-Capstone-Repo/devel/.private/imc_ros_bridge/lib/python2.7/dist-packages/imc_ros_bridge/msg/_PlanDBState.py, /home/nyuad/NYUAD-ROV-Capstone-Repo/devel/lib/python2.7/dist-packages/imc_ros_bridge/msg/_PlanDBState.py)
Linked: (/home/nyuad/NYUAD-ROV-Capstone-Repo/devel/.private/imc_ros_bridge/lib/python2.7/dist-packages/imc_ros_bridge/msg/_SonarData.py, /home/nyuad/NYUAD-ROV-Capstone-Repo/devel/lib/python2.7/dist-packages/imc_ros_bridge/msg/_SonarData.py)
Linked: (/home/nyuad/NYUAD-ROV-Capstone-Repo/devel/.private/imc_ros_bridge/lib/python2.7/dist-packages/imc_ros_bridge/msg/_PlanSpecification.py, /home/nyuad/NYUAD-ROV-Capstone-Repo/devel/lib/python2.7/dist-packages/imc_ros_bridge/msg/_PlanSpecification.py)
Linked: (/home/nyuad/NYUAD-ROV-Capstone-Repo/devel/.private/imc_ros_bridge/lib/python2.7/dist-packages/imc_ros_bridge/msg/_PolygonVertex.py, /home/nyuad/NYUAD-ROV-Capstone-Repo/devel/lib/python2.7/dist-packages/imc_ros_bridge/msg/_PolygonVertex.py)
Linked: (/home/nyuad/NYUAD-ROV-Capstone-Repo/devel/.private/imc_ros_bridge/lib/python2.7/dist-packages/imc_ros_bridge/msg/_EstimatedState.py, /home/nyuad/NYUAD-ROV-Capstone-Repo/devel/lib/python2.7/dist-packages/imc_ros_bridge/msg/_EstimatedState.py)
Linked: (/home/nyuad/NYUAD-ROV-Capstone-Repo/devel/.private/imc_ros_bridge/lib/python2.7/dist-packages/imc_ros_bridge/msg/_PlanDB.py, /home/nyuad/NYUAD-ROV-Capstone-Repo/devel/lib/python2.7/dist-packages/imc_ros_bridge/msg/_PlanDB.py)
Linked: (/home/nyuad/NYUAD-ROV-Capstone-Repo/devel/.private/imc_ros_bridge/lib/python2.7/dist-packages/imc_ros_bridge/msg/_Maneuver.py, /home/nyuad/NYUAD-ROV-Capstone-Repo/devel/lib/python2.7/dist-packages/imc_ros_bridge/msg/_Maneuver.py)
Linked: (/home/nyuad/NYUAD-ROV-Capstone-Repo/devel/.private/imc_ros_bridge/lib/python2.7/dist-packages/imc_ros_bridge/msg/_DesiredRoll.py, /home/nyuad/NYUAD-ROV-Capstone-Repo/devel/lib/python2.7/dist-packages/imc_ros_bridge/msg/_DesiredRoll.py)
Linked: (/home/nyuad/NYUAD-ROV-Capstone-Repo/devel/.private/imc_ros_bridge/lib/python2.7/dist-packages/imc_ros_bridge/msg/_DesiredPitch.py, /home/nyuad/NYUAD-ROV-Capstone-Repo/devel/lib/python2.7/dist-packages/imc_ros_bridge/msg/_DesiredPitch.py)
Linked: (/home/nyuad/NYUAD-ROV-Capstone-Repo/devel/.private/imc_ros_bridge/lib/python2.7/dist-packages/imc_ros_bridge/msg/_DesiredHeadingRate.py, /home/nyuad/NYUAD-ROV-Capstone-Repo/devel/lib/python2.7/dist-packages/imc_ros_bridge/msg/_DesiredHeadingRate.py)
Linked: (/home/nyuad/NYUAD-ROV-Capstone-Repo/devel/.private/imc_ros_bridge/lib/python2.7/dist-packages/imc_ros_bridge/msg/_RemoteState.py, /home/nyuad/NYUAD-ROV-Capstone-Repo/devel/lib/python2.7/dist-packages/imc_ros_bridge/msg/_RemoteState.py)
Linked: (/home/nyuad/NYUAD-ROV-Capstone-Repo/devel/.private/imc_ros_bridge/lib/python2.7/dist-packages/imc_ros_bridge/msg/_DesiredSpeed.py, /home/nyuad/NYUAD-ROV-Capstone-Repo/devel/lib/python2.7/dist-packages/imc_ros_bridge/msg/_DesiredSpeed.py)
Linked: (/home/nyuad/NYUAD-ROV-Capstone-Repo/devel/.private/imc_ros_bridge/lib/python2.7/dist-packages/imc_ros_bridge/msg/_PlanControlState.py, /home/nyuad/NYUAD-ROV-Capstone-Repo/devel/lib/python2.7/dist-packages/imc_ros_bridge/msg/_PlanControlState.py)
Linked: (/home/nyuad/NYUAD-ROV-Capstone-Repo/devel/.private/imc_ros_bridge/lib/python2.7/dist-packages/imc_ros_bridge/msg/_VehicleState.py, /home/nyuad/NYUAD-ROV-Capstone-Repo/devel/lib/python2.7/dist-packages/imc_ros_bridge/msg/_VehicleState.py)
Linked: (/home/nyuad/NYUAD-ROV-Capstone-Repo/devel/.private/imc_ros_bridge/lib/python2.7/dist-packages/imc_ros_bridge/msg/_PlanControl.py, /home/nyuad/NYUAD-ROV-Capstone-Repo/devel/lib/python2.7/dist-packages/imc_ros_bridge/msg/_PlanControl.py)
Linked: (/home/nyuad/NYUAD-ROV-Capstone-Repo/devel/.private/imc_ros_bridge/lib/python2.7/dist-packages/imc_ros_bridge/msg/_PlanManeuver.py, /home/nyuad/NYUAD-ROV-Capstone-Repo/devel/lib/python2.7/dist-packages/imc_ros_bridge/msg/_PlanManeuver.py)
Linked: (/home/nyuad/NYUAD-ROV-Capstone-Repo/devel/.private/imc_ros_bridge/lib/imc_ros_bridge/bridge_node, /home/nyuad/NYUAD-ROV-Capstone-Repo/devel/lib/imc_ros_bridge/bridge_node)
