[  0%] Built target _imc_ros_bridge_generate_messages_check_deps_PlanDB
[  0%] Built target _imc_ros_bridge_generate_messages_check_deps_EstimatedState
[  0%] Built target _imc_ros_bridge_generate_messages_check_deps_PlanControlState
[  0%] Built target _imc_ros_bridge_generate_messages_check_deps_DesiredZ
[  0%] Built target _imc_ros_bridge_generate_messages_check_deps_DesiredPitch
[  0%] Built target _imc_ros_bridge_generate_messages_check_deps_DesiredRoll
[  0%] Built target _imc_ros_bridge_generate_messages_check_deps_DesiredSpeed
[  0%] Built target _imc_ros_bridge_generate_messages_check_deps_PlanDBInformation
[  0%] Built target nav_msgs_generate_messages_cpp
[  0%] Built target std_msgs_generate_messages_cpp
[  0%] Built target _imc_ros_bridge_generate_messages_check_deps_PlanSpecification
[  0%] Built target _imc_ros_bridge_generate_messages_check_deps_VehicleState
[  0%] Built target sensor_msgs_generate_messages_cpp
[  0%] Built target _imc_ros_bridge_generate_messages_check_deps_DesiredHeading
[  0%] Built target _imc_ros_bridge_generate_messages_check_deps_Maneuver
[  0%] Built target geometry_msgs_generate_messages_cpp
[  0%] Built target _imc_ros_bridge_generate_messages_check_deps_PlanManeuver
[  0%] Built target _imc_ros_bridge_generate_messages_check_deps_PolygonVertex
[  0%] Built target _imc_ros_bridge_generate_messages_check_deps_PlanControl
[  0%] Built target _imc_ros_bridge_generate_messages_check_deps_RemoteState
[  0%] Built target _imc_ros_bridge_generate_messages_check_deps_SonarData
[  0%] Built target _imc_ros_bridge_generate_messages_check_deps_PlanDBState
[  1%] Built target ros_to_imc_goto
[  1%] Built target _imc_ros_bridge_generate_messages_check_deps_DesiredHeadingRate
[  2%] Built target ros_to_imc_gpsnavdata
[  3%] Built target imc_to_ros_abort
[  4%] Built target imc_to_ros_goto
[  5%] Built target imc_factory
[  6%] Built target ros_to_imc_heartbeat
[  8%] Built target ros_to_imc_gpsfix
[  9%] Built target md5
[ 11%] Built target imc_to_ros_heartbeat
[ 11%] Built target sensor_msgs_generate_messages_py
[ 11%] Built target geometry_msgs_generate_messages_py
[ 11%] Built target std_msgs_generate_messages_py
[ 11%] Built target nav_msgs_generate_messages_py
[ 11%] Built target geometry_msgs_generate_messages_eus
[ 11%] Built target std_msgs_generate_messages_eus
[ 11%] Built target sensor_msgs_generate_messages_eus
[ 11%] Built target nav_msgs_generate_messages_eus
[ 11%] Built target nav_msgs_generate_messages_lisp
[ 11%] Built target geometry_msgs_generate_messages_lisp
[ 11%] Built target sensor_msgs_generate_messages_lisp
[ 11%] Built target std_msgs_generate_messages_lisp
[ 11%] Built target nav_msgs_generate_messages_nodejs
[ 11%] Built target sensor_msgs_generate_messages_nodejs
[ 11%] Built target geometry_msgs_generate_messages_nodejs
[ 11%] Built target std_msgs_generate_messages_nodejs
[ 38%] Built target imc_ros_bridge_generate_messages_py
[ 38%] Built target imc_ros_bridge_generate_messages_cpp
[ 52%] Built target imc_ros_bridge_generate_messages_eus
[ 54%] Built target udp_link
[ 66%] Built target imc_ros_bridge_generate_messages_lisp
[ 79%] Built target imc_ros_bridge_generate_messages_nodejs
[ 81%] Built target ros_to_imc_DesiredSpeed
[ 82%] Built target imc_to_ros_plancontrol
[ 83%] Built target ros_to_imc_DesiredRoll
[ 84%] Built target ros_to_imc_DesiredHeadingRate
[ 86%] Built target ros_to_imc_DesiredPitch
[ 87%] Built target imc_to_ros_plandb
[ 88%] Built target ros_to_imc_remotestate
[ 89%] Built target ros_to_imc_estimatedstate
[ 90%] Built target imc_handle
[ 92%] Built target ros_to_imc_plandb
[ 94%] Built target ros_to_imc_DesiredHeading
[ 96%] Built target ros_to_imc_plancontrolstate
[ 96%] Built target ros_to_imc_DesiredZ
[ 96%] Built target imc_ros_bridge_generate_messages
[ 97%] Built target ros_to_imc_sonardata
[ 98%] Built target ros_to_imc_vehiclestate
[100%] Built target bridge_node
