[  0%] Built target std_msgs_generate_messages_py
[  0%] Built target geometry_msgs_generate_messages_py
[  0%] Built target _mav_msgs_generate_messages_check_deps_CommandRateThrust
[  0%] Built target _mav_msgs_generate_messages_check_deps_CommandRollPitchYawrateThrust
[  0%] Built target _mav_msgs_generate_messages_check_deps_CommandAttitudeThrust
[  0%] Built target _mav_msgs_generate_messages_check_deps_CommandMotorSpeed
[  0%] Built target _mav_msgs_generate_messages_check_deps_CommandVelocityTrajectory
[  0%] Built target geometry_msgs_generate_messages_cpp
[  0%] Built target _mav_msgs_generate_messages_check_deps_MotorSpeed
[  0%] Built target std_msgs_generate_messages_cpp
[  0%] Built target geometry_msgs_generate_messages_nodejs
[  0%] Built target std_msgs_generate_messages_nodejs
[  0%] Built target geometry_msgs_generate_messages_eus
[  0%] Built target std_msgs_generate_messages_lisp
[  0%] Built target std_msgs_generate_messages_eus
[  0%] Built target geometry_msgs_generate_messages_lisp
[  0%] Built target _mav_msgs_generate_messages_check_deps_CommandTrajectory
[ 37%] Built target mav_msgs_generate_messages_cpp
[ 37%] Built target mav_msgs_generate_messages_lisp
[ 59%] Built target mav_msgs_generate_messages_py
[ 78%] Built target mav_msgs_generate_messages_nodejs
[100%] Built target mav_msgs_generate_messages_eus
[100%] Built target mav_msgs_generate_messages
