Linked: (/home/nyuad/NYUAD-ROV-Capstone-Repo/devel/.private/mav_msgs/share/roseus/ros/mav_msgs/manifest.l, /home/nyuad/NYUAD-ROV-Capstone-Repo/devel/share/roseus/ros/mav_msgs/manifest.l)
Linked: (/home/nyuad/NYUAD-ROV-Capstone-Repo/devel/.private/mav_msgs/share/roseus/ros/mav_msgs/msg/CommandRollPitchYawrateThrust.l, /home/nyuad/NYUAD-ROV-Capstone-Repo/devel/share/roseus/ros/mav_msgs/msg/CommandRollPitchYawrateThrust.l)
Linked: (/home/nyuad/NYUAD-ROV-Capstone-Repo/devel/.private/mav_msgs/share/roseus/ros/mav_msgs/msg/CommandAttitudeThrust.l, /home/nyuad/NYUAD-ROV-Capstone-Repo/devel/share/roseus/ros/mav_msgs/msg/CommandAttitudeThrust.l)
Linked: (/home/nyuad/NYUAD-ROV-Capstone-Repo/devel/.private/mav_msgs/share/roseus/ros/mav_msgs/msg/CommandTrajectory.l, /home/nyuad/NYUAD-ROV-Capstone-Repo/devel/share/roseus/ros/mav_msgs/msg/CommandTrajectory.l)
Linked: (/home/nyuad/NYUAD-ROV-Capstone-Repo/devel/.private/mav_msgs/share/roseus/ros/mav_msgs/msg/MotorSpeed.l, /home/nyuad/NYUAD-ROV-Capstone-Repo/devel/share/roseus/ros/mav_msgs/msg/MotorSpeed.l)
Linked: (/home/nyuad/NYUAD-ROV-Capstone-Repo/devel/.private/mav_msgs/share/roseus/ros/mav_msgs/msg/CommandVelocityTrajectory.l, /home/nyuad/NYUAD-ROV-Capstone-Repo/devel/share/roseus/ros/mav_msgs/msg/CommandVelocityTrajectory.l)
Linked: (/home/nyuad/NYUAD-ROV-Capstone-Repo/devel/.private/mav_msgs/share/roseus/ros/mav_msgs/msg/CommandMotorSpeed.l, /home/nyuad/NYUAD-ROV-Capstone-Repo/devel/share/roseus/ros/mav_msgs/msg/CommandMotorSpeed.l)
Linked: (/home/nyuad/NYUAD-ROV-Capstone-Repo/devel/.private/mav_msgs/share/roseus/ros/mav_msgs/msg/CommandRateThrust.l, /home/nyuad/NYUAD-ROV-Capstone-Repo/devel/share/roseus/ros/mav_msgs/msg/CommandRateThrust.l)
Linked: (/home/nyuad/NYUAD-ROV-Capstone-Repo/devel/.private/mav_msgs/share/common-lisp/ros/mav_msgs/msg/_package_CommandRateThrust.lisp, /home/nyuad/NYUAD-ROV-Capstone-Repo/devel/share/common-lisp/ros/mav_msgs/msg/_package_CommandRateThrust.lisp)
Linked: (/home/nyuad/NYUAD-ROV-Capstone-Repo/devel/.private/mav_msgs/share/common-lisp/ros/mav_msgs/msg/CommandMotorSpeed.lisp, /home/nyuad/NYUAD-ROV-Capstone-Repo/devel/share/common-lisp/ros/mav_msgs/msg/CommandMotorSpeed.lisp)
Linked: (/home/nyuad/NYUAD-ROV-Capstone-Repo/devel/.private/mav_msgs/share/common-lisp/ros/mav_msgs/msg/CommandRateThrust.lisp, /home/nyuad/NYUAD-ROV-Capstone-Repo/devel/share/common-lisp/ros/mav_msgs/msg/CommandRateThrust.lisp)
Linked: (/home/nyuad/NYUAD-ROV-Capstone-Repo/devel/.private/mav_msgs/share/common-lisp/ros/mav_msgs/msg/mav_msgs-msg.asd, /home/nyuad/NYUAD-ROV-Capstone-Repo/devel/share/common-lisp/ros/mav_msgs/msg/mav_msgs-msg.asd)
Linked: (/home/nyuad/NYUAD-ROV-Capstone-Repo/devel/.private/mav_msgs/share/common-lisp/ros/mav_msgs/msg/_package_CommandMotorSpeed.lisp, /home/nyuad/NYUAD-ROV-Capstone-Repo/devel/share/common-lisp/ros/mav_msgs/msg/_package_CommandMotorSpeed.lisp)
Linked: (/home/nyuad/NYUAD-ROV-Capstone-Repo/devel/.private/mav_msgs/share/common-lisp/ros/mav_msgs/msg/CommandTrajectory.lisp, /home/nyuad/NYUAD-ROV-Capstone-Repo/devel/share/common-lisp/ros/mav_msgs/msg/CommandTrajectory.lisp)
Linked: (/home/nyuad/NYUAD-ROV-Capstone-Repo/devel/.private/mav_msgs/share/common-lisp/ros/mav_msgs/msg/_package_CommandTrajectory.lisp, /home/nyuad/NYUAD-ROV-Capstone-Repo/devel/share/common-lisp/ros/mav_msgs/msg/_package_CommandTrajectory.lisp)
Linked: (/home/nyuad/NYUAD-ROV-Capstone-Repo/devel/.private/mav_msgs/share/common-lisp/ros/mav_msgs/msg/_package_CommandVelocityTrajectory.lisp, /home/nyuad/NYUAD-ROV-Capstone-Repo/devel/share/common-lisp/ros/mav_msgs/msg/_package_CommandVelocityTrajectory.lisp)
Linked: (/home/nyuad/NYUAD-ROV-Capstone-Repo/devel/.private/mav_msgs/share/common-lisp/ros/mav_msgs/msg/CommandAttitudeThrust.lisp, /home/nyuad/NYUAD-ROV-Capstone-Repo/devel/share/common-lisp/ros/mav_msgs/msg/CommandAttitudeThrust.lisp)
Linked: (/home/nyuad/NYUAD-ROV-Capstone-Repo/devel/.private/mav_msgs/share/common-lisp/ros/mav_msgs/msg/_package_CommandAttitudeThrust.lisp, /home/nyuad/NYUAD-ROV-Capstone-Repo/devel/share/common-lisp/ros/mav_msgs/msg/_package_CommandAttitudeThrust.lisp)
Linked: (/home/nyuad/NYUAD-ROV-Capstone-Repo/devel/.private/mav_msgs/share/common-lisp/ros/mav_msgs/msg/CommandVelocityTrajectory.lisp, /home/nyuad/NYUAD-ROV-Capstone-Repo/devel/share/common-lisp/ros/mav_msgs/msg/CommandVelocityTrajectory.lisp)
Linked: (/home/nyuad/NYUAD-ROV-Capstone-Repo/devel/.private/mav_msgs/share/common-lisp/ros/mav_msgs/msg/_package_CommandRollPitchYawrateThrust.lisp, /home/nyuad/NYUAD-ROV-Capstone-Repo/devel/share/common-lisp/ros/mav_msgs/msg/_package_CommandRollPitchYawrateThrust.lisp)
Linked: (/home/nyuad/NYUAD-ROV-Capstone-Repo/devel/.private/mav_msgs/share/common-lisp/ros/mav_msgs/msg/_package_MotorSpeed.lisp, /home/nyuad/NYUAD-ROV-Capstone-Repo/devel/share/common-lisp/ros/mav_msgs/msg/_package_MotorSpeed.lisp)
Linked: (/home/nyuad/NYUAD-ROV-Capstone-Repo/devel/.private/mav_msgs/share/common-lisp/ros/mav_msgs/msg/CommandRollPitchYawrateThrust.lisp, /home/nyuad/NYUAD-ROV-Capstone-Repo/devel/share/common-lisp/ros/mav_msgs/msg/CommandRollPitchYawrateThrust.lisp)
Linked: (/home/nyuad/NYUAD-ROV-Capstone-Repo/devel/.private/mav_msgs/share/common-lisp/ros/mav_msgs/msg/MotorSpeed.lisp, /home/nyuad/NYUAD-ROV-Capstone-Repo/devel/share/common-lisp/ros/mav_msgs/msg/MotorSpeed.lisp)
Linked: (/home/nyuad/NYUAD-ROV-Capstone-Repo/devel/.private/mav_msgs/share/common-lisp/ros/mav_msgs/msg/_package.lisp, /home/nyuad/NYUAD-ROV-Capstone-Repo/devel/share/common-lisp/ros/mav_msgs/msg/_package.lisp)
Linked: (/home/nyuad/NYUAD-ROV-Capstone-Repo/devel/.private/mav_msgs/share/mav_msgs/cmake/mav_msgs-msg-extras.cmake, /home/nyuad/NYUAD-ROV-Capstone-Repo/devel/share/mav_msgs/cmake/mav_msgs-msg-extras.cmake)
Linked: (/home/nyuad/NYUAD-ROV-Capstone-Repo/devel/.private/mav_msgs/share/mav_msgs/cmake/mav_msgs-msg-paths.cmake, /home/nyuad/NYUAD-ROV-Capstone-Repo/devel/share/mav_msgs/cmake/mav_msgs-msg-paths.cmake)
Linked: (/home/nyuad/NYUAD-ROV-Capstone-Repo/devel/.private/mav_msgs/share/mav_msgs/cmake/mav_msgsConfig.cmake, /home/nyuad/NYUAD-ROV-Capstone-Repo/devel/share/mav_msgs/cmake/mav_msgsConfig.cmake)
Linked: (/home/nyuad/NYUAD-ROV-Capstone-Repo/devel/.private/mav_msgs/share/mav_msgs/cmake/mav_msgsConfig-version.cmake, /home/nyuad/NYUAD-ROV-Capstone-Repo/devel/share/mav_msgs/cmake/mav_msgsConfig-version.cmake)
Linked: (/home/nyuad/NYUAD-ROV-Capstone-Repo/devel/.private/mav_msgs/share/gennodejs/ros/mav_msgs/_index.js, /home/nyuad/NYUAD-ROV-Capstone-Repo/devel/share/gennodejs/ros/mav_msgs/_index.js)
Linked: (/home/nyuad/NYUAD-ROV-Capstone-Repo/devel/.private/mav_msgs/share/gennodejs/ros/mav_msgs/msg/MotorSpeed.js, /home/nyuad/NYUAD-ROV-Capstone-Repo/devel/share/gennodejs/ros/mav_msgs/msg/MotorSpeed.js)
Linked: (/home/nyuad/NYUAD-ROV-Capstone-Repo/devel/.private/mav_msgs/share/gennodejs/ros/mav_msgs/msg/CommandMotorSpeed.js, /home/nyuad/NYUAD-ROV-Capstone-Repo/devel/share/gennodejs/ros/mav_msgs/msg/CommandMotorSpeed.js)
Linked: (/home/nyuad/NYUAD-ROV-Capstone-Repo/devel/.private/mav_msgs/share/gennodejs/ros/mav_msgs/msg/_index.js, /home/nyuad/NYUAD-ROV-Capstone-Repo/devel/share/gennodejs/ros/mav_msgs/msg/_index.js)
Linked: (/home/nyuad/NYUAD-ROV-Capstone-Repo/devel/.private/mav_msgs/share/gennodejs/ros/mav_msgs/msg/CommandTrajectory.js, /home/nyuad/NYUAD-ROV-Capstone-Repo/devel/share/gennodejs/ros/mav_msgs/msg/CommandTrajectory.js)
Linked: (/home/nyuad/NYUAD-ROV-Capstone-Repo/devel/.private/mav_msgs/share/gennodejs/ros/mav_msgs/msg/CommandRateThrust.js, /home/nyuad/NYUAD-ROV-Capstone-Repo/devel/share/gennodejs/ros/mav_msgs/msg/CommandRateThrust.js)
Linked: (/home/nyuad/NYUAD-ROV-Capstone-Repo/devel/.private/mav_msgs/share/gennodejs/ros/mav_msgs/msg/CommandAttitudeThrust.js, /home/nyuad/NYUAD-ROV-Capstone-Repo/devel/share/gennodejs/ros/mav_msgs/msg/CommandAttitudeThrust.js)
Linked: (/home/nyuad/NYUAD-ROV-Capstone-Repo/devel/.private/mav_msgs/share/gennodejs/ros/mav_msgs/msg/CommandVelocityTrajectory.js, /home/nyuad/NYUAD-ROV-Capstone-Repo/devel/share/gennodejs/ros/mav_msgs/msg/CommandVelocityTrajectory.js)
Linked: (/home/nyuad/NYUAD-ROV-Capstone-Repo/devel/.private/mav_msgs/share/gennodejs/ros/mav_msgs/msg/CommandRollPitchYawrateThrust.js, /home/nyuad/NYUAD-ROV-Capstone-Repo/devel/share/gennodejs/ros/mav_msgs/msg/CommandRollPitchYawrateThrust.js)
Linked: (/home/nyuad/NYUAD-ROV-Capstone-Repo/devel/.private/mav_msgs/include/mav_msgs/MotorSpeed.h, /home/nyuad/NYUAD-ROV-Capstone-Repo/devel/include/mav_msgs/MotorSpeed.h)
Linked: (/home/nyuad/NYUAD-ROV-Capstone-Repo/devel/.private/mav_msgs/include/mav_msgs/CommandTrajectory.h, /home/nyuad/NYUAD-ROV-Capstone-Repo/devel/include/mav_msgs/CommandTrajectory.h)
Linked: (/home/nyuad/NYUAD-ROV-Capstone-Repo/devel/.private/mav_msgs/include/mav_msgs/CommandAttitudeThrust.h, /home/nyuad/NYUAD-ROV-Capstone-Repo/devel/include/mav_msgs/CommandAttitudeThrust.h)
Linked: (/home/nyuad/NYUAD-ROV-Capstone-Repo/devel/.private/mav_msgs/include/mav_msgs/CommandRollPitchYawrateThrust.h, /home/nyuad/NYUAD-ROV-Capstone-Repo/devel/include/mav_msgs/CommandRollPitchYawrateThrust.h)
Linked: (/home/nyuad/NYUAD-ROV-Capstone-Repo/devel/.private/mav_msgs/include/mav_msgs/CommandRateThrust.h, /home/nyuad/NYUAD-ROV-Capstone-Repo/devel/include/mav_msgs/CommandRateThrust.h)
Linked: (/home/nyuad/NYUAD-ROV-Capstone-Repo/devel/.private/mav_msgs/include/mav_msgs/CommandMotorSpeed.h, /home/nyuad/NYUAD-ROV-Capstone-Repo/devel/include/mav_msgs/CommandMotorSpeed.h)
Linked: (/home/nyuad/NYUAD-ROV-Capstone-Repo/devel/.private/mav_msgs/include/mav_msgs/CommandVelocityTrajectory.h, /home/nyuad/NYUAD-ROV-Capstone-Repo/devel/include/mav_msgs/CommandVelocityTrajectory.h)
Linked: (/home/nyuad/NYUAD-ROV-Capstone-Repo/devel/.private/mav_msgs/lib/pkgconfig/mav_msgs.pc, /home/nyuad/NYUAD-ROV-Capstone-Repo/devel/lib/pkgconfig/mav_msgs.pc)
Linked: (/home/nyuad/NYUAD-ROV-Capstone-Repo/devel/.private/mav_msgs/lib/python2.7/dist-packages/mav_msgs/__init__.py, /home/nyuad/NYUAD-ROV-Capstone-Repo/devel/lib/python2.7/dist-packages/mav_msgs/__init__.py)
Linked: (/home/nyuad/NYUAD-ROV-Capstone-Repo/devel/.private/mav_msgs/lib/python2.7/dist-packages/mav_msgs/msg/__init__.py, /home/nyuad/NYUAD-ROV-Capstone-Repo/devel/lib/python2.7/dist-packages/mav_msgs/msg/__init__.py)
Linked: (/home/nyuad/NYUAD-ROV-Capstone-Repo/devel/.private/mav_msgs/lib/python2.7/dist-packages/mav_msgs/msg/_CommandRollPitchYawrateThrust.py, /home/nyuad/NYUAD-ROV-Capstone-Repo/devel/lib/python2.7/dist-packages/mav_msgs/msg/_CommandRollPitchYawrateThrust.py)
Linked: (/home/nyuad/NYUAD-ROV-Capstone-Repo/devel/.private/mav_msgs/lib/python2.7/dist-packages/mav_msgs/msg/_CommandRateThrust.py, /home/nyuad/NYUAD-ROV-Capstone-Repo/devel/lib/python2.7/dist-packages/mav_msgs/msg/_CommandRateThrust.py)
Linked: (/home/nyuad/NYUAD-ROV-Capstone-Repo/devel/.private/mav_msgs/lib/python2.7/dist-packages/mav_msgs/msg/_MotorSpeed.py, /home/nyuad/NYUAD-ROV-Capstone-Repo/devel/lib/python2.7/dist-packages/mav_msgs/msg/_MotorSpeed.py)
Linked: (/home/nyuad/NYUAD-ROV-Capstone-Repo/devel/.private/mav_msgs/lib/python2.7/dist-packages/mav_msgs/msg/_CommandVelocityTrajectory.py, /home/nyuad/NYUAD-ROV-Capstone-Repo/devel/lib/python2.7/dist-packages/mav_msgs/msg/_CommandVelocityTrajectory.py)
Linked: (/home/nyuad/NYUAD-ROV-Capstone-Repo/devel/.private/mav_msgs/lib/python2.7/dist-packages/mav_msgs/msg/_CommandTrajectory.py, /home/nyuad/NYUAD-ROV-Capstone-Repo/devel/lib/python2.7/dist-packages/mav_msgs/msg/_CommandTrajectory.py)
Linked: (/home/nyuad/NYUAD-ROV-Capstone-Repo/devel/.private/mav_msgs/lib/python2.7/dist-packages/mav_msgs/msg/_CommandAttitudeThrust.py, /home/nyuad/NYUAD-ROV-Capstone-Repo/devel/lib/python2.7/dist-packages/mav_msgs/msg/_CommandAttitudeThrust.py)
Linked: (/home/nyuad/NYUAD-ROV-Capstone-Repo/devel/.private/mav_msgs/lib/python2.7/dist-packages/mav_msgs/msg/_CommandMotorSpeed.py, /home/nyuad/NYUAD-ROV-Capstone-Repo/devel/lib/python2.7/dist-packages/mav_msgs/msg/_CommandMotorSpeed.py)
