[  3%] Built target bluerov2_control_gencfg
[  3%] Built target uuv_control_msgs_generate_messages_eus
[  3%] Built target geographic_msgs_generate_messages_eus
[  3%] Built target geometry_msgs_generate_messages_eus
[  3%] Built target _bluerov2_control_generate_messages_check_deps_FollowWaypointsGoal
[  3%] Built target _bluerov2_control_generate_messages_check_deps_SetControlMode
[  3%] Built target _bluerov2_control_generate_messages_check_deps_ControlMode
[  3%] Built target actionlib_msgs_generate_messages_eus
[  3%] Built target _bluerov2_control_generate_messages_check_deps_FollowWaypointsFeedback
[  3%] Built target _bluerov2_control_generate_messages_check_deps_Autopilot
[  3%] Built target _bluerov2_control_generate_messages_check_deps_FollowWaypointsActionResult
[  3%] Built target _bluerov2_control_generate_messages_check_deps_ConvertGeoPoints
[  3%] Built target _bluerov2_control_generate_messages_check_deps_FollowWaypointsAction
[  3%] Built target _bluerov2_control_generate_messages_check_deps_FollowWaypointsActionFeedback
[  3%] Built target geographic_msgs_generate_messages_cpp
[  3%] Built target geometry_msgs_generate_messages_cpp
[  3%] Built target actionlib_msgs_generate_messages_cpp
[  3%] Built target _bluerov2_control_generate_messages_check_deps_FollowWaypointsActionGoal
[  3%] Built target actionlib_msgs_generate_messages_lisp
[  3%] Built target uuv_control_msgs_generate_messages_cpp
[  3%] Built target uuv_control_msgs_generate_messages_lisp
[  3%] Built target _bluerov2_control_generate_messages_check_deps_FollowWaypointsResult
[  3%] Built target geographic_msgs_generate_messages_lisp
[  3%] Built target geometry_msgs_generate_messages_lisp
[  3%] Built target geographic_msgs_generate_messages_nodejs
[  3%] Built target actionlib_msgs_generate_messages_nodejs
[  3%] Built target uuv_control_msgs_generate_messages_nodejs
[  3%] Built target geographic_msgs_generate_messages_py
[  3%] Built target geometry_msgs_generate_messages_nodejs
[  3%] Built target actionlib_msgs_generate_messages_py
[  3%] Built target uuv_control_msgs_generate_messages_py
[  3%] Built target geometry_msgs_generate_messages_py
[ 23%] Built target bluerov2_control_generate_messages_eus
[ 41%] Built target bluerov2_control_generate_messages_cpp
[ 60%] Built target bluerov2_control_generate_messages_lisp
[ 78%] Built target bluerov2_control_generate_messages_nodejs
[100%] Built target bluerov2_control_generate_messages_py
[100%] Built target bluerov2_control_generate_messages
