Linked: (/home/nyuad/NYUAD-ROV-Capstone-Repo/devel/.private/bluerov2_control/share/roseus/ros/bluerov2_control/manifest.l, /home/nyuad/NYUAD-ROV-Capstone-Repo/devel/share/roseus/ros/bluerov2_control/manifest.l)
Linked: (/home/nyuad/NYUAD-ROV-Capstone-Repo/devel/.private/bluerov2_control/share/roseus/ros/bluerov2_control/msg/FollowWaypointsResult.l, /home/nyuad/NYUAD-ROV-Capstone-Repo/devel/share/roseus/ros/bluerov2_control/msg/FollowWaypointsResult.l)
Linked: (/home/nyuad/NYUAD-ROV-Capstone-Repo/devel/.private/bluerov2_control/share/roseus/ros/bluerov2_control/msg/FollowWaypointsActionGoal.l, /home/nyuad/NYUAD-ROV-Capstone-Repo/devel/share/roseus/ros/bluerov2_control/msg/FollowWaypointsActionGoal.l)
Linked: (/home/nyuad/NYUAD-ROV-Capstone-Repo/devel/.private/bluerov2_control/share/roseus/ros/bluerov2_control/msg/FollowWaypointsGoal.l, /home/nyuad/NYUAD-ROV-Capstone-Repo/devel/share/roseus/ros/bluerov2_control/msg/FollowWaypointsGoal.l)
Linked: (/home/nyuad/NYUAD-ROV-Capstone-Repo/devel/.private/bluerov2_control/share/roseus/ros/bluerov2_control/msg/FollowWaypointsActionResult.l, /home/nyuad/NYUAD-ROV-Capstone-Repo/devel/share/roseus/ros/bluerov2_control/msg/FollowWaypointsActionResult.l)
Linked: (/home/nyuad/NYUAD-ROV-Capstone-Repo/devel/.private/bluerov2_control/share/roseus/ros/bluerov2_control/msg/FollowWaypointsFeedback.l, /home/nyuad/NYUAD-ROV-Capstone-Repo/devel/share/roseus/ros/bluerov2_control/msg/FollowWaypointsFeedback.l)
Linked: (/home/nyuad/NYUAD-ROV-Capstone-Repo/devel/.private/bluerov2_control/share/roseus/ros/bluerov2_control/msg/Autopilot.l, /home/nyuad/NYUAD-ROV-Capstone-Repo/devel/share/roseus/ros/bluerov2_control/msg/Autopilot.l)
Linked: (/home/nyuad/NYUAD-ROV-Capstone-Repo/devel/.private/bluerov2_control/share/roseus/ros/bluerov2_control/msg/FollowWaypointsActionFeedback.l, /home/nyuad/NYUAD-ROV-Capstone-Repo/devel/share/roseus/ros/bluerov2_control/msg/FollowWaypointsActionFeedback.l)
Linked: (/home/nyuad/NYUAD-ROV-Capstone-Repo/devel/.private/bluerov2_control/share/roseus/ros/bluerov2_control/msg/ControlMode.l, /home/nyuad/NYUAD-ROV-Capstone-Repo/devel/share/roseus/ros/bluerov2_control/msg/ControlMode.l)
Linked: (/home/nyuad/NYUAD-ROV-Capstone-Repo/devel/.private/bluerov2_control/share/roseus/ros/bluerov2_control/msg/FollowWaypointsAction.l, /home/nyuad/NYUAD-ROV-Capstone-Repo/devel/share/roseus/ros/bluerov2_control/msg/FollowWaypointsAction.l)
Linked: (/home/nyuad/NYUAD-ROV-Capstone-Repo/devel/.private/bluerov2_control/share/roseus/ros/bluerov2_control/srv/ConvertGeoPoints.l, /home/nyuad/NYUAD-ROV-Capstone-Repo/devel/share/roseus/ros/bluerov2_control/srv/ConvertGeoPoints.l)
Linked: (/home/nyuad/NYUAD-ROV-Capstone-Repo/devel/.private/bluerov2_control/share/roseus/ros/bluerov2_control/srv/SetControlMode.l, /home/nyuad/NYUAD-ROV-Capstone-Repo/devel/share/roseus/ros/bluerov2_control/srv/SetControlMode.l)
Linked: (/home/nyuad/NYUAD-ROV-Capstone-Repo/devel/.private/bluerov2_control/share/common-lisp/ros/bluerov2_control/msg/_package_FollowWaypointsAction.lisp, /home/nyuad/NYUAD-ROV-Capstone-Repo/devel/share/common-lisp/ros/bluerov2_control/msg/_package_FollowWaypointsAction.lisp)
Linked: (/home/nyuad/NYUAD-ROV-Capstone-Repo/devel/.private/bluerov2_control/share/common-lisp/ros/bluerov2_control/msg/_package_FollowWaypointsResult.lisp, /home/nyuad/NYUAD-ROV-Capstone-Repo/devel/share/common-lisp/ros/bluerov2_control/msg/_package_FollowWaypointsResult.lisp)
Linked: (/home/nyuad/NYUAD-ROV-Capstone-Repo/devel/.private/bluerov2_control/share/common-lisp/ros/bluerov2_control/msg/ControlMode.lisp, /home/nyuad/NYUAD-ROV-Capstone-Repo/devel/share/common-lisp/ros/bluerov2_control/msg/ControlMode.lisp)
Linked: (/home/nyuad/NYUAD-ROV-Capstone-Repo/devel/.private/bluerov2_control/share/common-lisp/ros/bluerov2_control/msg/Autopilot.lisp, /home/nyuad/NYUAD-ROV-Capstone-Repo/devel/share/common-lisp/ros/bluerov2_control/msg/Autopilot.lisp)
Linked: (/home/nyuad/NYUAD-ROV-Capstone-Repo/devel/.private/bluerov2_control/share/common-lisp/ros/bluerov2_control/msg/FollowWaypointsGoal.lisp, /home/nyuad/NYUAD-ROV-Capstone-Repo/devel/share/common-lisp/ros/bluerov2_control/msg/FollowWaypointsGoal.lisp)
Linked: (/home/nyuad/NYUAD-ROV-Capstone-Repo/devel/.private/bluerov2_control/share/common-lisp/ros/bluerov2_control/msg/bluerov2_control-msg.asd, /home/nyuad/NYUAD-ROV-Capstone-Repo/devel/share/common-lisp/ros/bluerov2_control/msg/bluerov2_control-msg.asd)
Linked: (/home/nyuad/NYUAD-ROV-Capstone-Repo/devel/.private/bluerov2_control/share/common-lisp/ros/bluerov2_control/msg/_package_ControlMode.lisp, /home/nyuad/NYUAD-ROV-Capstone-Repo/devel/share/common-lisp/ros/bluerov2_control/msg/_package_ControlMode.lisp)
Linked: (/home/nyuad/NYUAD-ROV-Capstone-Repo/devel/.private/bluerov2_control/share/common-lisp/ros/bluerov2_control/msg/_package_FollowWaypointsActionGoal.lisp, /home/nyuad/NYUAD-ROV-Capstone-Repo/devel/share/common-lisp/ros/bluerov2_control/msg/_package_FollowWaypointsActionGoal.lisp)
Linked: (/home/nyuad/NYUAD-ROV-Capstone-Repo/devel/.private/bluerov2_control/share/common-lisp/ros/bluerov2_control/msg/FollowWaypointsActionResult.lisp, /home/nyuad/NYUAD-ROV-Capstone-Repo/devel/share/common-lisp/ros/bluerov2_control/msg/FollowWaypointsActionResult.lisp)
Linked: (/home/nyuad/NYUAD-ROV-Capstone-Repo/devel/.private/bluerov2_control/share/common-lisp/ros/bluerov2_control/msg/FollowWaypointsActionFeedback.lisp, /home/nyuad/NYUAD-ROV-Capstone-Repo/devel/share/common-lisp/ros/bluerov2_control/msg/FollowWaypointsActionFeedback.lisp)
Linked: (/home/nyuad/NYUAD-ROV-Capstone-Repo/devel/.private/bluerov2_control/share/common-lisp/ros/bluerov2_control/msg/FollowWaypointsFeedback.lisp, /home/nyuad/NYUAD-ROV-Capstone-Repo/devel/share/common-lisp/ros/bluerov2_control/msg/FollowWaypointsFeedback.lisp)
Linked: (/home/nyuad/NYUAD-ROV-Capstone-Repo/devel/.private/bluerov2_control/share/common-lisp/ros/bluerov2_control/msg/_package_FollowWaypointsActionResult.lisp, /home/nyuad/NYUAD-ROV-Capstone-Repo/devel/share/common-lisp/ros/bluerov2_control/msg/_package_FollowWaypointsActionResult.lisp)
Linked: (/home/nyuad/NYUAD-ROV-Capstone-Repo/devel/.private/bluerov2_control/share/common-lisp/ros/bluerov2_control/msg/_package_FollowWaypointsFeedback.lisp, /home/nyuad/NYUAD-ROV-Capstone-Repo/devel/share/common-lisp/ros/bluerov2_control/msg/_package_FollowWaypointsFeedback.lisp)
Linked: (/home/nyuad/NYUAD-ROV-Capstone-Repo/devel/.private/bluerov2_control/share/common-lisp/ros/bluerov2_control/msg/_package_FollowWaypointsActionFeedback.lisp, /home/nyuad/NYUAD-ROV-Capstone-Repo/devel/share/common-lisp/ros/bluerov2_control/msg/_package_FollowWaypointsActionFeedback.lisp)
Linked: (/home/nyuad/NYUAD-ROV-Capstone-Repo/devel/.private/bluerov2_control/share/common-lisp/ros/bluerov2_control/msg/FollowWaypointsAction.lisp, /home/nyuad/NYUAD-ROV-Capstone-Repo/devel/share/common-lisp/ros/bluerov2_control/msg/FollowWaypointsAction.lisp)
Linked: (/home/nyuad/NYUAD-ROV-Capstone-Repo/devel/.private/bluerov2_control/share/common-lisp/ros/bluerov2_control/msg/FollowWaypointsActionGoal.lisp, /home/nyuad/NYUAD-ROV-Capstone-Repo/devel/share/common-lisp/ros/bluerov2_control/msg/FollowWaypointsActionGoal.lisp)
Linked: (/home/nyuad/NYUAD-ROV-Capstone-Repo/devel/.private/bluerov2_control/share/common-lisp/ros/bluerov2_control/msg/_package_Autopilot.lisp, /home/nyuad/NYUAD-ROV-Capstone-Repo/devel/share/common-lisp/ros/bluerov2_control/msg/_package_Autopilot.lisp)
Linked: (/home/nyuad/NYUAD-ROV-Capstone-Repo/devel/.private/bluerov2_control/share/common-lisp/ros/bluerov2_control/msg/_package_FollowWaypointsGoal.lisp, /home/nyuad/NYUAD-ROV-Capstone-Repo/devel/share/common-lisp/ros/bluerov2_control/msg/_package_FollowWaypointsGoal.lisp)
Linked: (/home/nyuad/NYUAD-ROV-Capstone-Repo/devel/.private/bluerov2_control/share/common-lisp/ros/bluerov2_control/msg/_package.lisp, /home/nyuad/NYUAD-ROV-Capstone-Repo/devel/share/common-lisp/ros/bluerov2_control/msg/_package.lisp)
Linked: (/home/nyuad/NYUAD-ROV-Capstone-Repo/devel/.private/bluerov2_control/share/common-lisp/ros/bluerov2_control/msg/FollowWaypointsResult.lisp, /home/nyuad/NYUAD-ROV-Capstone-Repo/devel/share/common-lisp/ros/bluerov2_control/msg/FollowWaypointsResult.lisp)
Linked: (/home/nyuad/NYUAD-ROV-Capstone-Repo/devel/.private/bluerov2_control/share/common-lisp/ros/bluerov2_control/srv/ConvertGeoPoints.lisp, /home/nyuad/NYUAD-ROV-Capstone-Repo/devel/share/common-lisp/ros/bluerov2_control/srv/ConvertGeoPoints.lisp)
Linked: (/home/nyuad/NYUAD-ROV-Capstone-Repo/devel/.private/bluerov2_control/share/common-lisp/ros/bluerov2_control/srv/SetControlMode.lisp, /home/nyuad/NYUAD-ROV-Capstone-Repo/devel/share/common-lisp/ros/bluerov2_control/srv/SetControlMode.lisp)
Linked: (/home/nyuad/NYUAD-ROV-Capstone-Repo/devel/.private/bluerov2_control/share/common-lisp/ros/bluerov2_control/srv/_package_ConvertGeoPoints.lisp, /home/nyuad/NYUAD-ROV-Capstone-Repo/devel/share/common-lisp/ros/bluerov2_control/srv/_package_ConvertGeoPoints.lisp)
Linked: (/home/nyuad/NYUAD-ROV-Capstone-Repo/devel/.private/bluerov2_control/share/common-lisp/ros/bluerov2_control/srv/_package_SetControlMode.lisp, /home/nyuad/NYUAD-ROV-Capstone-Repo/devel/share/common-lisp/ros/bluerov2_control/srv/_package_SetControlMode.lisp)
Linked: (/home/nyuad/NYUAD-ROV-Capstone-Repo/devel/.private/bluerov2_control/share/common-lisp/ros/bluerov2_control/srv/bluerov2_control-srv.asd, /home/nyuad/NYUAD-ROV-Capstone-Repo/devel/share/common-lisp/ros/bluerov2_control/srv/bluerov2_control-srv.asd)
Linked: (/home/nyuad/NYUAD-ROV-Capstone-Repo/devel/.private/bluerov2_control/share/common-lisp/ros/bluerov2_control/srv/_package.lisp, /home/nyuad/NYUAD-ROV-Capstone-Repo/devel/share/common-lisp/ros/bluerov2_control/srv/_package.lisp)
Linked: (/home/nyuad/NYUAD-ROV-Capstone-Repo/devel/.private/bluerov2_control/share/bluerov2_control/cmake/bluerov2_controlConfig.cmake, /home/nyuad/NYUAD-ROV-Capstone-Repo/devel/share/bluerov2_control/cmake/bluerov2_controlConfig.cmake)
Linked: (/home/nyuad/NYUAD-ROV-Capstone-Repo/devel/.private/bluerov2_control/share/bluerov2_control/cmake/bluerov2_controlConfig-version.cmake, /home/nyuad/NYUAD-ROV-Capstone-Repo/devel/share/bluerov2_control/cmake/bluerov2_controlConfig-version.cmake)
Linked: (/home/nyuad/NYUAD-ROV-Capstone-Repo/devel/.private/bluerov2_control/share/bluerov2_control/cmake/bluerov2_control-msg-extras.cmake, /home/nyuad/NYUAD-ROV-Capstone-Repo/devel/share/bluerov2_control/cmake/bluerov2_control-msg-extras.cmake)
Linked: (/home/nyuad/NYUAD-ROV-Capstone-Repo/devel/.private/bluerov2_control/share/bluerov2_control/cmake/bluerov2_control-msg-paths.cmake, /home/nyuad/NYUAD-ROV-Capstone-Repo/devel/share/bluerov2_control/cmake/bluerov2_control-msg-paths.cmake)
Linked: (/home/nyuad/NYUAD-ROV-Capstone-Repo/devel/.private/bluerov2_control/share/bluerov2_control/msg/FollowWaypointsFeedback.msg, /home/nyuad/NYUAD-ROV-Capstone-Repo/devel/share/bluerov2_control/msg/FollowWaypointsFeedback.msg)
Linked: (/home/nyuad/NYUAD-ROV-Capstone-Repo/devel/.private/bluerov2_control/share/bluerov2_control/msg/FollowWaypointsAction.msg, /home/nyuad/NYUAD-ROV-Capstone-Repo/devel/share/bluerov2_control/msg/FollowWaypointsAction.msg)
Linked: (/home/nyuad/NYUAD-ROV-Capstone-Repo/devel/.private/bluerov2_control/share/bluerov2_control/msg/FollowWaypointsGoal.msg, /home/nyuad/NYUAD-ROV-Capstone-Repo/devel/share/bluerov2_control/msg/FollowWaypointsGoal.msg)
Linked: (/home/nyuad/NYUAD-ROV-Capstone-Repo/devel/.private/bluerov2_control/share/bluerov2_control/msg/FollowWaypointsActionFeedback.msg, /home/nyuad/NYUAD-ROV-Capstone-Repo/devel/share/bluerov2_control/msg/FollowWaypointsActionFeedback.msg)
Linked: (/home/nyuad/NYUAD-ROV-Capstone-Repo/devel/.private/bluerov2_control/share/bluerov2_control/msg/FollowWaypointsResult.msg, /home/nyuad/NYUAD-ROV-Capstone-Repo/devel/share/bluerov2_control/msg/FollowWaypointsResult.msg)
Linked: (/home/nyuad/NYUAD-ROV-Capstone-Repo/devel/.private/bluerov2_control/share/bluerov2_control/msg/FollowWaypointsActionGoal.msg, /home/nyuad/NYUAD-ROV-Capstone-Repo/devel/share/bluerov2_control/msg/FollowWaypointsActionGoal.msg)
Linked: (/home/nyuad/NYUAD-ROV-Capstone-Repo/devel/.private/bluerov2_control/share/bluerov2_control/msg/FollowWaypointsActionResult.msg, /home/nyuad/NYUAD-ROV-Capstone-Repo/devel/share/bluerov2_control/msg/FollowWaypointsActionResult.msg)
Linked: (/home/nyuad/NYUAD-ROV-Capstone-Repo/devel/.private/bluerov2_control/share/bluerov2_control/docs/marker_reconfigConfig.wikidoc, /home/nyuad/NYUAD-ROV-Capstone-Repo/devel/share/bluerov2_control/docs/marker_reconfigConfig.wikidoc)
Linked: (/home/nyuad/NYUAD-ROV-Capstone-Repo/devel/.private/bluerov2_control/share/bluerov2_control/docs/pid_reconfigConfig-usage.dox, /home/nyuad/NYUAD-ROV-Capstone-Repo/devel/share/bluerov2_control/docs/pid_reconfigConfig-usage.dox)
Linked: (/home/nyuad/NYUAD-ROV-Capstone-Repo/devel/.private/bluerov2_control/share/bluerov2_control/docs/marker_reconfigConfig.dox, /home/nyuad/NYUAD-ROV-Capstone-Repo/devel/share/bluerov2_control/docs/marker_reconfigConfig.dox)
Linked: (/home/nyuad/NYUAD-ROV-Capstone-Repo/devel/.private/bluerov2_control/share/bluerov2_control/docs/pid_reconfigConfig.wikidoc, /home/nyuad/NYUAD-ROV-Capstone-Repo/devel/share/bluerov2_control/docs/pid_reconfigConfig.wikidoc)
Linked: (/home/nyuad/NYUAD-ROV-Capstone-Repo/devel/.private/bluerov2_control/share/bluerov2_control/docs/marker_reconfigConfig-usage.dox, /home/nyuad/NYUAD-ROV-Capstone-Repo/devel/share/bluerov2_control/docs/marker_reconfigConfig-usage.dox)
Linked: (/home/nyuad/NYUAD-ROV-Capstone-Repo/devel/.private/bluerov2_control/share/bluerov2_control/docs/pid_reconfigConfig.dox, /home/nyuad/NYUAD-ROV-Capstone-Repo/devel/share/bluerov2_control/docs/pid_reconfigConfig.dox)
Linked: (/home/nyuad/NYUAD-ROV-Capstone-Repo/devel/.private/bluerov2_control/share/gennodejs/ros/bluerov2_control/_index.js, /home/nyuad/NYUAD-ROV-Capstone-Repo/devel/share/gennodejs/ros/bluerov2_control/_index.js)
Linked: (/home/nyuad/NYUAD-ROV-Capstone-Repo/devel/.private/bluerov2_control/share/gennodejs/ros/bluerov2_control/msg/FollowWaypointsActionGoal.js, /home/nyuad/NYUAD-ROV-Capstone-Repo/devel/share/gennodejs/ros/bluerov2_control/msg/FollowWaypointsActionGoal.js)
Linked: (/home/nyuad/NYUAD-ROV-Capstone-Repo/devel/.private/bluerov2_control/share/gennodejs/ros/bluerov2_control/msg/FollowWaypointsActionFeedback.js, /home/nyuad/NYUAD-ROV-Capstone-Repo/devel/share/gennodejs/ros/bluerov2_control/msg/FollowWaypointsActionFeedback.js)
Linked: (/home/nyuad/NYUAD-ROV-Capstone-Repo/devel/.private/bluerov2_control/share/gennodejs/ros/bluerov2_control/msg/_index.js, /home/nyuad/NYUAD-ROV-Capstone-Repo/devel/share/gennodejs/ros/bluerov2_control/msg/_index.js)
Linked: (/home/nyuad/NYUAD-ROV-Capstone-Repo/devel/.private/bluerov2_control/share/gennodejs/ros/bluerov2_control/msg/FollowWaypointsAction.js, /home/nyuad/NYUAD-ROV-Capstone-Repo/devel/share/gennodejs/ros/bluerov2_control/msg/FollowWaypointsAction.js)
Linked: (/home/nyuad/NYUAD-ROV-Capstone-Repo/devel/.private/bluerov2_control/share/gennodejs/ros/bluerov2_control/msg/FollowWaypointsActionResult.js, /home/nyuad/NYUAD-ROV-Capstone-Repo/devel/share/gennodejs/ros/bluerov2_control/msg/FollowWaypointsActionResult.js)
Linked: (/home/nyuad/NYUAD-ROV-Capstone-Repo/devel/.private/bluerov2_control/share/gennodejs/ros/bluerov2_control/msg/FollowWaypointsFeedback.js, /home/nyuad/NYUAD-ROV-Capstone-Repo/devel/share/gennodejs/ros/bluerov2_control/msg/FollowWaypointsFeedback.js)
Linked: (/home/nyuad/NYUAD-ROV-Capstone-Repo/devel/.private/bluerov2_control/share/gennodejs/ros/bluerov2_control/msg/ControlMode.js, /home/nyuad/NYUAD-ROV-Capstone-Repo/devel/share/gennodejs/ros/bluerov2_control/msg/ControlMode.js)
Linked: (/home/nyuad/NYUAD-ROV-Capstone-Repo/devel/.private/bluerov2_control/share/gennodejs/ros/bluerov2_control/msg/FollowWaypointsGoal.js, /home/nyuad/NYUAD-ROV-Capstone-Repo/devel/share/gennodejs/ros/bluerov2_control/msg/FollowWaypointsGoal.js)
Linked: (/home/nyuad/NYUAD-ROV-Capstone-Repo/devel/.private/bluerov2_control/share/gennodejs/ros/bluerov2_control/msg/FollowWaypointsResult.js, /home/nyuad/NYUAD-ROV-Capstone-Repo/devel/share/gennodejs/ros/bluerov2_control/msg/FollowWaypointsResult.js)
Linked: (/home/nyuad/NYUAD-ROV-Capstone-Repo/devel/.private/bluerov2_control/share/gennodejs/ros/bluerov2_control/msg/Autopilot.js, /home/nyuad/NYUAD-ROV-Capstone-Repo/devel/share/gennodejs/ros/bluerov2_control/msg/Autopilot.js)
Linked: (/home/nyuad/NYUAD-ROV-Capstone-Repo/devel/.private/bluerov2_control/share/gennodejs/ros/bluerov2_control/srv/_index.js, /home/nyuad/NYUAD-ROV-Capstone-Repo/devel/share/gennodejs/ros/bluerov2_control/srv/_index.js)
Linked: (/home/nyuad/NYUAD-ROV-Capstone-Repo/devel/.private/bluerov2_control/share/gennodejs/ros/bluerov2_control/srv/ConvertGeoPoints.js, /home/nyuad/NYUAD-ROV-Capstone-Repo/devel/share/gennodejs/ros/bluerov2_control/srv/ConvertGeoPoints.js)
Linked: (/home/nyuad/NYUAD-ROV-Capstone-Repo/devel/.private/bluerov2_control/share/gennodejs/ros/bluerov2_control/srv/SetControlMode.js, /home/nyuad/NYUAD-ROV-Capstone-Repo/devel/share/gennodejs/ros/bluerov2_control/srv/SetControlMode.js)
Linked: (/home/nyuad/NYUAD-ROV-Capstone-Repo/devel/.private/bluerov2_control/include/bluerov2_control/FollowWaypointsFeedback.h, /home/nyuad/NYUAD-ROV-Capstone-Repo/devel/include/bluerov2_control/FollowWaypointsFeedback.h)
Linked: (/home/nyuad/NYUAD-ROV-Capstone-Repo/devel/.private/bluerov2_control/include/bluerov2_control/FollowWaypointsActionResult.h, /home/nyuad/NYUAD-ROV-Capstone-Repo/devel/include/bluerov2_control/FollowWaypointsActionResult.h)
Linked: (/home/nyuad/NYUAD-ROV-Capstone-Repo/devel/.private/bluerov2_control/include/bluerov2_control/ConvertGeoPoints.h, /home/nyuad/NYUAD-ROV-Capstone-Repo/devel/include/bluerov2_control/ConvertGeoPoints.h)
Linked: (/home/nyuad/NYUAD-ROV-Capstone-Repo/devel/.private/bluerov2_control/include/bluerov2_control/FollowWaypointsGoal.h, /home/nyuad/NYUAD-ROV-Capstone-Repo/devel/include/bluerov2_control/FollowWaypointsGoal.h)
Linked: (/home/nyuad/NYUAD-ROV-Capstone-Repo/devel/.private/bluerov2_control/include/bluerov2_control/ControlMode.h, /home/nyuad/NYUAD-ROV-Capstone-Repo/devel/include/bluerov2_control/ControlMode.h)
Linked: (/home/nyuad/NYUAD-ROV-Capstone-Repo/devel/.private/bluerov2_control/include/bluerov2_control/pid_reconfigConfig.h, /home/nyuad/NYUAD-ROV-Capstone-Repo/devel/include/bluerov2_control/pid_reconfigConfig.h)
Linked: (/home/nyuad/NYUAD-ROV-Capstone-Repo/devel/.private/bluerov2_control/include/bluerov2_control/ConvertGeoPointsRequest.h, /home/nyuad/NYUAD-ROV-Capstone-Repo/devel/include/bluerov2_control/ConvertGeoPointsRequest.h)
Linked: (/home/nyuad/NYUAD-ROV-Capstone-Repo/devel/.private/bluerov2_control/include/bluerov2_control/SetControlModeResponse.h, /home/nyuad/NYUAD-ROV-Capstone-Repo/devel/include/bluerov2_control/SetControlModeResponse.h)
Linked: (/home/nyuad/NYUAD-ROV-Capstone-Repo/devel/.private/bluerov2_control/include/bluerov2_control/FollowWaypointsResult.h, /home/nyuad/NYUAD-ROV-Capstone-Repo/devel/include/bluerov2_control/FollowWaypointsResult.h)
Linked: (/home/nyuad/NYUAD-ROV-Capstone-Repo/devel/.private/bluerov2_control/include/bluerov2_control/Autopilot.h, /home/nyuad/NYUAD-ROV-Capstone-Repo/devel/include/bluerov2_control/Autopilot.h)
Linked: (/home/nyuad/NYUAD-ROV-Capstone-Repo/devel/.private/bluerov2_control/include/bluerov2_control/FollowWaypointsAction.h, /home/nyuad/NYUAD-ROV-Capstone-Repo/devel/include/bluerov2_control/FollowWaypointsAction.h)
Linked: (/home/nyuad/NYUAD-ROV-Capstone-Repo/devel/.private/bluerov2_control/include/bluerov2_control/marker_reconfigConfig.h, /home/nyuad/NYUAD-ROV-Capstone-Repo/devel/include/bluerov2_control/marker_reconfigConfig.h)
Linked: (/home/nyuad/NYUAD-ROV-Capstone-Repo/devel/.private/bluerov2_control/include/bluerov2_control/FollowWaypointsActionGoal.h, /home/nyuad/NYUAD-ROV-Capstone-Repo/devel/include/bluerov2_control/FollowWaypointsActionGoal.h)
Linked: (/home/nyuad/NYUAD-ROV-Capstone-Repo/devel/.private/bluerov2_control/include/bluerov2_control/SetControlModeRequest.h, /home/nyuad/NYUAD-ROV-Capstone-Repo/devel/include/bluerov2_control/SetControlModeRequest.h)
Linked: (/home/nyuad/NYUAD-ROV-Capstone-Repo/devel/.private/bluerov2_control/include/bluerov2_control/FollowWaypointsActionFeedback.h, /home/nyuad/NYUAD-ROV-Capstone-Repo/devel/include/bluerov2_control/FollowWaypointsActionFeedback.h)
Linked: (/home/nyuad/NYUAD-ROV-Capstone-Repo/devel/.private/bluerov2_control/include/bluerov2_control/SetControlMode.h, /home/nyuad/NYUAD-ROV-Capstone-Repo/devel/include/bluerov2_control/SetControlMode.h)
Linked: (/home/nyuad/NYUAD-ROV-Capstone-Repo/devel/.private/bluerov2_control/include/bluerov2_control/ConvertGeoPointsResponse.h, /home/nyuad/NYUAD-ROV-Capstone-Repo/devel/include/bluerov2_control/ConvertGeoPointsResponse.h)
Linked: (/home/nyuad/NYUAD-ROV-Capstone-Repo/devel/.private/bluerov2_control/lib/pkgconfig/bluerov2_control.pc, /home/nyuad/NYUAD-ROV-Capstone-Repo/devel/lib/pkgconfig/bluerov2_control.pc)
Linked: (/home/nyuad/NYUAD-ROV-Capstone-Repo/devel/.private/bluerov2_control/lib/python2.7/dist-packages/bluerov2_control/__init__.py, /home/nyuad/NYUAD-ROV-Capstone-Repo/devel/lib/python2.7/dist-packages/bluerov2_control/__init__.py)
Linked: (/home/nyuad/NYUAD-ROV-Capstone-Repo/devel/.private/bluerov2_control/lib/python2.7/dist-packages/bluerov2_control/msg/__init__.py, /home/nyuad/NYUAD-ROV-Capstone-Repo/devel/lib/python2.7/dist-packages/bluerov2_control/msg/__init__.py)
Linked: (/home/nyuad/NYUAD-ROV-Capstone-Repo/devel/.private/bluerov2_control/lib/python2.7/dist-packages/bluerov2_control/msg/_FollowWaypointsFeedback.py, /home/nyuad/NYUAD-ROV-Capstone-Repo/devel/lib/python2.7/dist-packages/bluerov2_control/msg/_FollowWaypointsFeedback.py)
Linked: (/home/nyuad/NYUAD-ROV-Capstone-Repo/devel/.private/bluerov2_control/lib/python2.7/dist-packages/bluerov2_control/msg/_FollowWaypointsResult.py, /home/nyuad/NYUAD-ROV-Capstone-Repo/devel/lib/python2.7/dist-packages/bluerov2_control/msg/_FollowWaypointsResult.py)
Linked: (/home/nyuad/NYUAD-ROV-Capstone-Repo/devel/.private/bluerov2_control/lib/python2.7/dist-packages/bluerov2_control/msg/_FollowWaypointsActionFeedback.py, /home/nyuad/NYUAD-ROV-Capstone-Repo/devel/lib/python2.7/dist-packages/bluerov2_control/msg/_FollowWaypointsActionFeedback.py)
Linked: (/home/nyuad/NYUAD-ROV-Capstone-Repo/devel/.private/bluerov2_control/lib/python2.7/dist-packages/bluerov2_control/msg/_ControlMode.py, /home/nyuad/NYUAD-ROV-Capstone-Repo/devel/lib/python2.7/dist-packages/bluerov2_control/msg/_ControlMode.py)
Linked: (/home/nyuad/NYUAD-ROV-Capstone-Repo/devel/.private/bluerov2_control/lib/python2.7/dist-packages/bluerov2_control/msg/_FollowWaypointsActionGoal.py, /home/nyuad/NYUAD-ROV-Capstone-Repo/devel/lib/python2.7/dist-packages/bluerov2_control/msg/_FollowWaypointsActionGoal.py)
Linked: (/home/nyuad/NYUAD-ROV-Capstone-Repo/devel/.private/bluerov2_control/lib/python2.7/dist-packages/bluerov2_control/msg/_FollowWaypointsAction.py, /home/nyuad/NYUAD-ROV-Capstone-Repo/devel/lib/python2.7/dist-packages/bluerov2_control/msg/_FollowWaypointsAction.py)
Linked: (/home/nyuad/NYUAD-ROV-Capstone-Repo/devel/.private/bluerov2_control/lib/python2.7/dist-packages/bluerov2_control/msg/_FollowWaypointsGoal.py, /home/nyuad/NYUAD-ROV-Capstone-Repo/devel/lib/python2.7/dist-packages/bluerov2_control/msg/_FollowWaypointsGoal.py)
Linked: (/home/nyuad/NYUAD-ROV-Capstone-Repo/devel/.private/bluerov2_control/lib/python2.7/dist-packages/bluerov2_control/msg/_Autopilot.py, /home/nyuad/NYUAD-ROV-Capstone-Repo/devel/lib/python2.7/dist-packages/bluerov2_control/msg/_Autopilot.py)
Linked: (/home/nyuad/NYUAD-ROV-Capstone-Repo/devel/.private/bluerov2_control/lib/python2.7/dist-packages/bluerov2_control/msg/_FollowWaypointsActionResult.py, /home/nyuad/NYUAD-ROV-Capstone-Repo/devel/lib/python2.7/dist-packages/bluerov2_control/msg/_FollowWaypointsActionResult.py)
Linked: (/home/nyuad/NYUAD-ROV-Capstone-Repo/devel/.private/bluerov2_control/lib/python2.7/dist-packages/bluerov2_control/cfg/marker_reconfigConfig.py, /home/nyuad/NYUAD-ROV-Capstone-Repo/devel/lib/python2.7/dist-packages/bluerov2_control/cfg/marker_reconfigConfig.py)
Linked: (/home/nyuad/NYUAD-ROV-Capstone-Repo/devel/.private/bluerov2_control/lib/python2.7/dist-packages/bluerov2_control/cfg/__init__.py, /home/nyuad/NYUAD-ROV-Capstone-Repo/devel/lib/python2.7/dist-packages/bluerov2_control/cfg/__init__.py)
Linked: (/home/nyuad/NYUAD-ROV-Capstone-Repo/devel/.private/bluerov2_control/lib/python2.7/dist-packages/bluerov2_control/cfg/pid_reconfigConfig.py, /home/nyuad/NYUAD-ROV-Capstone-Repo/devel/lib/python2.7/dist-packages/bluerov2_control/cfg/pid_reconfigConfig.py)
Linked: (/home/nyuad/NYUAD-ROV-Capstone-Repo/devel/.private/bluerov2_control/lib/python2.7/dist-packages/bluerov2_control/srv/__init__.py, /home/nyuad/NYUAD-ROV-Capstone-Repo/devel/lib/python2.7/dist-packages/bluerov2_control/srv/__init__.py)
Linked: (/home/nyuad/NYUAD-ROV-Capstone-Repo/devel/.private/bluerov2_control/lib/python2.7/dist-packages/bluerov2_control/srv/_ConvertGeoPoints.py, /home/nyuad/NYUAD-ROV-Capstone-Repo/devel/lib/python2.7/dist-packages/bluerov2_control/srv/_ConvertGeoPoints.py)
Linked: (/home/nyuad/NYUAD-ROV-Capstone-Repo/devel/.private/bluerov2_control/lib/python2.7/dist-packages/bluerov2_control/srv/_SetControlMode.py, /home/nyuad/NYUAD-ROV-Capstone-Repo/devel/lib/python2.7/dist-packages/bluerov2_control/srv/_SetControlMode.py)
