Not searching for unused variables given on the command line.
[36m--[0m Using CATKIN_DEVEL_PREFIX: /home/nyuad/NYUAD-ROV-Capstone-Repo/devel/.private/glog_catkin
[36m--[0m Using CMAKE_PREFIX_PATH: /home/nyuad/NYUAD-ROV-Capstone-Repo/devel;/opt/ros/melodic
[36m--[0m This workspace overlays: /home/nyuad/NYUAD-ROV-Capstone-Repo/devel;/opt/ros/melodic
[36m--[0m Found PythonInterp: /usr/bin/python2 (found suitable version "2.7.17", minimum required is "2")
[36m--[0m Using PYTHON_EXECUTABLE: /usr/bin/python2
[36m--[0m Using Debian Python package layout
[36m--[0m Using empy: /usr/bin/empy
[36m--[0m Using CATKIN_ENABLE_TESTING: ON
[36m--[0m Call enable_testing()
[36m--[0m Using CATKIN_TEST_RESULTS_DIR: /home/nyuad/NYUAD-ROV-Capstone-Repo/build/glog_catkin/test_results
[36m--[0m Found gtest sources under '/usr/src/googletest': gtests will be built
[36m--[0m Found gmock sources under '/usr/src/googletest': gmock will be built
[36m--[0m Found PythonInterp: /usr/bin/python2 (found version "2.7.17")
[36m--[0m Looking for pthread.h
[36m--[0m Looking for pthread.h - found
[36m--[0m Looking for pthread_create
[36m--[0m Looking for pthread_create - not found
[36m--[0m Looking for pthread_create in pthreads
[36m--[0m Looking for pthread_create in pthreads - not found
[36m--[0m Looking for pthread_create in pthread
[36m--[0m Looking for pthread_create in pthread - found
[36m--[0m Found Threads: TRUE
[36m--[0m Using Python nosetests: /usr/bin/nosetests-2.7
[36m--[0m catkin 0.7.29
[36m--[0m BUILD_SHARED_LIBS is on
[36m--[0m No preference for use of exported glog CMake configuration set, and no hints for include/library directories provided. Defaulting to preferring an installed/exported glog CMake configuration if available.
[36m--[0m Failed to find installed glog CMake configuration, searching for glog build directories exported with CMake.
[36m--[0m Failed to find an installed/exported CMake configuration for glog, will perform search for installed glog components.
[36m--[0m Failed to find glog - Could not find glog include directory, set GLOG_INCLUDE_DIR to directory containing glog/logging.h
[36m--[0m No suitable Glog version found.
[36m--[0m Installing Glog from source!
[36m--[0m Configuring done
[36m--[0m Generating done
[36m--[0m Build files have been written to: /home/nyuad/NYUAD-ROV-Capstone-Repo/build/glog_catkin
