configure.ac:19: installing './compile'
configure.ac:13: installing './missing'
Makefile.am: installing './depcomp'
parallel-tests: installing './test-driver'
make[3]: warning: -jN forced in submake: disabling jobserver mode.
In file included from src/symbolize_unittest.cc:41:0:
src/googletest.h:579:33: warning: dynamic exception specifications are deprecated in C++11 [-Wdeprecated]
 void* operator new(size_t size) throw(std::bad_alloc) {
                                 ^~~~~
src/googletest.h:586:35: warning: dynamic exception specifications are deprecated in C++11 [-Wdeprecated]
 void* operator new[](size_t size) throw(std::bad_alloc) {
                                   ^~~~~
In file included from src/utilities_unittest.cc:32:0:
src/googletest.h:579:33: warning: dynamic exception specifications are deprecated in C++11 [-Wdeprecated]
 void* operator new(size_t size) throw(std::bad_alloc) {
                                 ^~~~~
src/googletest.h:586:35: warning: dynamic exception specifications are deprecated in C++11 [-Wdeprecated]
 void* operator new[](size_t size) throw(std::bad_alloc) {
                                   ^~~~~
In file included from src/demangle_unittest.cc:41:0:
src/googletest.h:579:33: warning: dynamic exception specifications are deprecated in C++11 [-Wdeprecated]
 void* operator new(size_t size) throw(std::bad_alloc) {
                                 ^~~~~
src/googletest.h:586:35: warning: dynamic exception specifications are deprecated in C++11 [-Wdeprecated]
 void* operator new[](size_t size) throw(std::bad_alloc) {
                                   ^~~~~
ar: `u' modifier ignored since `D' is the default (see `U')
In file included from src/logging_unittest.cc:58:0:
src/googletest.h:579:33: warning: dynamic exception specifications are deprecated in C++11 [-Wdeprecated]
 void* operator new(size_t size) throw(std::bad_alloc) {
                                 ^~~~~
src/googletest.h:586:35: warning: dynamic exception specifications are deprecated in C++11 [-Wdeprecated]
 void* operator new[](size_t size) throw(std::bad_alloc) {
                                   ^~~~~
src/logging_unittest.cc: In function ‘void TestDCHECK()’:
src/logging_unittest.cc:568:3: warning: ‘template<class> class std::auto_ptr’ is deprecated [-Wdeprecated-declarations]
   auto_ptr<int64> sptr(new int64);
   ^~~~~~~~
In file included from /usr/include/c++/7/bits/locale_conv.h:41:0,
                 from /usr/include/c++/7/locale:43,
                 from /usr/include/c++/7/iomanip:43,
                 from src/logging_unittest.cc:44:
/usr/include/c++/7/bits/unique_ptr.h:51:28: note: declared here
   template<typename> class auto_ptr;
                            ^~~~~~~~
In file included from /usr/include/c++/7/ext/hash_set:60:0,
                 from src/glog/stl_logging.h:73,
                 from src/stl_logging_unittest.cc:62:
/usr/include/c++/7/backward/backward_warning.h:32:2: warning: #warning This file includes at least one deprecated or antiquated header which may be removed without further notice at a future date. Please use a non-deprecated interface with equivalent functionality instead. For a listing of replacement headers and interfaces, consult the file backward_warning.h. To disable this warning use -Wno-deprecated. [-Wcpp]
 #warning \
  ^~~~~~~
In file included from src/stl_logging_unittest.cc:63:0:
src/googletest.h:579:33: warning: dynamic exception specifications are deprecated in C++11 [-Wdeprecated]
 void* operator new(size_t size) throw(std::bad_alloc) {
                                 ^~~~~
src/googletest.h:586:35: warning: dynamic exception specifications are deprecated in C++11 [-Wdeprecated]
 void* operator new[](size_t size) throw(std::bad_alloc) {
                                   ^~~~~
make[3]: warning: -jN forced in submake: disabling jobserver mode.
