Linked: (/home/nyuad/NYUAD-ROV-Capstone-Repo/devel/.private/planning_msgs/share/roseus/ros/planning_msgs/manifest.l, /home/nyuad/NYUAD-ROV-Capstone-Repo/devel/share/roseus/ros/planning_msgs/manifest.l)
Linked: (/home/nyuad/NYUAD-ROV-Capstone-Repo/devel/.private/planning_msgs/share/roseus/ros/planning_msgs/msg/WayPointArray.l, /home/nyuad/NYUAD-ROV-Capstone-Repo/devel/share/roseus/ros/planning_msgs/msg/WayPointArray.l)
Linked: (/home/nyuad/NYUAD-ROV-Capstone-Repo/devel/.private/planning_msgs/share/roseus/ros/planning_msgs/msg/WayPoint.l, /home/nyuad/NYUAD-ROV-Capstone-Repo/devel/share/roseus/ros/planning_msgs/msg/WayPoint.l)
Linked: (/home/nyuad/NYUAD-ROV-Capstone-Repo/devel/.private/planning_msgs/share/roseus/ros/planning_msgs/msg/PlanningResponse.l, /home/nyuad/NYUAD-ROV-Capstone-Repo/devel/share/roseus/ros/planning_msgs/msg/PlanningResponse.l)
Linked: (/home/nyuad/NYUAD-ROV-Capstone-Repo/devel/.private/planning_msgs/share/roseus/ros/planning_msgs/msg/OctomapScan.l, /home/nyuad/NYUAD-ROV-Capstone-Repo/devel/share/roseus/ros/planning_msgs/msg/OctomapScan.l)
Linked: (/home/nyuad/NYUAD-ROV-Capstone-Repo/devel/.private/planning_msgs/share/roseus/ros/planning_msgs/msg/WaypointType.l, /home/nyuad/NYUAD-ROV-Capstone-Repo/devel/share/roseus/ros/planning_msgs/msg/WaypointType.l)
Linked: (/home/nyuad/NYUAD-ROV-Capstone-Repo/devel/.private/planning_msgs/share/roseus/ros/planning_msgs/srv/Octomap.l, /home/nyuad/NYUAD-ROV-Capstone-Repo/devel/share/roseus/ros/planning_msgs/srv/Octomap.l)
Linked: (/home/nyuad/NYUAD-ROV-Capstone-Repo/devel/.private/planning_msgs/share/roseus/ros/planning_msgs/srv/PlannerService.l, /home/nyuad/NYUAD-ROV-Capstone-Repo/devel/share/roseus/ros/planning_msgs/srv/PlannerService.l)
Linked: (/home/nyuad/NYUAD-ROV-Capstone-Repo/devel/.private/planning_msgs/share/common-lisp/ros/planning_msgs/msg/_package_WayPoint.lisp, /home/nyuad/NYUAD-ROV-Capstone-Repo/devel/share/common-lisp/ros/planning_msgs/msg/_package_WayPoint.lisp)
Linked: (/home/nyuad/NYUAD-ROV-Capstone-Repo/devel/.private/planning_msgs/share/common-lisp/ros/planning_msgs/msg/_package_OctomapScan.lisp, /home/nyuad/NYUAD-ROV-Capstone-Repo/devel/share/common-lisp/ros/planning_msgs/msg/_package_OctomapScan.lisp)
Linked: (/home/nyuad/NYUAD-ROV-Capstone-Repo/devel/.private/planning_msgs/share/common-lisp/ros/planning_msgs/msg/WayPointArray.lisp, /home/nyuad/NYUAD-ROV-Capstone-Repo/devel/share/common-lisp/ros/planning_msgs/msg/WayPointArray.lisp)
Linked: (/home/nyuad/NYUAD-ROV-Capstone-Repo/devel/.private/planning_msgs/share/common-lisp/ros/planning_msgs/msg/_package_WaypointType.lisp, /home/nyuad/NYUAD-ROV-Capstone-Repo/devel/share/common-lisp/ros/planning_msgs/msg/_package_WaypointType.lisp)
Linked: (/home/nyuad/NYUAD-ROV-Capstone-Repo/devel/.private/planning_msgs/share/common-lisp/ros/planning_msgs/msg/_package_WayPointArray.lisp, /home/nyuad/NYUAD-ROV-Capstone-Repo/devel/share/common-lisp/ros/planning_msgs/msg/_package_WayPointArray.lisp)
Linked: (/home/nyuad/NYUAD-ROV-Capstone-Repo/devel/.private/planning_msgs/share/common-lisp/ros/planning_msgs/msg/WayPoint.lisp, /home/nyuad/NYUAD-ROV-Capstone-Repo/devel/share/common-lisp/ros/planning_msgs/msg/WayPoint.lisp)
Linked: (/home/nyuad/NYUAD-ROV-Capstone-Repo/devel/.private/planning_msgs/share/common-lisp/ros/planning_msgs/msg/_package_PlanningResponse.lisp, /home/nyuad/NYUAD-ROV-Capstone-Repo/devel/share/common-lisp/ros/planning_msgs/msg/_package_PlanningResponse.lisp)
Linked: (/home/nyuad/NYUAD-ROV-Capstone-Repo/devel/.private/planning_msgs/share/common-lisp/ros/planning_msgs/msg/planning_msgs-msg.asd, /home/nyuad/NYUAD-ROV-Capstone-Repo/devel/share/common-lisp/ros/planning_msgs/msg/planning_msgs-msg.asd)
Linked: (/home/nyuad/NYUAD-ROV-Capstone-Repo/devel/.private/planning_msgs/share/common-lisp/ros/planning_msgs/msg/OctomapScan.lisp, /home/nyuad/NYUAD-ROV-Capstone-Repo/devel/share/common-lisp/ros/planning_msgs/msg/OctomapScan.lisp)
Linked: (/home/nyuad/NYUAD-ROV-Capstone-Repo/devel/.private/planning_msgs/share/common-lisp/ros/planning_msgs/msg/PlanningResponse.lisp, /home/nyuad/NYUAD-ROV-Capstone-Repo/devel/share/common-lisp/ros/planning_msgs/msg/PlanningResponse.lisp)
Linked: (/home/nyuad/NYUAD-ROV-Capstone-Repo/devel/.private/planning_msgs/share/common-lisp/ros/planning_msgs/msg/WaypointType.lisp, /home/nyuad/NYUAD-ROV-Capstone-Repo/devel/share/common-lisp/ros/planning_msgs/msg/WaypointType.lisp)
Linked: (/home/nyuad/NYUAD-ROV-Capstone-Repo/devel/.private/planning_msgs/share/common-lisp/ros/planning_msgs/msg/_package.lisp, /home/nyuad/NYUAD-ROV-Capstone-Repo/devel/share/common-lisp/ros/planning_msgs/msg/_package.lisp)
Linked: (/home/nyuad/NYUAD-ROV-Capstone-Repo/devel/.private/planning_msgs/share/common-lisp/ros/planning_msgs/srv/PlannerService.lisp, /home/nyuad/NYUAD-ROV-Capstone-Repo/devel/share/common-lisp/ros/planning_msgs/srv/PlannerService.lisp)
Linked: (/home/nyuad/NYUAD-ROV-Capstone-Repo/devel/.private/planning_msgs/share/common-lisp/ros/planning_msgs/srv/_package_PlannerService.lisp, /home/nyuad/NYUAD-ROV-Capstone-Repo/devel/share/common-lisp/ros/planning_msgs/srv/_package_PlannerService.lisp)
Linked: (/home/nyuad/NYUAD-ROV-Capstone-Repo/devel/.private/planning_msgs/share/common-lisp/ros/planning_msgs/srv/Octomap.lisp, /home/nyuad/NYUAD-ROV-Capstone-Repo/devel/share/common-lisp/ros/planning_msgs/srv/Octomap.lisp)
Linked: (/home/nyuad/NYUAD-ROV-Capstone-Repo/devel/.private/planning_msgs/share/common-lisp/ros/planning_msgs/srv/planning_msgs-srv.asd, /home/nyuad/NYUAD-ROV-Capstone-Repo/devel/share/common-lisp/ros/planning_msgs/srv/planning_msgs-srv.asd)
Linked: (/home/nyuad/NYUAD-ROV-Capstone-Repo/devel/.private/planning_msgs/share/common-lisp/ros/planning_msgs/srv/_package_Octomap.lisp, /home/nyuad/NYUAD-ROV-Capstone-Repo/devel/share/common-lisp/ros/planning_msgs/srv/_package_Octomap.lisp)
Linked: (/home/nyuad/NYUAD-ROV-Capstone-Repo/devel/.private/planning_msgs/share/common-lisp/ros/planning_msgs/srv/_package.lisp, /home/nyuad/NYUAD-ROV-Capstone-Repo/devel/share/common-lisp/ros/planning_msgs/srv/_package.lisp)
Linked: (/home/nyuad/NYUAD-ROV-Capstone-Repo/devel/.private/planning_msgs/share/planning_msgs/cmake/planning_msgs-msg-paths.cmake, /home/nyuad/NYUAD-ROV-Capstone-Repo/devel/share/planning_msgs/cmake/planning_msgs-msg-paths.cmake)
Linked: (/home/nyuad/NYUAD-ROV-Capstone-Repo/devel/.private/planning_msgs/share/planning_msgs/cmake/planning_msgsConfig.cmake, /home/nyuad/NYUAD-ROV-Capstone-Repo/devel/share/planning_msgs/cmake/planning_msgsConfig.cmake)
Linked: (/home/nyuad/NYUAD-ROV-Capstone-Repo/devel/.private/planning_msgs/share/planning_msgs/cmake/planning_msgsConfig-version.cmake, /home/nyuad/NYUAD-ROV-Capstone-Repo/devel/share/planning_msgs/cmake/planning_msgsConfig-version.cmake)
Linked: (/home/nyuad/NYUAD-ROV-Capstone-Repo/devel/.private/planning_msgs/share/planning_msgs/cmake/planning_msgs-msg-extras.cmake, /home/nyuad/NYUAD-ROV-Capstone-Repo/devel/share/planning_msgs/cmake/planning_msgs-msg-extras.cmake)
Linked: (/home/nyuad/NYUAD-ROV-Capstone-Repo/devel/.private/planning_msgs/share/gennodejs/ros/planning_msgs/_index.js, /home/nyuad/NYUAD-ROV-Capstone-Repo/devel/share/gennodejs/ros/planning_msgs/_index.js)
Linked: (/home/nyuad/NYUAD-ROV-Capstone-Repo/devel/.private/planning_msgs/share/gennodejs/ros/planning_msgs/msg/_index.js, /home/nyuad/NYUAD-ROV-Capstone-Repo/devel/share/gennodejs/ros/planning_msgs/msg/_index.js)
Linked: (/home/nyuad/NYUAD-ROV-Capstone-Repo/devel/.private/planning_msgs/share/gennodejs/ros/planning_msgs/msg/WayPoint.js, /home/nyuad/NYUAD-ROV-Capstone-Repo/devel/share/gennodejs/ros/planning_msgs/msg/WayPoint.js)
Linked: (/home/nyuad/NYUAD-ROV-Capstone-Repo/devel/.private/planning_msgs/share/gennodejs/ros/planning_msgs/msg/PlanningResponse.js, /home/nyuad/NYUAD-ROV-Capstone-Repo/devel/share/gennodejs/ros/planning_msgs/msg/PlanningResponse.js)
Linked: (/home/nyuad/NYUAD-ROV-Capstone-Repo/devel/.private/planning_msgs/share/gennodejs/ros/planning_msgs/msg/WayPointArray.js, /home/nyuad/NYUAD-ROV-Capstone-Repo/devel/share/gennodejs/ros/planning_msgs/msg/WayPointArray.js)
Linked: (/home/nyuad/NYUAD-ROV-Capstone-Repo/devel/.private/planning_msgs/share/gennodejs/ros/planning_msgs/msg/OctomapScan.js, /home/nyuad/NYUAD-ROV-Capstone-Repo/devel/share/gennodejs/ros/planning_msgs/msg/OctomapScan.js)
Linked: (/home/nyuad/NYUAD-ROV-Capstone-Repo/devel/.private/planning_msgs/share/gennodejs/ros/planning_msgs/msg/WaypointType.js, /home/nyuad/NYUAD-ROV-Capstone-Repo/devel/share/gennodejs/ros/planning_msgs/msg/WaypointType.js)
Linked: (/home/nyuad/NYUAD-ROV-Capstone-Repo/devel/.private/planning_msgs/share/gennodejs/ros/planning_msgs/srv/Octomap.js, /home/nyuad/NYUAD-ROV-Capstone-Repo/devel/share/gennodejs/ros/planning_msgs/srv/Octomap.js)
Linked: (/home/nyuad/NYUAD-ROV-Capstone-Repo/devel/.private/planning_msgs/share/gennodejs/ros/planning_msgs/srv/_index.js, /home/nyuad/NYUAD-ROV-Capstone-Repo/devel/share/gennodejs/ros/planning_msgs/srv/_index.js)
Linked: (/home/nyuad/NYUAD-ROV-Capstone-Repo/devel/.private/planning_msgs/share/gennodejs/ros/planning_msgs/srv/PlannerService.js, /home/nyuad/NYUAD-ROV-Capstone-Repo/devel/share/gennodejs/ros/planning_msgs/srv/PlannerService.js)
Linked: (/home/nyuad/NYUAD-ROV-Capstone-Repo/devel/.private/planning_msgs/include/planning_msgs/OctomapResponse.h, /home/nyuad/NYUAD-ROV-Capstone-Repo/devel/include/planning_msgs/OctomapResponse.h)
Linked: (/home/nyuad/NYUAD-ROV-Capstone-Repo/devel/.private/planning_msgs/include/planning_msgs/PlannerServiceRequest.h, /home/nyuad/NYUAD-ROV-Capstone-Repo/devel/include/planning_msgs/PlannerServiceRequest.h)
Linked: (/home/nyuad/NYUAD-ROV-Capstone-Repo/devel/.private/planning_msgs/include/planning_msgs/WayPoint.h, /home/nyuad/NYUAD-ROV-Capstone-Repo/devel/include/planning_msgs/WayPoint.h)
Linked: (/home/nyuad/NYUAD-ROV-Capstone-Repo/devel/.private/planning_msgs/include/planning_msgs/PlannerService.h, /home/nyuad/NYUAD-ROV-Capstone-Repo/devel/include/planning_msgs/PlannerService.h)
Linked: (/home/nyuad/NYUAD-ROV-Capstone-Repo/devel/.private/planning_msgs/include/planning_msgs/Octomap.h, /home/nyuad/NYUAD-ROV-Capstone-Repo/devel/include/planning_msgs/Octomap.h)
Linked: (/home/nyuad/NYUAD-ROV-Capstone-Repo/devel/.private/planning_msgs/include/planning_msgs/WayPointArray.h, /home/nyuad/NYUAD-ROV-Capstone-Repo/devel/include/planning_msgs/WayPointArray.h)
Linked: (/home/nyuad/NYUAD-ROV-Capstone-Repo/devel/.private/planning_msgs/include/planning_msgs/OctomapRequest.h, /home/nyuad/NYUAD-ROV-Capstone-Repo/devel/include/planning_msgs/OctomapRequest.h)
Linked: (/home/nyuad/NYUAD-ROV-Capstone-Repo/devel/.private/planning_msgs/include/planning_msgs/WaypointType.h, /home/nyuad/NYUAD-ROV-Capstone-Repo/devel/include/planning_msgs/WaypointType.h)
Linked: (/home/nyuad/NYUAD-ROV-Capstone-Repo/devel/.private/planning_msgs/include/planning_msgs/PlannerServiceResponse.h, /home/nyuad/NYUAD-ROV-Capstone-Repo/devel/include/planning_msgs/PlannerServiceResponse.h)
Linked: (/home/nyuad/NYUAD-ROV-Capstone-Repo/devel/.private/planning_msgs/include/planning_msgs/OctomapScan.h, /home/nyuad/NYUAD-ROV-Capstone-Repo/devel/include/planning_msgs/OctomapScan.h)
Linked: (/home/nyuad/NYUAD-ROV-Capstone-Repo/devel/.private/planning_msgs/include/planning_msgs/PlanningResponse.h, /home/nyuad/NYUAD-ROV-Capstone-Repo/devel/include/planning_msgs/PlanningResponse.h)
Linked: (/home/nyuad/NYUAD-ROV-Capstone-Repo/devel/.private/planning_msgs/lib/pkgconfig/planning_msgs.pc, /home/nyuad/NYUAD-ROV-Capstone-Repo/devel/lib/pkgconfig/planning_msgs.pc)
Linked: (/home/nyuad/NYUAD-ROV-Capstone-Repo/devel/.private/planning_msgs/lib/python2.7/dist-packages/planning_msgs/__init__.py, /home/nyuad/NYUAD-ROV-Capstone-Repo/devel/lib/python2.7/dist-packages/planning_msgs/__init__.py)
Linked: (/home/nyuad/NYUAD-ROV-Capstone-Repo/devel/.private/planning_msgs/lib/python2.7/dist-packages/planning_msgs/msg/__init__.py, /home/nyuad/NYUAD-ROV-Capstone-Repo/devel/lib/python2.7/dist-packages/planning_msgs/msg/__init__.py)
Linked: (/home/nyuad/NYUAD-ROV-Capstone-Repo/devel/.private/planning_msgs/lib/python2.7/dist-packages/planning_msgs/msg/_OctomapScan.py, /home/nyuad/NYUAD-ROV-Capstone-Repo/devel/lib/python2.7/dist-packages/planning_msgs/msg/_OctomapScan.py)
Linked: (/home/nyuad/NYUAD-ROV-Capstone-Repo/devel/.private/planning_msgs/lib/python2.7/dist-packages/planning_msgs/msg/_WayPoint.py, /home/nyuad/NYUAD-ROV-Capstone-Repo/devel/lib/python2.7/dist-packages/planning_msgs/msg/_WayPoint.py)
Linked: (/home/nyuad/NYUAD-ROV-Capstone-Repo/devel/.private/planning_msgs/lib/python2.7/dist-packages/planning_msgs/msg/_WaypointType.py, /home/nyuad/NYUAD-ROV-Capstone-Repo/devel/lib/python2.7/dist-packages/planning_msgs/msg/_WaypointType.py)
Linked: (/home/nyuad/NYUAD-ROV-Capstone-Repo/devel/.private/planning_msgs/lib/python2.7/dist-packages/planning_msgs/msg/_PlanningResponse.py, /home/nyuad/NYUAD-ROV-Capstone-Repo/devel/lib/python2.7/dist-packages/planning_msgs/msg/_PlanningResponse.py)
Linked: (/home/nyuad/NYUAD-ROV-Capstone-Repo/devel/.private/planning_msgs/lib/python2.7/dist-packages/planning_msgs/msg/_WayPointArray.py, /home/nyuad/NYUAD-ROV-Capstone-Repo/devel/lib/python2.7/dist-packages/planning_msgs/msg/_WayPointArray.py)
Linked: (/home/nyuad/NYUAD-ROV-Capstone-Repo/devel/.private/planning_msgs/lib/python2.7/dist-packages/planning_msgs/srv/__init__.py, /home/nyuad/NYUAD-ROV-Capstone-Repo/devel/lib/python2.7/dist-packages/planning_msgs/srv/__init__.py)
Linked: (/home/nyuad/NYUAD-ROV-Capstone-Repo/devel/.private/planning_msgs/lib/python2.7/dist-packages/planning_msgs/srv/_PlannerService.py, /home/nyuad/NYUAD-ROV-Capstone-Repo/devel/lib/python2.7/dist-packages/planning_msgs/srv/_PlannerService.py)
Linked: (/home/nyuad/NYUAD-ROV-Capstone-Repo/devel/.private/planning_msgs/lib/python2.7/dist-packages/planning_msgs/srv/_Octomap.py, /home/nyuad/NYUAD-ROV-Capstone-Repo/devel/lib/python2.7/dist-packages/planning_msgs/srv/_Octomap.py)
