[  0%] Built target sensor_msgs_generate_messages_eus
[  0%] Built target geometry_msgs_generate_messages_eus
[  0%] Built target octomap_msgs_generate_messages_eus
[  0%] Built target _planning_msgs_generate_messages_check_deps_PlannerService
[  0%] Built target geometry_msgs_generate_messages_nodejs
[  0%] Built target _planning_msgs_generate_messages_check_deps_Octomap
[  0%] Built target _planning_msgs_generate_messages_check_deps_WayPointArray
[  0%] Built target _planning_msgs_generate_messages_check_deps_OctomapScan
[  0%] Built target _planning_msgs_generate_messages_check_deps_PlanningResponse
[  0%] Built target _planning_msgs_generate_messages_check_deps_WaypointType
[  0%] Built target _planning_msgs_generate_messages_check_deps_WayPoint
[  0%] Built target sensor_msgs_generate_messages_nodejs
[  0%] Built target geometry_msgs_generate_messages_lisp
[  0%] Built target octomap_msgs_generate_messages_nodejs
[  0%] Built target sensor_msgs_generate_messages_lisp
[  0%] Built target geometry_msgs_generate_messages_py
[  0%] Built target octomap_msgs_generate_messages_lisp
[  0%] Built target octomap_msgs_generate_messages_py
[  0%] Built target sensor_msgs_generate_messages_py
[  0%] Built target octomap_msgs_generate_messages_cpp
[  0%] Built target sensor_msgs_generate_messages_cpp
[  0%] Built target geometry_msgs_generate_messages_cpp
[ 21%] Built target planning_msgs_generate_messages_eus
[ 39%] Built target planning_msgs_generate_messages_lisp
[ 57%] Built target planning_msgs_generate_messages_nodejs
[ 81%] Built target planning_msgs_generate_messages_py
[100%] Built target planning_msgs_generate_messages_cpp
[100%] Built target planning_msgs_generate_messages
