[  0%] Built target std_msgs_generate_messages_cpp
[  0%] Built target _waterlinked_gps_msgs_generate_messages_check_deps_AboutTemperature
[  0%] Built target _waterlinked_gps_msgs_generate_messages_check_deps_PositionAcousticRaw
[  0%] Built target _waterlinked_gps_msgs_generate_messages_check_deps_About
[  0%] Built target std_msgs_generate_messages_lisp
[  0%] Built target std_msgs_generate_messages_py
[  0%] Built target _waterlinked_gps_msgs_generate_messages_check_deps_ConfigGeneric
[  0%] Built target _waterlinked_gps_msgs_generate_messages_check_deps_PositionGlobal
[  0%] Built target _waterlinked_gps_msgs_generate_messages_check_deps_ExternalOrientation
[  0%] Built target _waterlinked_gps_msgs_generate_messages_check_deps_Receiver
[  0%] Built target _waterlinked_gps_msgs_generate_messages_check_deps_PositionAcousticFiltered
[  0%] Built target std_msgs_generate_messages_nodejs
[  0%] Built target _waterlinked_gps_msgs_generate_messages_check_deps_AboutStatus
[  0%] Built target std_msgs_generate_messages_eus
[  0%] Built target _waterlinked_gps_msgs_generate_messages_check_deps_ConfigReceivers
[  0%] Built target _waterlinked_gps_msgs_generate_messages_check_deps_PositionMaster
[ 19%] Built target waterlinked_gps_msgs_generate_messages_nodejs
[ 38%] Built target waterlinked_gps_msgs_generate_messages_cpp
[ 59%] Built target waterlinked_gps_msgs_generate_messages_py
[ 92%] Built target waterlinked_gps_msgs_generate_messages_eus
[100%] Built target waterlinked_gps_msgs_generate_messages_lisp
[100%] Built target waterlinked_gps_msgs_generate_messages
