Linked: (/home/nyuad/NYUAD-ROV-Capstone-Repo/devel/.private/waterlinked_gps_msgs/share/roseus/ros/waterlinked_gps_msgs/manifest.l, /home/nyuad/NYUAD-ROV-Capstone-Repo/devel/share/roseus/ros/waterlinked_gps_msgs/manifest.l)
Linked: (/home/nyuad/NYUAD-ROV-Capstone-Repo/devel/.private/waterlinked_gps_msgs/share/roseus/ros/waterlinked_gps_msgs/msg/AboutTemperature.l, /home/nyuad/NYUAD-ROV-Capstone-Repo/devel/share/roseus/ros/waterlinked_gps_msgs/msg/AboutTemperature.l)
Linked: (/home/nyuad/NYUAD-ROV-Capstone-Repo/devel/.private/waterlinked_gps_msgs/share/roseus/ros/waterlinked_gps_msgs/msg/About.l, /home/nyuad/NYUAD-ROV-Capstone-Repo/devel/share/roseus/ros/waterlinked_gps_msgs/msg/About.l)
Linked: (/home/nyuad/NYUAD-ROV-Capstone-Repo/devel/.private/waterlinked_gps_msgs/share/roseus/ros/waterlinked_gps_msgs/msg/ExternalOrientation.l, /home/nyuad/NYUAD-ROV-Capstone-Repo/devel/share/roseus/ros/waterlinked_gps_msgs/msg/ExternalOrientation.l)
Linked: (/home/nyuad/NYUAD-ROV-Capstone-Repo/devel/.private/waterlinked_gps_msgs/share/roseus/ros/waterlinked_gps_msgs/msg/PositionAcousticRaw.l, /home/nyuad/NYUAD-ROV-Capstone-Repo/devel/share/roseus/ros/waterlinked_gps_msgs/msg/PositionAcousticRaw.l)
Linked: (/home/nyuad/NYUAD-ROV-Capstone-Repo/devel/.private/waterlinked_gps_msgs/share/roseus/ros/waterlinked_gps_msgs/msg/ConfigReceivers.l, /home/nyuad/NYUAD-ROV-Capstone-Repo/devel/share/roseus/ros/waterlinked_gps_msgs/msg/ConfigReceivers.l)
Linked: (/home/nyuad/NYUAD-ROV-Capstone-Repo/devel/.private/waterlinked_gps_msgs/share/roseus/ros/waterlinked_gps_msgs/msg/PositionGlobal.l, /home/nyuad/NYUAD-ROV-Capstone-Repo/devel/share/roseus/ros/waterlinked_gps_msgs/msg/PositionGlobal.l)
Linked: (/home/nyuad/NYUAD-ROV-Capstone-Repo/devel/.private/waterlinked_gps_msgs/share/roseus/ros/waterlinked_gps_msgs/msg/ConfigGeneric.l, /home/nyuad/NYUAD-ROV-Capstone-Repo/devel/share/roseus/ros/waterlinked_gps_msgs/msg/ConfigGeneric.l)
Linked: (/home/nyuad/NYUAD-ROV-Capstone-Repo/devel/.private/waterlinked_gps_msgs/share/roseus/ros/waterlinked_gps_msgs/msg/PositionAcousticFiltered.l, /home/nyuad/NYUAD-ROV-Capstone-Repo/devel/share/roseus/ros/waterlinked_gps_msgs/msg/PositionAcousticFiltered.l)
Linked: (/home/nyuad/NYUAD-ROV-Capstone-Repo/devel/.private/waterlinked_gps_msgs/share/roseus/ros/waterlinked_gps_msgs/msg/PositionMaster.l, /home/nyuad/NYUAD-ROV-Capstone-Repo/devel/share/roseus/ros/waterlinked_gps_msgs/msg/PositionMaster.l)
Linked: (/home/nyuad/NYUAD-ROV-Capstone-Repo/devel/.private/waterlinked_gps_msgs/share/roseus/ros/waterlinked_gps_msgs/msg/Receiver.l, /home/nyuad/NYUAD-ROV-Capstone-Repo/devel/share/roseus/ros/waterlinked_gps_msgs/msg/Receiver.l)
Linked: (/home/nyuad/NYUAD-ROV-Capstone-Repo/devel/.private/waterlinked_gps_msgs/share/roseus/ros/waterlinked_gps_msgs/msg/AboutStatus.l, /home/nyuad/NYUAD-ROV-Capstone-Repo/devel/share/roseus/ros/waterlinked_gps_msgs/msg/AboutStatus.l)
Linked: (/home/nyuad/NYUAD-ROV-Capstone-Repo/devel/.private/waterlinked_gps_msgs/share/common-lisp/ros/waterlinked_gps_msgs/msg/_package_ExternalOrientation.lisp, /home/nyuad/NYUAD-ROV-Capstone-Repo/devel/share/common-lisp/ros/waterlinked_gps_msgs/msg/_package_ExternalOrientation.lisp)
Linked: (/home/nyuad/NYUAD-ROV-Capstone-Repo/devel/.private/waterlinked_gps_msgs/share/common-lisp/ros/waterlinked_gps_msgs/msg/PositionGlobal.lisp, /home/nyuad/NYUAD-ROV-Capstone-Repo/devel/share/common-lisp/ros/waterlinked_gps_msgs/msg/PositionGlobal.lisp)
Linked: (/home/nyuad/NYUAD-ROV-Capstone-Repo/devel/.private/waterlinked_gps_msgs/share/common-lisp/ros/waterlinked_gps_msgs/msg/PositionAcousticFiltered.lisp, /home/nyuad/NYUAD-ROV-Capstone-Repo/devel/share/common-lisp/ros/waterlinked_gps_msgs/msg/PositionAcousticFiltered.lisp)
Linked: (/home/nyuad/NYUAD-ROV-Capstone-Repo/devel/.private/waterlinked_gps_msgs/share/common-lisp/ros/waterlinked_gps_msgs/msg/_package_AboutStatus.lisp, /home/nyuad/NYUAD-ROV-Capstone-Repo/devel/share/common-lisp/ros/waterlinked_gps_msgs/msg/_package_AboutStatus.lisp)
Linked: (/home/nyuad/NYUAD-ROV-Capstone-Repo/devel/.private/waterlinked_gps_msgs/share/common-lisp/ros/waterlinked_gps_msgs/msg/Receiver.lisp, /home/nyuad/NYUAD-ROV-Capstone-Repo/devel/share/common-lisp/ros/waterlinked_gps_msgs/msg/Receiver.lisp)
Linked: (/home/nyuad/NYUAD-ROV-Capstone-Repo/devel/.private/waterlinked_gps_msgs/share/common-lisp/ros/waterlinked_gps_msgs/msg/_package_PositionAcousticRaw.lisp, /home/nyuad/NYUAD-ROV-Capstone-Repo/devel/share/common-lisp/ros/waterlinked_gps_msgs/msg/_package_PositionAcousticRaw.lisp)
Linked: (/home/nyuad/NYUAD-ROV-Capstone-Repo/devel/.private/waterlinked_gps_msgs/share/common-lisp/ros/waterlinked_gps_msgs/msg/_package_PositionGlobal.lisp, /home/nyuad/NYUAD-ROV-Capstone-Repo/devel/share/common-lisp/ros/waterlinked_gps_msgs/msg/_package_PositionGlobal.lisp)
Linked: (/home/nyuad/NYUAD-ROV-Capstone-Repo/devel/.private/waterlinked_gps_msgs/share/common-lisp/ros/waterlinked_gps_msgs/msg/_package_About.lisp, /home/nyuad/NYUAD-ROV-Capstone-Repo/devel/share/common-lisp/ros/waterlinked_gps_msgs/msg/_package_About.lisp)
Linked: (/home/nyuad/NYUAD-ROV-Capstone-Repo/devel/.private/waterlinked_gps_msgs/share/common-lisp/ros/waterlinked_gps_msgs/msg/PositionAcousticRaw.lisp, /home/nyuad/NYUAD-ROV-Capstone-Repo/devel/share/common-lisp/ros/waterlinked_gps_msgs/msg/PositionAcousticRaw.lisp)
Linked: (/home/nyuad/NYUAD-ROV-Capstone-Repo/devel/.private/waterlinked_gps_msgs/share/common-lisp/ros/waterlinked_gps_msgs/msg/_package_ConfigGeneric.lisp, /home/nyuad/NYUAD-ROV-Capstone-Repo/devel/share/common-lisp/ros/waterlinked_gps_msgs/msg/_package_ConfigGeneric.lisp)
Linked: (/home/nyuad/NYUAD-ROV-Capstone-Repo/devel/.private/waterlinked_gps_msgs/share/common-lisp/ros/waterlinked_gps_msgs/msg/ConfigGeneric.lisp, /home/nyuad/NYUAD-ROV-Capstone-Repo/devel/share/common-lisp/ros/waterlinked_gps_msgs/msg/ConfigGeneric.lisp)
Linked: (/home/nyuad/NYUAD-ROV-Capstone-Repo/devel/.private/waterlinked_gps_msgs/share/common-lisp/ros/waterlinked_gps_msgs/msg/_package_ConfigReceivers.lisp, /home/nyuad/NYUAD-ROV-Capstone-Repo/devel/share/common-lisp/ros/waterlinked_gps_msgs/msg/_package_ConfigReceivers.lisp)
Linked: (/home/nyuad/NYUAD-ROV-Capstone-Repo/devel/.private/waterlinked_gps_msgs/share/common-lisp/ros/waterlinked_gps_msgs/msg/AboutTemperature.lisp, /home/nyuad/NYUAD-ROV-Capstone-Repo/devel/share/common-lisp/ros/waterlinked_gps_msgs/msg/AboutTemperature.lisp)
Linked: (/home/nyuad/NYUAD-ROV-Capstone-Repo/devel/.private/waterlinked_gps_msgs/share/common-lisp/ros/waterlinked_gps_msgs/msg/_package_PositionMaster.lisp, /home/nyuad/NYUAD-ROV-Capstone-Repo/devel/share/common-lisp/ros/waterlinked_gps_msgs/msg/_package_PositionMaster.lisp)
Linked: (/home/nyuad/NYUAD-ROV-Capstone-Repo/devel/.private/waterlinked_gps_msgs/share/common-lisp/ros/waterlinked_gps_msgs/msg/_package_AboutTemperature.lisp, /home/nyuad/NYUAD-ROV-Capstone-Repo/devel/share/common-lisp/ros/waterlinked_gps_msgs/msg/_package_AboutTemperature.lisp)
Linked: (/home/nyuad/NYUAD-ROV-Capstone-Repo/devel/.private/waterlinked_gps_msgs/share/common-lisp/ros/waterlinked_gps_msgs/msg/AboutStatus.lisp, /home/nyuad/NYUAD-ROV-Capstone-Repo/devel/share/common-lisp/ros/waterlinked_gps_msgs/msg/AboutStatus.lisp)
Linked: (/home/nyuad/NYUAD-ROV-Capstone-Repo/devel/.private/waterlinked_gps_msgs/share/common-lisp/ros/waterlinked_gps_msgs/msg/ConfigReceivers.lisp, /home/nyuad/NYUAD-ROV-Capstone-Repo/devel/share/common-lisp/ros/waterlinked_gps_msgs/msg/ConfigReceivers.lisp)
Linked: (/home/nyuad/NYUAD-ROV-Capstone-Repo/devel/.private/waterlinked_gps_msgs/share/common-lisp/ros/waterlinked_gps_msgs/msg/waterlinked_gps_msgs-msg.asd, /home/nyuad/NYUAD-ROV-Capstone-Repo/devel/share/common-lisp/ros/waterlinked_gps_msgs/msg/waterlinked_gps_msgs-msg.asd)
Linked: (/home/nyuad/NYUAD-ROV-Capstone-Repo/devel/.private/waterlinked_gps_msgs/share/common-lisp/ros/waterlinked_gps_msgs/msg/ExternalOrientation.lisp, /home/nyuad/NYUAD-ROV-Capstone-Repo/devel/share/common-lisp/ros/waterlinked_gps_msgs/msg/ExternalOrientation.lisp)
Linked: (/home/nyuad/NYUAD-ROV-Capstone-Repo/devel/.private/waterlinked_gps_msgs/share/common-lisp/ros/waterlinked_gps_msgs/msg/About.lisp, /home/nyuad/NYUAD-ROV-Capstone-Repo/devel/share/common-lisp/ros/waterlinked_gps_msgs/msg/About.lisp)
Linked: (/home/nyuad/NYUAD-ROV-Capstone-Repo/devel/.private/waterlinked_gps_msgs/share/common-lisp/ros/waterlinked_gps_msgs/msg/_package_Receiver.lisp, /home/nyuad/NYUAD-ROV-Capstone-Repo/devel/share/common-lisp/ros/waterlinked_gps_msgs/msg/_package_Receiver.lisp)
Linked: (/home/nyuad/NYUAD-ROV-Capstone-Repo/devel/.private/waterlinked_gps_msgs/share/common-lisp/ros/waterlinked_gps_msgs/msg/_package_PositionAcousticFiltered.lisp, /home/nyuad/NYUAD-ROV-Capstone-Repo/devel/share/common-lisp/ros/waterlinked_gps_msgs/msg/_package_PositionAcousticFiltered.lisp)
Linked: (/home/nyuad/NYUAD-ROV-Capstone-Repo/devel/.private/waterlinked_gps_msgs/share/common-lisp/ros/waterlinked_gps_msgs/msg/_package.lisp, /home/nyuad/NYUAD-ROV-Capstone-Repo/devel/share/common-lisp/ros/waterlinked_gps_msgs/msg/_package.lisp)
Linked: (/home/nyuad/NYUAD-ROV-Capstone-Repo/devel/.private/waterlinked_gps_msgs/share/common-lisp/ros/waterlinked_gps_msgs/msg/PositionMaster.lisp, /home/nyuad/NYUAD-ROV-Capstone-Repo/devel/share/common-lisp/ros/waterlinked_gps_msgs/msg/PositionMaster.lisp)
Linked: (/home/nyuad/NYUAD-ROV-Capstone-Repo/devel/.private/waterlinked_gps_msgs/share/waterlinked_gps_msgs/cmake/waterlinked_gps_msgsConfig.cmake, /home/nyuad/NYUAD-ROV-Capstone-Repo/devel/share/waterlinked_gps_msgs/cmake/waterlinked_gps_msgsConfig.cmake)
Linked: (/home/nyuad/NYUAD-ROV-Capstone-Repo/devel/.private/waterlinked_gps_msgs/share/waterlinked_gps_msgs/cmake/waterlinked_gps_msgs-msg-paths.cmake, /home/nyuad/NYUAD-ROV-Capstone-Repo/devel/share/waterlinked_gps_msgs/cmake/waterlinked_gps_msgs-msg-paths.cmake)
Linked: (/home/nyuad/NYUAD-ROV-Capstone-Repo/devel/.private/waterlinked_gps_msgs/share/waterlinked_gps_msgs/cmake/waterlinked_gps_msgsConfig-version.cmake, /home/nyuad/NYUAD-ROV-Capstone-Repo/devel/share/waterlinked_gps_msgs/cmake/waterlinked_gps_msgsConfig-version.cmake)
Linked: (/home/nyuad/NYUAD-ROV-Capstone-Repo/devel/.private/waterlinked_gps_msgs/share/waterlinked_gps_msgs/cmake/waterlinked_gps_msgs-msg-extras.cmake, /home/nyuad/NYUAD-ROV-Capstone-Repo/devel/share/waterlinked_gps_msgs/cmake/waterlinked_gps_msgs-msg-extras.cmake)
Linked: (/home/nyuad/NYUAD-ROV-Capstone-Repo/devel/.private/waterlinked_gps_msgs/share/gennodejs/ros/waterlinked_gps_msgs/_index.js, /home/nyuad/NYUAD-ROV-Capstone-Repo/devel/share/gennodejs/ros/waterlinked_gps_msgs/_index.js)
Linked: (/home/nyuad/NYUAD-ROV-Capstone-Repo/devel/.private/waterlinked_gps_msgs/share/gennodejs/ros/waterlinked_gps_msgs/msg/Receiver.js, /home/nyuad/NYUAD-ROV-Capstone-Repo/devel/share/gennodejs/ros/waterlinked_gps_msgs/msg/Receiver.js)
Linked: (/home/nyuad/NYUAD-ROV-Capstone-Repo/devel/.private/waterlinked_gps_msgs/share/gennodejs/ros/waterlinked_gps_msgs/msg/AboutTemperature.js, /home/nyuad/NYUAD-ROV-Capstone-Repo/devel/share/gennodejs/ros/waterlinked_gps_msgs/msg/AboutTemperature.js)
Linked: (/home/nyuad/NYUAD-ROV-Capstone-Repo/devel/.private/waterlinked_gps_msgs/share/gennodejs/ros/waterlinked_gps_msgs/msg/AboutStatus.js, /home/nyuad/NYUAD-ROV-Capstone-Repo/devel/share/gennodejs/ros/waterlinked_gps_msgs/msg/AboutStatus.js)
Linked: (/home/nyuad/NYUAD-ROV-Capstone-Repo/devel/.private/waterlinked_gps_msgs/share/gennodejs/ros/waterlinked_gps_msgs/msg/_index.js, /home/nyuad/NYUAD-ROV-Capstone-Repo/devel/share/gennodejs/ros/waterlinked_gps_msgs/msg/_index.js)
Linked: (/home/nyuad/NYUAD-ROV-Capstone-Repo/devel/.private/waterlinked_gps_msgs/share/gennodejs/ros/waterlinked_gps_msgs/msg/ExternalOrientation.js, /home/nyuad/NYUAD-ROV-Capstone-Repo/devel/share/gennodejs/ros/waterlinked_gps_msgs/msg/ExternalOrientation.js)
Linked: (/home/nyuad/NYUAD-ROV-Capstone-Repo/devel/.private/waterlinked_gps_msgs/share/gennodejs/ros/waterlinked_gps_msgs/msg/PositionMaster.js, /home/nyuad/NYUAD-ROV-Capstone-Repo/devel/share/gennodejs/ros/waterlinked_gps_msgs/msg/PositionMaster.js)
Linked: (/home/nyuad/NYUAD-ROV-Capstone-Repo/devel/.private/waterlinked_gps_msgs/share/gennodejs/ros/waterlinked_gps_msgs/msg/PositionAcousticFiltered.js, /home/nyuad/NYUAD-ROV-Capstone-Repo/devel/share/gennodejs/ros/waterlinked_gps_msgs/msg/PositionAcousticFiltered.js)
Linked: (/home/nyuad/NYUAD-ROV-Capstone-Repo/devel/.private/waterlinked_gps_msgs/share/gennodejs/ros/waterlinked_gps_msgs/msg/ConfigGeneric.js, /home/nyuad/NYUAD-ROV-Capstone-Repo/devel/share/gennodejs/ros/waterlinked_gps_msgs/msg/ConfigGeneric.js)
Linked: (/home/nyuad/NYUAD-ROV-Capstone-Repo/devel/.private/waterlinked_gps_msgs/share/gennodejs/ros/waterlinked_gps_msgs/msg/About.js, /home/nyuad/NYUAD-ROV-Capstone-Repo/devel/share/gennodejs/ros/waterlinked_gps_msgs/msg/About.js)
Linked: (/home/nyuad/NYUAD-ROV-Capstone-Repo/devel/.private/waterlinked_gps_msgs/share/gennodejs/ros/waterlinked_gps_msgs/msg/PositionAcousticRaw.js, /home/nyuad/NYUAD-ROV-Capstone-Repo/devel/share/gennodejs/ros/waterlinked_gps_msgs/msg/PositionAcousticRaw.js)
Linked: (/home/nyuad/NYUAD-ROV-Capstone-Repo/devel/.private/waterlinked_gps_msgs/share/gennodejs/ros/waterlinked_gps_msgs/msg/PositionGlobal.js, /home/nyuad/NYUAD-ROV-Capstone-Repo/devel/share/gennodejs/ros/waterlinked_gps_msgs/msg/PositionGlobal.js)
Linked: (/home/nyuad/NYUAD-ROV-Capstone-Repo/devel/.private/waterlinked_gps_msgs/share/gennodejs/ros/waterlinked_gps_msgs/msg/ConfigReceivers.js, /home/nyuad/NYUAD-ROV-Capstone-Repo/devel/share/gennodejs/ros/waterlinked_gps_msgs/msg/ConfigReceivers.js)
Linked: (/home/nyuad/NYUAD-ROV-Capstone-Repo/devel/.private/waterlinked_gps_msgs/include/waterlinked_gps_msgs/AboutStatus.h, /home/nyuad/NYUAD-ROV-Capstone-Repo/devel/include/waterlinked_gps_msgs/AboutStatus.h)
Linked: (/home/nyuad/NYUAD-ROV-Capstone-Repo/devel/.private/waterlinked_gps_msgs/include/waterlinked_gps_msgs/Receiver.h, /home/nyuad/NYUAD-ROV-Capstone-Repo/devel/include/waterlinked_gps_msgs/Receiver.h)
Linked: (/home/nyuad/NYUAD-ROV-Capstone-Repo/devel/.private/waterlinked_gps_msgs/include/waterlinked_gps_msgs/PositionMaster.h, /home/nyuad/NYUAD-ROV-Capstone-Repo/devel/include/waterlinked_gps_msgs/PositionMaster.h)
Linked: (/home/nyuad/NYUAD-ROV-Capstone-Repo/devel/.private/waterlinked_gps_msgs/include/waterlinked_gps_msgs/PositionAcousticRaw.h, /home/nyuad/NYUAD-ROV-Capstone-Repo/devel/include/waterlinked_gps_msgs/PositionAcousticRaw.h)
Linked: (/home/nyuad/NYUAD-ROV-Capstone-Repo/devel/.private/waterlinked_gps_msgs/include/waterlinked_gps_msgs/ExternalOrientation.h, /home/nyuad/NYUAD-ROV-Capstone-Repo/devel/include/waterlinked_gps_msgs/ExternalOrientation.h)
Linked: (/home/nyuad/NYUAD-ROV-Capstone-Repo/devel/.private/waterlinked_gps_msgs/include/waterlinked_gps_msgs/PositionAcousticFiltered.h, /home/nyuad/NYUAD-ROV-Capstone-Repo/devel/include/waterlinked_gps_msgs/PositionAcousticFiltered.h)
Linked: (/home/nyuad/NYUAD-ROV-Capstone-Repo/devel/.private/waterlinked_gps_msgs/include/waterlinked_gps_msgs/PositionGlobal.h, /home/nyuad/NYUAD-ROV-Capstone-Repo/devel/include/waterlinked_gps_msgs/PositionGlobal.h)
Linked: (/home/nyuad/NYUAD-ROV-Capstone-Repo/devel/.private/waterlinked_gps_msgs/include/waterlinked_gps_msgs/AboutTemperature.h, /home/nyuad/NYUAD-ROV-Capstone-Repo/devel/include/waterlinked_gps_msgs/AboutTemperature.h)
Linked: (/home/nyuad/NYUAD-ROV-Capstone-Repo/devel/.private/waterlinked_gps_msgs/include/waterlinked_gps_msgs/ConfigGeneric.h, /home/nyuad/NYUAD-ROV-Capstone-Repo/devel/include/waterlinked_gps_msgs/ConfigGeneric.h)
Linked: (/home/nyuad/NYUAD-ROV-Capstone-Repo/devel/.private/waterlinked_gps_msgs/include/waterlinked_gps_msgs/About.h, /home/nyuad/NYUAD-ROV-Capstone-Repo/devel/include/waterlinked_gps_msgs/About.h)
Linked: (/home/nyuad/NYUAD-ROV-Capstone-Repo/devel/.private/waterlinked_gps_msgs/include/waterlinked_gps_msgs/ConfigReceivers.h, /home/nyuad/NYUAD-ROV-Capstone-Repo/devel/include/waterlinked_gps_msgs/ConfigReceivers.h)
Linked: (/home/nyuad/NYUAD-ROV-Capstone-Repo/devel/.private/waterlinked_gps_msgs/lib/pkgconfig/waterlinked_gps_msgs.pc, /home/nyuad/NYUAD-ROV-Capstone-Repo/devel/lib/pkgconfig/waterlinked_gps_msgs.pc)
Linked: (/home/nyuad/NYUAD-ROV-Capstone-Repo/devel/.private/waterlinked_gps_msgs/lib/python2.7/dist-packages/waterlinked_gps_msgs/__init__.py, /home/nyuad/NYUAD-ROV-Capstone-Repo/devel/lib/python2.7/dist-packages/waterlinked_gps_msgs/__init__.py)
Linked: (/home/nyuad/NYUAD-ROV-Capstone-Repo/devel/.private/waterlinked_gps_msgs/lib/python2.7/dist-packages/waterlinked_gps_msgs/msg/_PositionAcousticFiltered.py, /home/nyuad/NYUAD-ROV-Capstone-Repo/devel/lib/python2.7/dist-packages/waterlinked_gps_msgs/msg/_PositionAcousticFiltered.py)
Linked: (/home/nyuad/NYUAD-ROV-Capstone-Repo/devel/.private/waterlinked_gps_msgs/lib/python2.7/dist-packages/waterlinked_gps_msgs/msg/__init__.py, /home/nyuad/NYUAD-ROV-Capstone-Repo/devel/lib/python2.7/dist-packages/waterlinked_gps_msgs/msg/__init__.py)
Linked: (/home/nyuad/NYUAD-ROV-Capstone-Repo/devel/.private/waterlinked_gps_msgs/lib/python2.7/dist-packages/waterlinked_gps_msgs/msg/_AboutStatus.py, /home/nyuad/NYUAD-ROV-Capstone-Repo/devel/lib/python2.7/dist-packages/waterlinked_gps_msgs/msg/_AboutStatus.py)
Linked: (/home/nyuad/NYUAD-ROV-Capstone-Repo/devel/.private/waterlinked_gps_msgs/lib/python2.7/dist-packages/waterlinked_gps_msgs/msg/_PositionGlobal.py, /home/nyuad/NYUAD-ROV-Capstone-Repo/devel/lib/python2.7/dist-packages/waterlinked_gps_msgs/msg/_PositionGlobal.py)
Linked: (/home/nyuad/NYUAD-ROV-Capstone-Repo/devel/.private/waterlinked_gps_msgs/lib/python2.7/dist-packages/waterlinked_gps_msgs/msg/_PositionMaster.py, /home/nyuad/NYUAD-ROV-Capstone-Repo/devel/lib/python2.7/dist-packages/waterlinked_gps_msgs/msg/_PositionMaster.py)
Linked: (/home/nyuad/NYUAD-ROV-Capstone-Repo/devel/.private/waterlinked_gps_msgs/lib/python2.7/dist-packages/waterlinked_gps_msgs/msg/_PositionAcousticRaw.py, /home/nyuad/NYUAD-ROV-Capstone-Repo/devel/lib/python2.7/dist-packages/waterlinked_gps_msgs/msg/_PositionAcousticRaw.py)
Linked: (/home/nyuad/NYUAD-ROV-Capstone-Repo/devel/.private/waterlinked_gps_msgs/lib/python2.7/dist-packages/waterlinked_gps_msgs/msg/_AboutTemperature.py, /home/nyuad/NYUAD-ROV-Capstone-Repo/devel/lib/python2.7/dist-packages/waterlinked_gps_msgs/msg/_AboutTemperature.py)
Linked: (/home/nyuad/NYUAD-ROV-Capstone-Repo/devel/.private/waterlinked_gps_msgs/lib/python2.7/dist-packages/waterlinked_gps_msgs/msg/_About.py, /home/nyuad/NYUAD-ROV-Capstone-Repo/devel/lib/python2.7/dist-packages/waterlinked_gps_msgs/msg/_About.py)
Linked: (/home/nyuad/NYUAD-ROV-Capstone-Repo/devel/.private/waterlinked_gps_msgs/lib/python2.7/dist-packages/waterlinked_gps_msgs/msg/_ConfigGeneric.py, /home/nyuad/NYUAD-ROV-Capstone-Repo/devel/lib/python2.7/dist-packages/waterlinked_gps_msgs/msg/_ConfigGeneric.py)
Linked: (/home/nyuad/NYUAD-ROV-Capstone-Repo/devel/.private/waterlinked_gps_msgs/lib/python2.7/dist-packages/waterlinked_gps_msgs/msg/_ConfigReceivers.py, /home/nyuad/NYUAD-ROV-Capstone-Repo/devel/lib/python2.7/dist-packages/waterlinked_gps_msgs/msg/_ConfigReceivers.py)
Linked: (/home/nyuad/NYUAD-ROV-Capstone-Repo/devel/.private/waterlinked_gps_msgs/lib/python2.7/dist-packages/waterlinked_gps_msgs/msg/_Receiver.py, /home/nyuad/NYUAD-ROV-Capstone-Repo/devel/lib/python2.7/dist-packages/waterlinked_gps_msgs/msg/_Receiver.py)
Linked: (/home/nyuad/NYUAD-ROV-Capstone-Repo/devel/.private/waterlinked_gps_msgs/lib/python2.7/dist-packages/waterlinked_gps_msgs/msg/_ExternalOrientation.py, /home/nyuad/NYUAD-ROV-Capstone-Repo/devel/lib/python2.7/dist-packages/waterlinked_gps_msgs/msg/_ExternalOrientation.py)
