[  0%] Built target actionlib_msgs_generate_messages_lisp
[  0%] Built target std_msgs_generate_messages_nodejs
[  0%] Built target trajectory_msgs_generate_messages_nodejs
[  0%] Built target std_msgs_generate_messages_lisp
[  0%] Built target actionlib_msgs_generate_messages_nodejs
[  0%] Built target trajectory_msgs_generate_messages_lisp
[  5%] Built target action_controller
[  5%] Built target _action_controller_generate_messages_check_deps_MultiDofFollowJointTrajectoryAction
[  5%] Built target _action_controller_generate_messages_check_deps_MultiDofFollowJointTrajectoryResult
[  5%] Built target std_msgs_generate_messages_eus
[  5%] Built target std_msgs_generate_messages_py
[  5%] Built target actionlib_msgs_generate_messages_cpp
[  5%] Built target trajectory_msgs_generate_messages_cpp
[  5%] Built target trajectory_msgs_generate_messages_eus
[  5%] Built target _action_controller_generate_messages_check_deps_MultiDofFollowJointTrajectoryFeedback
[  5%] Built target _action_controller_generate_messages_check_deps_MultiDofFollowJointTrajectoryActionFeedback
[  5%] Built target actionlib_msgs_generate_messages_eus
[  5%] Built target _action_controller_generate_messages_check_deps_MultiDofFollowJointTrajectoryActionResult
[  5%] Built target _action_controller_generate_messages_check_deps_MultiDofFollowJointTrajectoryActionGoal
[  5%] Built target trajectory_msgs_generate_messages_py
[  5%] Built target std_msgs_generate_messages_cpp
[  5%] Built target _action_controller_generate_messages_check_deps_MultiDofFollowJointTrajectoryGoal
[  5%] Built target actionlib_msgs_generate_messages_py
[ 25%] Built target action_controller_generate_messages_eus
[ 48%] Built target action_controller_generate_messages_lisp
[ 61%] Built target action_controller_generate_messages_nodejs
[ 82%] Built target action_controller_generate_messages_py
[100%] Built target action_controller_generate_messages_cpp
[100%] Built target action_controller_generate_messages
