In file included from /home/nyuad/NYUAD-ROV-Capstone-Repo/src/pointcloud_registration/src/pointcloud_registration_node.cpp:38:0:
/usr/include/pcl-1.8/pcl/ros/conversions.h:44:2: warning: #warning The <pcl/ros/conversions.h> header is deprecated. please use <pcl/conversions.h> instead. [-Wcpp]
 #warning The <pcl/ros/conversions.h> header is deprecated. please use \
  ^~~~~~~
In file included from /home/nyuad/NYUAD-ROV-Capstone-Repo/src/pointcloud_registration/include/pointcloud_registration/pointcloud_registration_point_types.h:36:0,
                 from /home/nyuad/NYUAD-ROV-Capstone-Repo/src/pointcloud_registration/src/pointcloud_registration_node.cpp:43:
/usr/include/pcl-1.8/pcl/ros/register_point_struct.h:45:2: warning: #warning The <pcl/ros/register_point_struct.h> header is deprecated. please use <pcl/register_point_struct.h> instead. [-Wcpp]
 #warning The <pcl/ros/register_point_struct.h> header is deprecated. please use \
  ^~~~~~~
In file included from /opt/ros/melodic/include/ros/ros.h:40:0,
                 from /home/nyuad/NYUAD-ROV-Capstone-Repo/src/pointcloud_registration/src/pointcloud_registration_node.cpp:39:
/home/nyuad/NYUAD-ROV-Capstone-Repo/src/pointcloud_registration/include/pointcloud_registration/icp/icp_correspondences_check.h: In instantiation of ‘void pcl::IterativeClosestPointCorrespondencesCheck<PointSource, PointTarget>::computeTransformation(pcl::IterativeClosestPointCorrespondencesCheck<PointSource, PointTarget>::PointCloudSource&) [with PointSource = pcl::PointXYZ; PointTarget = pcl::PointXYZ; pcl::IterativeClosestPointCorrespondencesCheck<PointSource, PointTarget>::PointCloudSource = pcl::PointCloud<pcl::PointXYZ>]’:
/home/nyuad/NYUAD-ROV-Capstone-Repo/src/pointcloud_registration/src/pointcloud_registration_node.cpp:461:1:   required from here
/opt/ros/melodic/include/ros/console.h:348:26: warning: too many arguments for format [-Wformat-extra-args]
     ::ros::console::print(filter, __rosconsole_define_location__loc.logger_, __rosconsole_define_location__loc.level_, __FILE__, __LINE__, __ROSCONSOLE_FUNCTION__, __VA_ARGS__)
     ~~~~~~~~~~~~~~~~~~~~~^~~~~~~~~~~~~~~~~~~~~~~~~~~~~~~~~~~~~~~~~~~~~~~~~~~~~~~~~~~~~~~~~~~~~~~~~~~~~~~~~~~~~~~~~~~~~~~~~~~~~~~~~~~~~~~~~~~~~~~~~~~~~~~~~~~~~~~~~~~~~~~~~~~~~~~
/opt/ros/melodic/include/ros/console.h:351:5: note: in expansion of macro ‘ROSCONSOLE_PRINT_AT_LOCATION_WITH_FILTER’
     ROSCONSOLE_PRINT_AT_LOCATION_WITH_FILTER(NULL, __VA_ARGS__)
     ^~~~~~~~~~~~~~~~~~~~~~~~~~~~~~~~~~~~~~~~
/opt/ros/melodic/include/ros/console.h:387:7: note: in expansion of macro ‘ROSCONSOLE_PRINT_AT_LOCATION’
       ROSCONSOLE_PRINT_AT_LOCATION(__VA_ARGS__); \
       ^~~~~~~~~~~~~~~~~~~~~~~~~~~~
/opt/ros/melodic/include/ros/console.h:572:35: note: in expansion of macro ‘ROS_LOG_COND’
 #define ROS_LOG(level, name, ...) ROS_LOG_COND(true, level, name, __VA_ARGS__)
                                   ^~~~~~~~~~~~
/opt/ros/melodic/include/rosconsole/macros_generated.h:162:23: note: in expansion of macro ‘ROS_LOG’
 #define ROS_WARN(...) ROS_LOG(::ros::console::levels::Warn, ROSCONSOLE_DEFAULT_NAME, __VA_ARGS__)
                       ^~~~~~~
/home/nyuad/NYUAD-ROV-Capstone-Repo/src/pointcloud_registration/include/pointcloud_registration/icp/icp_correspondences_check.h:187:13: note: in expansion of macro ‘ROS_WARN’
             ROS_WARN("[IterativeClosestPointCorrespondencesCheck:] No correspondences found. Try to relax the conditions.", getClassName().c_str());
             ^
/opt/ros/melodic/include/ros/console.h:348:26: warning: format ‘%d’ expects argument of type ‘int’, but argument 8 has type ‘const char*’ [-Wformat=]
     ::ros::console::print(filter, __rosconsole_define_location__loc.logger_, __rosconsole_define_location__loc.level_, __FILE__, __LINE__, __ROSCONSOLE_FUNCTION__, __VA_ARGS__)
     ~~~~~~~~~~~~~~~~~~~~~^~~~~~~~~~~~~~~~~~~~~~~~~~~~~~~~~~~~~~~~~~~~~~~~~~~~~~~~~~~~~~~~~~~~~~~~~~~~~~~~~~~~~~~~~~~~~~~~~~~~~~~~~~~~~~~~~~~~~~~~~~~~~~~~~~~~~~~~~~~~~~~~~~~~~~~
/opt/ros/melodic/include/ros/console.h:351:5: note: in expansion of macro ‘ROSCONSOLE_PRINT_AT_LOCATION_WITH_FILTER’
     ROSCONSOLE_PRINT_AT_LOCATION_WITH_FILTER(NULL, __VA_ARGS__)
     ^~~~~~~~~~~~~~~~~~~~~~~~~~~~~~~~~~~~~~~~
/opt/ros/melodic/include/ros/console.h:387:7: note: in expansion of macro ‘ROSCONSOLE_PRINT_AT_LOCATION’
       ROSCONSOLE_PRINT_AT_LOCATION(__VA_ARGS__); \
       ^~~~~~~~~~~~~~~~~~~~~~~~~~~~
/opt/ros/melodic/include/ros/console.h:572:35: note: in expansion of macro ‘ROS_LOG_COND’
 #define ROS_LOG(level, name, ...) ROS_LOG_COND(true, level, name, __VA_ARGS__)
                                   ^~~~~~~~~~~~
/opt/ros/melodic/include/rosconsole/macros_generated.h:110:23: note: in expansion of macro ‘ROS_LOG’
 #define ROS_INFO(...) ROS_LOG(::ros::console::levels::Info, ROSCONSOLE_DEFAULT_NAME, __VA_ARGS__)
                       ^~~~~~~
/home/nyuad/NYUAD-ROV-Capstone-Repo/src/pointcloud_registration/include/pointcloud_registration/icp/icp_correspondences_check.h:240:13: note: in expansion of macro ‘ROS_INFO’
             ROS_INFO ("[IterativeClosestPointCorrespondencesCheck:] Convergence reached. Number of iterations: %d out of %d. Transformation difference: %g",
             ^
/opt/ros/melodic/include/ros/console.h:348:26: warning: format ‘%g’ expects argument of type ‘double’, but argument 10 has type ‘int’ [-Wformat=]
     ::ros::console::print(filter, __rosconsole_define_location__loc.logger_, __rosconsole_define_location__loc.level_, __FILE__, __LINE__, __ROSCONSOLE_FUNCTION__, __VA_ARGS__)
     ~~~~~~~~~~~~~~~~~~~~~^~~~~~~~~~~~~~~~~~~~~~~~~~~~~~~~~~~~~~~~~~~~~~~~~~~~~~~~~~~~~~~~~~~~~~~~~~~~~~~~~~~~~~~~~~~~~~~~~~~~~~~~~~~~~~~~~~~~~~~~~~~~~~~~~~~~~~~~~~~~~~~~~~~~~~~
/opt/ros/melodic/include/ros/console.h:351:5: note: in expansion of macro ‘ROSCONSOLE_PRINT_AT_LOCATION_WITH_FILTER’
     ROSCONSOLE_PRINT_AT_LOCATION_WITH_FILTER(NULL, __VA_ARGS__)
     ^~~~~~~~~~~~~~~~~~~~~~~~~~~~~~~~~~~~~~~~
/opt/ros/melodic/include/ros/console.h:387:7: note: in expansion of macro ‘ROSCONSOLE_PRINT_AT_LOCATION’
       ROSCONSOLE_PRINT_AT_LOCATION(__VA_ARGS__); \
       ^~~~~~~~~~~~~~~~~~~~~~~~~~~~
/opt/ros/melodic/include/ros/console.h:572:35: note: in expansion of macro ‘ROS_LOG_COND’
 #define ROS_LOG(level, name, ...) ROS_LOG_COND(true, level, name, __VA_ARGS__)
                                   ^~~~~~~~~~~~
/opt/ros/melodic/include/rosconsole/macros_generated.h:110:23: note: in expansion of macro ‘ROS_LOG’
 #define ROS_INFO(...) ROS_LOG(::ros::console::levels::Info, ROSCONSOLE_DEFAULT_NAME, __VA_ARGS__)
                       ^~~~~~~
/home/nyuad/NYUAD-ROV-Capstone-Repo/src/pointcloud_registration/include/pointcloud_registration/icp/icp_correspondences_check.h:240:13: note: in expansion of macro ‘ROS_INFO’
             ROS_INFO ("[IterativeClosestPointCorrespondencesCheck:] Convergence reached. Number of iterations: %d out of %d. Transformation difference: %g",
             ^
/opt/ros/melodic/include/ros/console.h:348:26: warning: too many arguments for format [-Wformat-extra-args]
     ::ros::console::print(filter, __rosconsole_define_location__loc.logger_, __rosconsole_define_location__loc.level_, __FILE__, __LINE__, __ROSCONSOLE_FUNCTION__, __VA_ARGS__)
     ~~~~~~~~~~~~~~~~~~~~~^~~~~~~~~~~~~~~~~~~~~~~~~~~~~~~~~~~~~~~~~~~~~~~~~~~~~~~~~~~~~~~~~~~~~~~~~~~~~~~~~~~~~~~~~~~~~~~~~~~~~~~~~~~~~~~~~~~~~~~~~~~~~~~~~~~~~~~~~~~~~~~~~~~~~~~
/opt/ros/melodic/include/ros/console.h:351:5: note: in expansion of macro ‘ROSCONSOLE_PRINT_AT_LOCATION_WITH_FILTER’
     ROSCONSOLE_PRINT_AT_LOCATION_WITH_FILTER(NULL, __VA_ARGS__)
     ^~~~~~~~~~~~~~~~~~~~~~~~~~~~~~~~~~~~~~~~
/opt/ros/melodic/include/ros/console.h:387:7: note: in expansion of macro ‘ROSCONSOLE_PRINT_AT_LOCATION’
       ROSCONSOLE_PRINT_AT_LOCATION(__VA_ARGS__); \
       ^~~~~~~~~~~~~~~~~~~~~~~~~~~~
/opt/ros/melodic/include/ros/console.h:572:35: note: in expansion of macro ‘ROS_LOG_COND’
 #define ROS_LOG(level, name, ...) ROS_LOG_COND(true, level, name, __VA_ARGS__)
                                   ^~~~~~~~~~~~
/opt/ros/melodic/include/rosconsole/macros_generated.h:110:23: note: in expansion of macro ‘ROS_LOG’
 #define ROS_INFO(...) ROS_LOG(::ros::console::levels::Info, ROSCONSOLE_DEFAULT_NAME, __VA_ARGS__)
                       ^~~~~~~
/home/nyuad/NYUAD-ROV-Capstone-Repo/src/pointcloud_registration/include/pointcloud_registration/icp/icp_correspondences_check.h:240:13: note: in expansion of macro ‘ROS_INFO’
             ROS_INFO ("[IterativeClosestPointCorrespondencesCheck:] Convergence reached. Number of iterations: %d out of %d. Transformation difference: %g",
             ^
